2019-04-24 17:46:43.465 [restartedMain] INFO  com.jxtele.projectmanage.ProjectmanageApplication - Starting ProjectmanageApplication on gleamora-hp-probook-6470b3-8-gib with PID 23235 (/home/gleamora/Work/version/projectmanage/target/classes started by gleamora in /home/gleamora/Work/version)
2019-04-24 17:46:43.466 [restartedMain] INFO  com.jxtele.projectmanage.ProjectmanageApplication - No active profile set, falling back to default profiles: default
2019-04-24 17:46:44.016 [background-preinit] INFO  org.hibernate.validator.internal.util.Version - HV000001: Hibernate Validator 5.3.6.Final
2019-04-24 17:46:44.467 [restartedMain] INFO  o.s.b.c.e.AnnotationConfigEmbeddedWebApplicationContext - Refreshing org.springframework.boot.context.embedded.AnnotationConfigEmbeddedWebApplicationContext@2eebb4d5: startup date [Wed Apr 24 17:46:44 CST 2019]; root of context hierarchy
2019-04-24 17:46:49.334 [restartedMain] INFO  o.s.b.c.e.tomcat.TomcatEmbeddedServletContainer - Tomcat initialized with port(s): 8081 (http)
2019-04-24 17:46:49.404 [restartedMain] INFO  org.apache.coyote.http11.Http11NioProtocol - Initializing ProtocolHandler ["http-nio-8081"]
2019-04-24 17:46:49.493 [restartedMain] INFO  org.apache.catalina.core.StandardService - Starting service [Tomcat]
2019-04-24 17:46:49.494 [restartedMain] INFO  org.apache.catalina.core.StandardEngine - Starting Servlet Engine: Apache Tomcat/8.5.37
2019-04-24 17:46:49.790 [localhost-startStop-1] INFO  o.a.c.core.ContainerBase.[Tomcat].[localhost].[/] - Initializing Spring embedded WebApplicationContext
2019-04-24 17:46:49.790 [localhost-startStop-1] INFO  org.springframework.web.context.ContextLoader - Root WebApplicationContext: initialization completed in 5324 ms
2019-04-24 17:46:52.789 [localhost-startStop-1] INFO  o.s.boot.web.servlet.FilterRegistrationBean - Mapping filter: 'characterEncodingFilter' to: [/*]
2019-04-24 17:46:52.789 [localhost-startStop-1] INFO  o.s.boot.web.servlet.FilterRegistrationBean - Mapping filter: 'hiddenHttpMethodFilter' to: [/*]
2019-04-24 17:46:52.790 [localhost-startStop-1] INFO  o.s.boot.web.servlet.FilterRegistrationBean - Mapping filter: 'httpPutFormContentFilter' to: [/*]
2019-04-24 17:46:52.790 [localhost-startStop-1] INFO  o.s.boot.web.servlet.FilterRegistrationBean - Mapping filter: 'requestContextFilter' to: [/*]
2019-04-24 17:46:52.790 [localhost-startStop-1] INFO  o.s.boot.web.servlet.FilterRegistrationBean - Mapping filter: 'webStatFilter' to urls: [/*]
2019-04-24 17:46:52.790 [localhost-startStop-1] INFO  o.s.boot.web.servlet.FilterRegistrationBean - Mapping filter: 'loginFilter' to urls: [/*]
2019-04-24 17:46:52.790 [localhost-startStop-1] INFO  o.s.boot.web.servlet.ServletRegistrationBean - Mapping servlet: 'dispatcherServlet' to [/]
2019-04-24 17:46:54.536 [restartedMain] INFO  o.s.w.s.m.m.a.RequestMappingHandlerAdapter - Looking for @ControllerAdvice: org.springframework.boot.context.embedded.AnnotationConfigEmbeddedWebApplicationContext@2eebb4d5: startup date [Wed Apr 24 17:46:44 CST 2019]; root of context hierarchy
2019-04-24 17:46:54.650 [restartedMain] INFO  c.j.p.i.InterceptorAdapter$$EnhancerBySpringCGLIB$$7424c58d - 拦截
2019-04-24 17:46:54.746 [restartedMain] INFO  o.s.w.s.m.m.a.RequestMappingHandlerMapping - Mapped "{[/alterschedule/edit],methods=[POST]}" onto public java.lang.Object com.jxtele.projectmanage.controller.AlterScheduleController.edit(com.jxtele.projectmanage.entity.AlterSchedule,org.springframework.web.multipart.MultipartFile)
2019-04-24 17:46:54.748 [restartedMain] INFO  o.s.w.s.m.m.a.RequestMappingHandlerMapping - Mapped "{[/alterschedule/del/{id}],methods=[GET]}" onto public java.lang.Object com.jxtele.projectmanage.controller.AlterScheduleController.del(java.lang.Integer)
2019-04-24 17:46:54.748 [restartedMain] INFO  o.s.w.s.m.m.a.RequestMappingHandlerMapping - Mapped "{[/alterschedule/getAllfile/{id}],methods=[GET]}" onto public java.lang.Object com.jxtele.projectmanage.controller.AlterScheduleController.getAllfile(java.lang.Integer)
2019-04-24 17:46:54.749 [restartedMain] INFO  o.s.w.s.m.m.a.RequestMappingHandlerMapping - Mapped "{[/alterschedule/add],methods=[POST]}" onto public java.lang.Object com.jxtele.projectmanage.controller.AlterScheduleController.add(com.jxtele.projectmanage.entity.AlterSchedule,org.springframework.web.multipart.MultipartFile)
2019-04-24 17:46:54.749 [restartedMain] INFO  o.s.w.s.m.m.a.RequestMappingHandlerMapping - Mapped "{[/alterschedule/list],methods=[GET]}" onto public org.springframework.web.servlet.ModelAndView com.jxtele.projectmanage.controller.AlterScheduleController.list(org.springframework.ui.ModelMap)
2019-04-24 17:46:54.753 [restartedMain] INFO  o.s.w.s.m.m.a.RequestMappingHandlerMapping - Mapped "{[/upload/edit],methods=[POST]}" onto public java.lang.Object com.jxtele.projectmanage.controller.AttachmentFileController.edit(com.jxtele.projectmanage.entity.AttachmentFile)
2019-04-24 17:46:54.754 [restartedMain] INFO  o.s.w.s.m.m.a.RequestMappingHandlerMapping - Mapped "{[/upload/del/{id}],methods=[GET]}" onto public java.lang.Object com.jxtele.projectmanage.controller.AttachmentFileController.del(java.lang.Integer)
2019-04-24 17:46:54.754 [restartedMain] INFO  o.s.w.s.m.m.a.RequestMappingHandlerMapping - Mapped "{[/upload/downloadFile]}" onto public void com.jxtele.projectmanage.controller.AttachmentFileController.downloads(javax.servlet.http.HttpServletRequest,javax.servlet.http.HttpServletResponse,java.lang.Integer) throws java.lang.Exception
2019-04-24 17:46:54.755 [restartedMain] INFO  o.s.w.s.m.m.a.RequestMappingHandlerMapping - Mapped "{[/upload/fileup],methods=[POST]}" onto public java.lang.String com.jxtele.projectmanage.controller.AttachmentFileController.upload(org.springframework.web.multipart.MultipartFile,com.jxtele.projectmanage.entity.AttachmentFile)
2019-04-24 17:46:54.755 [restartedMain] INFO  o.s.w.s.m.m.a.RequestMappingHandlerMapping - Mapped "{[/upload/list/{id}],methods=[GET]}" onto public org.springframework.web.servlet.ModelAndView com.jxtele.projectmanage.controller.AttachmentFileController.list(java.lang.Integer,org.springframework.ui.ModelMap)
2019-04-24 17:46:54.757 [restartedMain] INFO  o.s.w.s.m.m.a.RequestMappingHandlerMapping - Mapped "{[/communication/edit],methods=[POST]}" onto public java.lang.Object com.jxtele.projectmanage.controller.CommunicationController.edit(com.jxtele.projectmanage.entity.Communication,org.springframework.web.multipart.MultipartFile)
2019-04-24 17:46:54.757 [restartedMain] INFO  o.s.w.s.m.m.a.RequestMappingHandlerMapping - Mapped "{[/communication/del/{id}],methods=[GET]}" onto public java.lang.Object com.jxtele.projectmanage.controller.CommunicationController.del(java.lang.Integer)
2019-04-24 17:46:54.758 [restartedMain] INFO  o.s.w.s.m.m.a.RequestMappingHandlerMapping - Mapped "{[/communication/getAllfile/{id}],methods=[GET]}" onto public java.lang.Object com.jxtele.projectmanage.controller.CommunicationController.getAllfile(java.lang.Integer)
2019-04-24 17:46:54.758 [restartedMain] INFO  o.s.w.s.m.m.a.RequestMappingHandlerMapping - Mapped "{[/communication/add],methods=[POST]}" onto public java.lang.Object com.jxtele.projectmanage.controller.CommunicationController.add(com.jxtele.projectmanage.entity.Communication,org.springframework.web.multipart.MultipartFile)
2019-04-24 17:46:54.759 [restartedMain] INFO  o.s.w.s.m.m.a.RequestMappingHandlerMapping - Mapped "{[/communication/list],methods=[GET]}" onto public org.springframework.web.servlet.ModelAndView com.jxtele.projectmanage.controller.CommunicationController.list(org.springframework.ui.ModelMap)
2019-04-24 17:46:54.760 [restartedMain] INFO  o.s.w.s.m.m.a.RequestMappingHandlerMapping - Mapped "{[/communfiles/list]}" onto public org.springframework.web.servlet.ModelAndView com.jxtele.projectmanage.controller.CommunicationFileManageController.list(org.springframework.ui.ModelMap)
2019-04-24 17:46:54.762 [restartedMain] INFO  o.s.w.s.m.m.a.RequestMappingHandlerMapping - Mapped "{[/communicationrecord/edit],methods=[POST]}" onto public java.lang.Object com.jxtele.projectmanage.controller.CommunicationRecordController.edit(com.jxtele.projectmanage.entity.CommunicationRecord,org.springframework.web.multipart.MultipartFile)
2019-04-24 17:46:54.762 [restartedMain] INFO  o.s.w.s.m.m.a.RequestMappingHandlerMapping - Mapped "{[/communicationrecord/del/{id}],methods=[GET]}" onto public java.lang.Object com.jxtele.projectmanage.controller.CommunicationRecordController.del(java.lang.Integer)
2019-04-24 17:46:54.763 [restartedMain] INFO  o.s.w.s.m.m.a.RequestMappingHandlerMapping - Mapped "{[/communicationrecord/getAllfile/{id}],methods=[GET]}" onto public java.lang.Object com.jxtele.projectmanage.controller.CommunicationRecordController.getAllfile(java.lang.Integer)
2019-04-24 17:46:54.763 [restartedMain] INFO  o.s.w.s.m.m.a.RequestMappingHandlerMapping - Mapped "{[/communicationrecord/add],methods=[POST]}" onto public java.lang.Object com.jxtele.projectmanage.controller.CommunicationRecordController.add(com.jxtele.projectmanage.entity.CommunicationRecord,org.springframework.web.multipart.MultipartFile)
2019-04-24 17:46:54.763 [restartedMain] INFO  o.s.w.s.m.m.a.RequestMappingHandlerMapping - Mapped "{[/communicationrecord/list],methods=[GET]}" onto public org.springframework.web.servlet.ModelAndView com.jxtele.projectmanage.controller.CommunicationRecordController.list(org.springframework.ui.ModelMap)
2019-04-24 17:46:54.765 [restartedMain] INFO  o.s.w.s.m.m.a.RequestMappingHandlerMapping - Mapped "{[/engineertemplet/edit],methods=[POST]}" onto public java.lang.Object com.jxtele.projectmanage.controller.EngineerTempletController.edit(com.jxtele.projectmanage.entity.EngineerTemplet)
2019-04-24 17:46:54.765 [restartedMain] INFO  o.s.w.s.m.m.a.RequestMappingHandlerMapping - Mapped "{[/engineertemplet/del/{id}],methods=[GET]}" onto public java.lang.Object com.jxtele.projectmanage.controller.EngineerTempletController.del(java.lang.Integer)
2019-04-24 17:46:54.765 [restartedMain] INFO  o.s.w.s.m.m.a.RequestMappingHandlerMapping - Mapped "{[/engineertemplet/getAllprojectByTeam],methods=[GET]}" onto public java.lang.Object com.jxtele.projectmanage.controller.EngineerTempletController.getAllprojectByTeam()
2019-04-24 17:46:54.766 [restartedMain] INFO  o.s.w.s.m.m.a.RequestMappingHandlerMapping - Mapped "{[/engineertemplet/usertempletList],methods=[GET]}" onto public java.lang.Object com.jxtele.projectmanage.controller.EngineerTempletController.usertempletList()
2019-04-24 17:46:54.766 [restartedMain] INFO  o.s.w.s.m.m.a.RequestMappingHandlerMapping - Mapped "{[/engineertemplet/getAllproject],methods=[GET]}" onto public java.lang.Object com.jxtele.projectmanage.controller.EngineerTempletController.getAllproject()
2019-04-24 17:46:54.766 [restartedMain] INFO  o.s.w.s.m.m.a.RequestMappingHandlerMapping - Mapped "{[/engineertemplet/getProjectByUser],methods=[GET]}" onto public java.lang.Object com.jxtele.projectmanage.controller.EngineerTempletController.getProjectByUser()
2019-04-24 17:46:54.766 [restartedMain] INFO  o.s.w.s.m.m.a.RequestMappingHandlerMapping - Mapped "{[/engineertemplet/add],methods=[POST]}" onto public java.lang.Object com.jxtele.projectmanage.controller.EngineerTempletController.add()
2019-04-24 17:46:54.767 [restartedMain] INFO  o.s.w.s.m.m.a.RequestMappingHandlerMapping - Mapped "{[/error/{pageNumber}]}" onto public java.lang.String com.jxtele.projectmanage.controller.ErrorController.error400(java.lang.String)
2019-04-24 17:46:54.769 [restartedMain] INFO  o.s.w.s.m.m.a.RequestMappingHandlerMapping - Mapped "{[/enaluation/edit],methods=[POST]}" onto public java.lang.Object com.jxtele.projectmanage.controller.Evaluationcontroller.edit(com.jxtele.projectmanage.entity.Evaluation)
2019-04-24 17:46:54.769 [restartedMain] INFO  o.s.w.s.m.m.a.RequestMappingHandlerMapping - Mapped "{[/enaluation/del/{id}],methods=[GET]}" onto public java.lang.Object com.jxtele.projectmanage.controller.Evaluationcontroller.del(java.lang.Integer)
2019-04-24 17:46:54.769 [restartedMain] INFO  o.s.w.s.m.m.a.RequestMappingHandlerMapping - Mapped "{[/enaluation/add],methods=[POST]}" onto public java.lang.Object com.jxtele.projectmanage.controller.Evaluationcontroller.add(com.jxtele.projectmanage.entity.Evaluation)
2019-04-24 17:46:54.770 [restartedMain] INFO  o.s.w.s.m.m.a.RequestMappingHandlerMapping - Mapped "{[/enaluation/list],methods=[GET]}" onto public org.springframework.web.servlet.ModelAndView com.jxtele.projectmanage.controller.Evaluationcontroller.list(org.springframework.ui.ModelMap)
2019-04-24 17:46:54.771 [restartedMain] INFO  o.s.w.s.m.m.a.RequestMappingHandlerMapping - Mapped "{[/factschedule/edit],methods=[POST]}" onto public java.lang.Object com.jxtele.projectmanage.controller.FactScheduleleController.edit(com.jxtele.projectmanage.entity.FactSchedule)
2019-04-24 17:46:54.771 [restartedMain] INFO  o.s.w.s.m.m.a.RequestMappingHandlerMapping - Mapped "{[/factschedule/del/{id}],methods=[GET]}" onto public java.lang.Object com.jxtele.projectmanage.controller.FactScheduleleController.del(java.lang.Integer)
2019-04-24 17:46:54.771 [restartedMain] INFO  o.s.w.s.m.m.a.RequestMappingHandlerMapping - Mapped "{[/factschedule/add],methods=[POST]}" onto public java.lang.Object com.jxtele.projectmanage.controller.FactScheduleleController.add(com.jxtele.projectmanage.entity.FactSchedule)
2019-04-24 17:46:54.771 [restartedMain] INFO  o.s.w.s.m.m.a.RequestMappingHandlerMapping - Mapped "{[/factschedule/list],methods=[GET]}" onto public org.springframework.web.servlet.ModelAndView com.jxtele.projectmanage.controller.FactScheduleleController.list(org.springframework.ui.ModelMap)
2019-04-24 17:46:54.772 [restartedMain] INFO  o.s.w.s.m.m.a.RequestMappingHandlerMapping - Mapped "{[/filecheck/edit],methods=[POST]}" onto public java.lang.Object com.jxtele.projectmanage.controller.FileCheckController.edit(com.jxtele.projectmanage.entity.FileCheck)
2019-04-24 17:46:54.773 [restartedMain] INFO  o.s.w.s.m.m.a.RequestMappingHandlerMapping - Mapped "{[/filecheck/del/{id}],methods=[GET]}" onto public java.lang.Object com.jxtele.projectmanage.controller.FileCheckController.del(java.lang.Integer)
2019-04-24 17:46:54.773 [restartedMain] INFO  o.s.w.s.m.m.a.RequestMappingHandlerMapping - Mapped "{[/filecheck/add],methods=[POST]}" onto public java.lang.Object com.jxtele.projectmanage.controller.FileCheckController.add(com.jxtele.projectmanage.entity.FileCheck)
2019-04-24 17:46:54.773 [restartedMain] INFO  o.s.w.s.m.m.a.RequestMappingHandlerMapping - Mapped "{[/filecheck/list],methods=[GET]}" onto public org.springframework.web.servlet.ModelAndView com.jxtele.projectmanage.controller.FileCheckController.list(org.springframework.ui.ModelMap)
2019-04-24 17:46:54.774 [restartedMain] INFO  o.s.w.s.m.m.a.RequestMappingHandlerMapping - Mapped "{[/filecheckitem/edit],methods=[POST]}" onto public java.lang.Object com.jxtele.projectmanage.controller.FileCheckItemController.edit(com.jxtele.projectmanage.entity.FileCheckItem)
2019-04-24 17:46:54.775 [restartedMain] INFO  o.s.w.s.m.m.a.RequestMappingHandlerMapping - Mapped "{[/filecheckitem/del/{id}],methods=[GET]}" onto public java.lang.Object com.jxtele.projectmanage.controller.FileCheckItemController.del(java.lang.Integer)
2019-04-24 17:46:54.775 [restartedMain] INFO  o.s.w.s.m.m.a.RequestMappingHandlerMapping - Mapped "{[/filecheckitem/add],methods=[POST]}" onto public java.lang.Object com.jxtele.projectmanage.controller.FileCheckItemController.add(com.jxtele.projectmanage.entity.FileCheckItem)
2019-04-24 17:46:54.775 [restartedMain] INFO  o.s.w.s.m.m.a.RequestMappingHandlerMapping - Mapped "{[/filecheckitem/list/{fileId}],methods=[GET]}" onto public org.springframework.web.servlet.ModelAndView com.jxtele.projectmanage.controller.FileCheckItemController.list(java.lang.Integer,org.springframework.ui.ModelMap)
2019-04-24 17:46:54.776 [restartedMain] INFO  o.s.w.s.m.m.a.RequestMappingHandlerMapping - Mapped "{[/jg]}" onto public java.lang.Object com.jxtele.projectmanage.controller.IndexController.jg(org.springframework.ui.ModelMap)
2019-04-24 17:46:54.777 [restartedMain] INFO  o.s.w.s.m.m.a.RequestMappingHandlerMapping - Mapped "{[/ || /toLogin],methods=[GET]}" onto public java.lang.String com.jxtele.projectmanage.controller.IndexController.toLogin()
2019-04-24 17:46:54.777 [restartedMain] INFO  o.s.w.s.m.m.a.RequestMappingHandlerMapping - Mapped "{[/chooseproject]}" onto public org.springframework.web.servlet.ModelAndView com.jxtele.projectmanage.controller.IndexController.chooseproject(org.springframework.ui.ModelMap)
2019-04-24 17:46:54.778 [restartedMain] INFO  o.s.w.s.m.m.a.RequestMappingHandlerMapping - Mapped "{[/login],methods=[POST]}" onto public java.lang.Object com.jxtele.projectmanage.controller.IndexController.login()
2019-04-24 17:46:54.778 [restartedMain] INFO  o.s.w.s.m.m.a.RequestMappingHandlerMapping - Mapped "{[/logout]}" onto public java.lang.String com.jxtele.projectmanage.controller.IndexController.logout()
2019-04-24 17:46:54.778 [restartedMain] INFO  o.s.w.s.m.m.a.RequestMappingHandlerMapping - Mapped "{[/index]}" onto public java.lang.String com.jxtele.projectmanage.controller.IndexController.index(org.springframework.ui.Model,java.lang.Integer,java.lang.String,java.lang.Integer,java.lang.String)
2019-04-24 17:46:54.779 [restartedMain] INFO  o.s.w.s.m.m.a.RequestMappingHandlerMapping - Mapped "{[/integral/edit],methods=[POST]}" onto public java.lang.Object com.jxtele.projectmanage.controller.IntegralController.edit(com.jxtele.projectmanage.entity.Integral)
2019-04-24 17:46:54.780 [restartedMain] INFO  o.s.w.s.m.m.a.RequestMappingHandlerMapping - Mapped "{[/integral/del/{id}],methods=[GET]}" onto public java.lang.Object com.jxtele.projectmanage.controller.IntegralController.del(java.lang.Integer)
2019-04-24 17:46:54.780 [restartedMain] INFO  o.s.w.s.m.m.a.RequestMappingHandlerMapping - Mapped "{[/integral/add],methods=[POST]}" onto public java.lang.Object com.jxtele.projectmanage.controller.IntegralController.add(com.jxtele.projectmanage.entity.Integral)
2019-04-24 17:46:54.780 [restartedMain] INFO  o.s.w.s.m.m.a.RequestMappingHandlerMapping - Mapped "{[/integral/list],methods=[GET]}" onto public org.springframework.web.servlet.ModelAndView com.jxtele.projectmanage.controller.IntegralController.list(org.springframework.ui.ModelMap)
2019-04-24 17:46:54.782 [restartedMain] INFO  o.s.w.s.m.m.a.RequestMappingHandlerMapping - Mapped "{[/integralitem/edit],methods=[POST]}" onto public java.lang.Object com.jxtele.projectmanage.controller.IntegralItemController.edit(com.jxtele.projectmanage.entity.IntegralItem,org.springframework.web.multipart.MultipartFile)
2019-04-24 17:46:54.782 [restartedMain] INFO  o.s.w.s.m.m.a.RequestMappingHandlerMapping - Mapped "{[/integralitem/del/{id}],methods=[GET]}" onto public java.lang.Object com.jxtele.projectmanage.controller.IntegralItemController.del(java.lang.Integer)
2019-04-24 17:46:54.782 [restartedMain] INFO  o.s.w.s.m.m.a.RequestMappingHandlerMapping - Mapped "{[/integralitem/getAllfile/{id}],methods=[GET]}" onto public java.lang.Object com.jxtele.projectmanage.controller.IntegralItemController.getAllfile(java.lang.Integer)
2019-04-24 17:46:54.783 [restartedMain] INFO  o.s.w.s.m.m.a.RequestMappingHandlerMapping - Mapped "{[/integralitem/add],methods=[POST]}" onto public java.lang.Object com.jxtele.projectmanage.controller.IntegralItemController.add(com.jxtele.projectmanage.entity.IntegralItem,org.springframework.web.multipart.MultipartFile,org.springframework.ui.Model)
2019-04-24 17:46:54.783 [restartedMain] INFO  o.s.w.s.m.m.a.RequestMappingHandlerMapping - Mapped "{[/integralitem/list/{integralId}/{projectId}],methods=[GET]}" onto public org.springframework.web.servlet.ModelAndView com.jxtele.projectmanage.controller.IntegralItemController.list(java.lang.Integer,java.lang.Integer,org.springframework.ui.ModelMap)
2019-04-24 17:46:54.784 [restartedMain] INFO  o.s.w.s.m.m.a.RequestMappingHandlerMapping - Mapped "{[/journal/edit],methods=[POST]}" onto public java.lang.Object com.jxtele.projectmanage.controller.JournalController.edit(com.jxtele.projectmanage.entity.Journal,org.springframework.web.multipart.MultipartFile)
2019-04-24 17:46:54.785 [restartedMain] INFO  o.s.w.s.m.m.a.RequestMappingHandlerMapping - Mapped "{[/journal/del/{id}],methods=[GET]}" onto public java.lang.Object com.jxtele.projectmanage.controller.JournalController.del(java.lang.Integer)
2019-04-24 17:46:54.785 [restartedMain] INFO  o.s.w.s.m.m.a.RequestMappingHandlerMapping - Mapped "{[/journal/delAll],methods=[GET]}" onto public java.lang.Object com.jxtele.projectmanage.controller.JournalController.del(java.lang.Integer[])
2019-04-24 17:46:54.786 [restartedMain] INFO  o.s.w.s.m.m.a.RequestMappingHandlerMapping - Mapped "{[/journal/getAllfile/{id}],methods=[GET]}" onto public java.lang.Object com.jxtele.projectmanage.controller.JournalController.getAllfile(java.lang.Integer)
2019-04-24 17:46:54.786 [restartedMain] INFO  o.s.w.s.m.m.a.RequestMappingHandlerMapping - Mapped "{[/journal/ownlist],methods=[GET]}" onto public org.springframework.web.servlet.ModelAndView com.jxtele.projectmanage.controller.JournalController.ownlist(org.springframework.ui.ModelMap)
2019-04-24 17:46:54.787 [restartedMain] INFO  o.s.w.s.m.m.a.RequestMappingHandlerMapping - Mapped "{[/journal/add],methods=[POST]}" onto public java.lang.Object com.jxtele.projectmanage.controller.JournalController.add(com.jxtele.projectmanage.entity.Journal,org.springframework.web.multipart.MultipartFile,org.springframework.ui.Model)
2019-04-24 17:46:54.787 [restartedMain] INFO  o.s.w.s.m.m.a.RequestMappingHandlerMapping - Mapped "{[/journal/list],methods=[GET]}" onto public org.springframework.web.servlet.ModelAndView com.jxtele.projectmanage.controller.JournalController.list(org.springframework.ui.ModelMap)
2019-04-24 17:46:54.789 [restartedMain] INFO  o.s.w.s.m.m.a.RequestMappingHandlerMapping - Mapped "{[/managertemplet/edit],methods=[POST]}" onto public java.lang.Object com.jxtele.projectmanage.controller.ManagerTempletController.edit(com.jxtele.projectmanage.entity.ManagerTemplet)
2019-04-24 17:46:54.789 [restartedMain] INFO  o.s.w.s.m.m.a.RequestMappingHandlerMapping - Mapped "{[/managertemplet/del/{id}],methods=[GET]}" onto public java.lang.Object com.jxtele.projectmanage.controller.ManagerTempletController.del(java.lang.Integer)
2019-04-24 17:46:54.789 [restartedMain] INFO  o.s.w.s.m.m.a.RequestMappingHandlerMapping - Mapped "{[/managertemplet/getAllprojectByTeam],methods=[GET]}" onto public java.lang.Object com.jxtele.projectmanage.controller.ManagerTempletController.getAllprojectByTeam()
2019-04-24 17:46:54.789 [restartedMain] INFO  o.s.w.s.m.m.a.RequestMappingHandlerMapping - Mapped "{[/managertemplet/usertempletList],methods=[GET]}" onto public java.lang.Object com.jxtele.projectmanage.controller.ManagerTempletController.usertempletList()
2019-04-24 17:46:54.790 [restartedMain] INFO  o.s.w.s.m.m.a.RequestMappingHandlerMapping - Mapped "{[/managertemplet/getAllproject],methods=[GET]}" onto public java.lang.Object com.jxtele.projectmanage.controller.ManagerTempletController.getAllproject()
2019-04-24 17:46:54.790 [restartedMain] INFO  o.s.w.s.m.m.a.RequestMappingHandlerMapping - Mapped "{[/managertemplet/getProjectByUser],methods=[GET]}" onto public java.lang.Object com.jxtele.projectmanage.controller.ManagerTempletController.getProjectByUser()
2019-04-24 17:46:54.790 [restartedMain] INFO  o.s.w.s.m.m.a.RequestMappingHandlerMapping - Mapped "{[/managertemplet/add],methods=[POST]}" onto public java.lang.Object com.jxtele.projectmanage.controller.ManagerTempletController.add()
2019-04-24 17:46:54.791 [restartedMain] INFO  o.s.w.s.m.m.a.RequestMappingHandlerMapping - Mapped "{[/menu/edit],methods=[POST]}" onto public java.lang.Object com.jxtele.projectmanage.controller.MenuController.edit()
2019-04-24 17:46:54.792 [restartedMain] INFO  o.s.w.s.m.m.a.RequestMappingHandlerMapping - Mapped "{[/menu/del/{menu_id}],methods=[GET]}" onto public java.lang.Object com.jxtele.projectmanage.controller.MenuController.del(java.lang.String)
2019-04-24 17:46:54.792 [restartedMain] INFO  o.s.w.s.m.m.a.RequestMappingHandlerMapping - Mapped "{[/menu/getSubMenu]}" onto public java.lang.Object com.jxtele.projectmanage.controller.MenuController.getSubMenu()
2019-04-24 17:46:54.792 [restartedMain] INFO  o.s.w.s.m.m.a.RequestMappingHandlerMapping - Mapped "{[/menu/add],methods=[POST]}" onto public java.lang.Object com.jxtele.projectmanage.controller.MenuController.add()
2019-04-24 17:46:54.793 [restartedMain] INFO  o.s.w.s.m.m.a.RequestMappingHandlerMapping - Mapped "{[/menu/query/{menu_id}],methods=[GET]}" onto public java.lang.Object com.jxtele.projectmanage.controller.MenuController.find(java.lang.String)
2019-04-24 17:46:54.793 [restartedMain] INFO  o.s.w.s.m.m.a.RequestMappingHandlerMapping - Mapped "{[/menu/list]}" onto public java.lang.String com.jxtele.projectmanage.controller.MenuController.list(org.springframework.ui.Model)
2019-04-24 17:46:54.796 [restartedMain] INFO  o.s.w.s.m.m.a.RequestMappingHandlerMapping - Mapped "{[/moneyinfo/edit],methods=[POST]}" onto public java.lang.Object com.jxtele.projectmanage.controller.MoneyInfoController.edit(com.jxtele.projectmanage.entity.MoneyInfo)
2019-04-24 17:46:54.797 [restartedMain] INFO  o.s.w.s.m.m.a.RequestMappingHandlerMapping - Mapped "{[/moneyinfo/del/{id}],methods=[GET]}" onto public java.lang.Object com.jxtele.projectmanage.controller.MoneyInfoController.del(java.lang.Integer)
2019-04-24 17:46:54.797 [restartedMain] INFO  o.s.w.s.m.m.a.RequestMappingHandlerMapping - Mapped "{[/moneyinfo/findproject/{id}],methods=[GET]}" onto public java.lang.Object com.jxtele.projectmanage.controller.MoneyInfoController.findproject(java.lang.Integer)
2019-04-24 17:46:54.797 [restartedMain] INFO  o.s.w.s.m.m.a.RequestMappingHandlerMapping - Mapped "{[/moneyinfo/monchange],methods=[POST]}" onto public java.lang.Object com.jxtele.projectmanage.controller.MoneyInfoController.monchange(com.jxtele.projectmanage.entity.MoneyInfo)
2019-04-24 17:46:54.798 [restartedMain] INFO  o.s.w.s.m.m.a.RequestMappingHandlerMapping - Mapped "{[/moneyinfo/add],methods=[POST],produces=[application/json;charset=UTF-8]}" onto public java.lang.Object com.jxtele.projectmanage.controller.MoneyInfoController.add(com.jxtele.projectmanage.entity.MoneyInfo)
2019-04-24 17:46:54.798 [restartedMain] INFO  o.s.w.s.m.m.a.RequestMappingHandlerMapping - Mapped "{[/moneyinfo/list/{id}],methods=[GET]}" onto public org.springframework.web.servlet.ModelAndView com.jxtele.projectmanage.controller.MoneyInfoController.list(java.lang.Integer,org.springframework.ui.ModelMap)
2019-04-24 17:46:54.798 [restartedMain] INFO  o.s.w.s.m.m.a.RequestMappingHandlerMapping - Mapped "{[/moneyinfo/query/{id}],methods=[GET]}" onto public java.lang.Object com.jxtele.projectmanage.controller.MoneyInfoController.query(java.lang.Integer)
2019-04-24 17:46:54.800 [restartedMain] INFO  o.s.w.s.m.m.a.RequestMappingHandlerMapping - Mapped "{[/moneyinfoitem/edit],methods=[POST]}" onto public java.lang.Object com.jxtele.projectmanage.controller.MoneyInfoItemController.edit(com.jxtele.projectmanage.entity.MoneyInfoItem)
2019-04-24 17:46:54.800 [restartedMain] INFO  o.s.w.s.m.m.a.RequestMappingHandlerMapping - Mapped "{[/moneyinfoitem/del/{id}],methods=[GET]}" onto public java.lang.Object com.jxtele.projectmanage.controller.MoneyInfoItemController.del(java.lang.Integer)
2019-04-24 17:46:54.801 [restartedMain] INFO  o.s.w.s.m.m.a.RequestMappingHandlerMapping - Mapped "{[/moneyinfoitem/add],methods=[POST]}" onto public java.lang.Object com.jxtele.projectmanage.controller.MoneyInfoItemController.add(com.jxtele.projectmanage.entity.MoneyInfoItem)
2019-04-24 17:46:54.801 [restartedMain] INFO  o.s.w.s.m.m.a.RequestMappingHandlerMapping - Mapped "{[/moneyinfoitem/list],methods=[GET]}" onto public org.springframework.web.servlet.ModelAndView com.jxtele.projectmanage.controller.MoneyInfoItemController.list(org.springframework.ui.ModelMap)
2019-04-24 17:46:54.801 [restartedMain] INFO  o.s.w.s.m.m.a.RequestMappingHandlerMapping - Mapped "{[/include/{pageName}]}" onto public java.lang.String com.jxtele.projectmanage.controller.PageController.include(java.lang.String)
2019-04-24 17:46:54.802 [restartedMain] INFO  o.s.w.s.m.m.a.RequestMappingHandlerMapping - Mapped "{[/procurement/edit],methods=[POST]}" onto public java.lang.Object com.jxtele.projectmanage.controller.ProcurementController.edit(com.jxtele.projectmanage.entity.Procurement)
2019-04-24 17:46:54.803 [restartedMain] INFO  o.s.w.s.m.m.a.RequestMappingHandlerMapping - Mapped "{[/procurement/del/{id}],methods=[GET]}" onto public java.lang.Object com.jxtele.projectmanage.controller.ProcurementController.del(java.lang.Integer)
2019-04-24 17:46:54.803 [restartedMain] INFO  o.s.w.s.m.m.a.RequestMappingHandlerMapping - Mapped "{[/procurement/add],methods=[POST]}" onto public java.lang.Object com.jxtele.projectmanage.controller.ProcurementController.add(com.jxtele.projectmanage.entity.Procurement)
2019-04-24 17:46:54.803 [restartedMain] INFO  o.s.w.s.m.m.a.RequestMappingHandlerMapping - Mapped "{[/procurement/list],methods=[GET]}" onto public java.lang.Object com.jxtele.projectmanage.controller.ProcurementController.list(org.springframework.ui.ModelMap)
2019-04-24 17:46:54.804 [restartedMain] INFO  o.s.w.s.m.m.a.RequestMappingHandlerMapping - Mapped "{[/procurementitem/edit],methods=[POST]}" onto public java.lang.Object com.jxtele.projectmanage.controller.ProcurementItemController.edit(com.jxtele.projectmanage.entity.ProcurementItem)
2019-04-24 17:46:54.804 [restartedMain] INFO  o.s.w.s.m.m.a.RequestMappingHandlerMapping - Mapped "{[/procurementitem/del/{id}],methods=[GET]}" onto public java.lang.Object com.jxtele.projectmanage.controller.ProcurementItemController.del(java.lang.Integer)
2019-04-24 17:46:54.804 [restartedMain] INFO  o.s.w.s.m.m.a.RequestMappingHandlerMapping - Mapped "{[/procurementitem/add],methods=[POST]}" onto public java.lang.Object com.jxtele.projectmanage.controller.ProcurementItemController.add(com.jxtele.projectmanage.entity.ProcurementItem)
2019-04-24 17:46:54.805 [restartedMain] INFO  o.s.w.s.m.m.a.RequestMappingHandlerMapping - Mapped "{[/procurementitem/list/{id}],methods=[GET]}" onto public java.lang.Object com.jxtele.projectmanage.controller.ProcurementItemController.list(java.lang.Integer,org.springframework.ui.ModelMap)
2019-04-24 17:46:54.806 [restartedMain] INFO  o.s.w.s.m.m.a.RequestMappingHandlerMapping - Mapped "{[/project/edit],methods=[POST]}" onto public java.lang.Object com.jxtele.projectmanage.controller.ProjectController.edit()
2019-04-24 17:46:54.807 [restartedMain] INFO  o.s.w.s.m.m.a.RequestMappingHandlerMapping - Mapped "{[/project/del/{id}],methods=[GET]}" onto public java.lang.Object com.jxtele.projectmanage.controller.ProjectController.del(java.lang.Integer)
2019-04-24 17:46:54.807 [restartedMain] INFO  o.s.w.s.m.m.a.RequestMappingHandlerMapping - Mapped "{[/project/findAllProject],methods=[POST]}" onto public java.lang.Object com.jxtele.projectmanage.controller.ProjectController.findAllProject()
2019-04-24 17:46:54.807 [restartedMain] INFO  o.s.w.s.m.m.a.RequestMappingHandlerMapping - Mapped "{[/project/queryByUserId],methods=[POST]}" onto public java.lang.Object com.jxtele.projectmanage.controller.ProjectController.queryByUserId()
2019-04-24 17:46:54.807 [restartedMain] INFO  o.s.w.s.m.m.a.RequestMappingHandlerMapping - Mapped "{[/project/add],methods=[POST]}" onto public java.lang.Object com.jxtele.projectmanage.controller.ProjectController.add()
2019-04-24 17:46:54.808 [restartedMain] INFO  o.s.w.s.m.m.a.RequestMappingHandlerMapping - Mapped "{[/project/list],methods=[GET]}" onto public org.springframework.web.servlet.ModelAndView com.jxtele.projectmanage.controller.ProjectController.list(org.springframework.ui.ModelMap)
2019-04-24 17:46:54.809 [restartedMain] INFO  o.s.w.s.m.m.a.RequestMappingHandlerMapping - Mapped "{[/projectschedule/edit],methods=[POST]}" onto public java.lang.Object com.jxtele.projectmanage.controller.ProjectScheduleController.edit(com.jxtele.projectmanage.entity.ProjectSchedule)
2019-04-24 17:46:54.809 [restartedMain] INFO  o.s.w.s.m.m.a.RequestMappingHandlerMapping - Mapped "{[/projectschedule/del/{id}],methods=[GET]}" onto public java.lang.Object com.jxtele.projectmanage.controller.ProjectScheduleController.del(java.lang.Integer)
2019-04-24 17:46:54.810 [restartedMain] INFO  o.s.w.s.m.m.a.RequestMappingHandlerMapping - Mapped "{[/projectschedule/findproject/{id}],methods=[GET]}" onto public java.lang.Object com.jxtele.projectmanage.controller.ProjectScheduleController.findproject(java.lang.Integer)
2019-04-24 17:46:54.810 [restartedMain] INFO  o.s.w.s.m.m.a.RequestMappingHandlerMapping - Mapped "{[/projectschedule/secchange],methods=[POST]}" onto public java.lang.Object com.jxtele.projectmanage.controller.ProjectScheduleController.secchange(com.jxtele.projectmanage.entity.ProjectSchedule)
2019-04-24 17:46:54.810 [restartedMain] INFO  o.s.w.s.m.m.a.RequestMappingHandlerMapping - Mapped "{[/projectschedule/add],methods=[POST]}" onto public java.lang.Object com.jxtele.projectmanage.controller.ProjectScheduleController.add(com.jxtele.projectmanage.entity.ProjectSchedule)
2019-04-24 17:46:54.810 [restartedMain] INFO  o.s.w.s.m.m.a.RequestMappingHandlerMapping - Mapped "{[/projectschedule/list/{id}],methods=[GET]}" onto public org.springframework.web.servlet.ModelAndView com.jxtele.projectmanage.controller.ProjectScheduleController.list(java.lang.Integer,org.springframework.ui.ModelMap)
2019-04-24 17:46:54.811 [restartedMain] INFO  o.s.w.s.m.m.a.RequestMappingHandlerMapping - Mapped "{[/risk/edit],methods=[POST]}" onto public java.lang.Object com.jxtele.projectmanage.controller.RiskController.edit(com.jxtele.projectmanage.entity.Risk)
2019-04-24 17:46:54.812 [restartedMain] INFO  o.s.w.s.m.m.a.RequestMappingHandlerMapping - Mapped "{[/risk/del/{id}],methods=[GET]}" onto public java.lang.Object com.jxtele.projectmanage.controller.RiskController.del(java.lang.Integer)
2019-04-24 17:46:54.812 [restartedMain] INFO  o.s.w.s.m.m.a.RequestMappingHandlerMapping - Mapped "{[/risk/add],methods=[POST]}" onto public java.lang.Object com.jxtele.projectmanage.controller.RiskController.add(com.jxtele.projectmanage.entity.Risk)
2019-04-24 17:46:54.812 [restartedMain] INFO  o.s.w.s.m.m.a.RequestMappingHandlerMapping - Mapped "{[/risk/list],methods=[GET]}" onto public org.springframework.web.servlet.ModelAndView com.jxtele.projectmanage.controller.RiskController.list(org.springframework.ui.ModelMap)
2019-04-24 17:46:54.813 [restartedMain] INFO  o.s.w.s.m.m.a.RequestMappingHandlerMapping - Mapped "{[/role/edit],methods=[POST]}" onto public java.lang.Object com.jxtele.projectmanage.controller.RoleController.edit()
2019-04-24 17:46:54.814 [restartedMain] INFO  o.s.w.s.m.m.a.RequestMappingHandlerMapping - Mapped "{[/role/del/{roleId}],methods=[GET]}" onto public java.lang.Object com.jxtele.projectmanage.controller.RoleController.del(java.lang.String)
2019-04-24 17:46:54.814 [restartedMain] INFO  o.s.w.s.m.m.a.RequestMappingHandlerMapping - Mapped "{[/role/editusercontrol],methods=[POST]}" onto public java.lang.Object com.jxtele.projectmanage.controller.RoleController.editusercontrol()
2019-04-24 17:46:54.814 [restartedMain] INFO  o.s.w.s.m.m.a.RequestMappingHandlerMapping - Mapped "{[/role/qx],methods=[POST]}" onto public java.lang.Object com.jxtele.projectmanage.controller.RoleController.qx()
2019-04-24 17:46:54.814 [restartedMain] INFO  o.s.w.s.m.m.a.RequestMappingHandlerMapping - Mapped "{[/role/add],methods=[POST]}" onto public java.lang.Object com.jxtele.projectmanage.controller.RoleController.add()
2019-04-24 17:46:54.815 [restartedMain] INFO  o.s.w.s.m.m.a.RequestMappingHandlerMapping - Mapped "{[/role/list],methods=[GET]}" onto public java.lang.Object com.jxtele.projectmanage.controller.RoleController.list(org.springframework.ui.Model)
2019-04-24 17:46:54.816 [restartedMain] INFO  o.s.w.s.m.m.a.RequestMappingHandlerMapping - Mapped "{[/stakeholder/edit],methods=[POST]}" onto public java.lang.Object com.jxtele.projectmanage.controller.StakeholderController.edit(com.jxtele.projectmanage.entity.Stakeholder)
2019-04-24 17:46:54.816 [restartedMain] INFO  o.s.w.s.m.m.a.RequestMappingHandlerMapping - Mapped "{[/stakeholder/del/{id}],methods=[GET]}" onto public java.lang.Object com.jxtele.projectmanage.controller.StakeholderController.del(java.lang.Integer)
2019-04-24 17:46:54.816 [restartedMain] INFO  o.s.w.s.m.m.a.RequestMappingHandlerMapping - Mapped "{[/stakeholder/add],methods=[POST]}" onto public java.lang.Object com.jxtele.projectmanage.controller.StakeholderController.add(com.jxtele.projectmanage.entity.Stakeholder)
2019-04-24 17:46:54.816 [restartedMain] INFO  o.s.w.s.m.m.a.RequestMappingHandlerMapping - Mapped "{[/stakeholder/list],methods=[GET]}" onto public org.springframework.web.servlet.ModelAndView com.jxtele.projectmanage.controller.StakeholderController.list(org.springframework.ui.ModelMap)
2019-04-24 17:46:54.818 [restartedMain] INFO  o.s.w.s.m.m.a.RequestMappingHandlerMapping - Mapped "{[/standardapply/edit],methods=[POST]}" onto public java.lang.Object com.jxtele.projectmanage.controller.StandardApplyController.edit(com.jxtele.projectmanage.entity.StandardApply,org.springframework.ui.ModelMap)
2019-04-24 17:46:54.818 [restartedMain] INFO  o.s.w.s.m.m.a.RequestMappingHandlerMapping - Mapped "{[/standardapply/del/{id}],methods=[GET]}" onto public java.lang.Object com.jxtele.projectmanage.controller.StandardApplyController.del(java.lang.Integer)
2019-04-24 17:46:54.818 [restartedMain] INFO  o.s.w.s.m.m.a.RequestMappingHandlerMapping - Mapped "{[/standardapply/add],methods=[POST]}" onto public java.lang.Object com.jxtele.projectmanage.controller.StandardApplyController.add(com.jxtele.projectmanage.entity.StandardApply,org.springframework.ui.ModelMap)
2019-04-24 17:46:54.819 [restartedMain] INFO  o.s.w.s.m.m.a.RequestMappingHandlerMapping - Mapped "{[/standardapply/list/{id}],methods=[GET]}" onto public org.springframework.web.servlet.ModelAndView com.jxtele.projectmanage.controller.StandardApplyController.list(java.lang.Integer,org.springframework.ui.ModelMap)
2019-04-24 17:46:54.820 [restartedMain] INFO  o.s.w.s.m.m.a.RequestMappingHandlerMapping - Mapped "{[/standardday/edit],methods=[POST]}" onto public java.lang.Object com.jxtele.projectmanage.controller.StandardDayController.edit(com.jxtele.projectmanage.entity.StandardDay)
2019-04-24 17:46:54.820 [restartedMain] INFO  o.s.w.s.m.m.a.RequestMappingHandlerMapping - Mapped "{[/standardday/del/{id}],methods=[GET]}" onto public java.lang.Object com.jxtele.projectmanage.controller.StandardDayController.del(java.lang.Integer)
2019-04-24 17:46:54.820 [restartedMain] INFO  o.s.w.s.m.m.a.RequestMappingHandlerMapping - Mapped "{[/standardday/listbytype/{type}],methods=[GET]}" onto public java.lang.Object com.jxtele.projectmanage.controller.StandardDayController.listbytype(java.lang.String)
2019-04-24 17:46:54.821 [restartedMain] INFO  o.s.w.s.m.m.a.RequestMappingHandlerMapping - Mapped "{[/standardday/add],methods=[POST]}" onto public java.lang.Object com.jxtele.projectmanage.controller.StandardDayController.add(com.jxtele.projectmanage.entity.StandardDay)
2019-04-24 17:46:54.821 [restartedMain] INFO  o.s.w.s.m.m.a.RequestMappingHandlerMapping - Mapped "{[/standardday/plist/{projId}/{id}],methods=[GET]}" onto public org.springframework.web.servlet.ModelAndView com.jxtele.projectmanage.controller.StandardDayController.list(java.lang.Integer,java.lang.Integer,org.springframework.ui.ModelMap)
2019-04-24 17:46:54.821 [restartedMain] INFO  o.s.w.s.m.m.a.RequestMappingHandlerMapping - Mapped "{[/standardday/list],methods=[GET]}" onto public org.springframework.web.servlet.ModelAndView com.jxtele.projectmanage.controller.StandardDayController.list(org.springframework.ui.Model)
2019-04-24 17:46:54.822 [restartedMain] INFO  o.s.w.s.m.m.a.RequestMappingHandlerMapping - Mapped "{[/supplier/edit],methods=[POST]}" onto public java.lang.Object com.jxtele.projectmanage.controller.SupplierController.edit(com.jxtele.projectmanage.entity.Supplier)
2019-04-24 17:46:54.822 [restartedMain] INFO  o.s.w.s.m.m.a.RequestMappingHandlerMapping - Mapped "{[/supplier/del/{id}],methods=[GET]}" onto public java.lang.Object com.jxtele.projectmanage.controller.SupplierController.del(java.lang.Integer)
2019-04-24 17:46:54.822 [restartedMain] INFO  o.s.w.s.m.m.a.RequestMappingHandlerMapping - Mapped "{[/supplier/add],methods=[POST]}" onto public java.lang.Object com.jxtele.projectmanage.controller.SupplierController.add(com.jxtele.projectmanage.entity.Supplier)
2019-04-24 17:46:54.822 [restartedMain] INFO  o.s.w.s.m.m.a.RequestMappingHandlerMapping - Mapped "{[/supplier/list/{id}],methods=[GET]}" onto public org.springframework.web.servlet.ModelAndView com.jxtele.projectmanage.controller.SupplierController.list(java.lang.Integer,org.springframework.ui.ModelMap)
2019-04-24 17:46:54.824 [restartedMain] INFO  o.s.w.s.m.m.a.RequestMappingHandlerMapping - Mapped "{[/teambuild/edit],methods=[POST]}" onto public java.lang.Object com.jxtele.projectmanage.controller.TeamBuildController.edit(com.jxtele.projectmanage.entity.TeamBuild)
2019-04-24 17:46:54.824 [restartedMain] INFO  o.s.w.s.m.m.a.RequestMappingHandlerMapping - Mapped "{[/teambuild/del/{id}],methods=[GET]}" onto public java.lang.Object com.jxtele.projectmanage.controller.TeamBuildController.del(java.lang.Integer)
2019-04-24 17:46:54.824 [restartedMain] INFO  o.s.w.s.m.m.a.RequestMappingHandlerMapping - Mapped "{[/teambuild/getProject],methods=[GET]}" onto public java.lang.Object com.jxtele.projectmanage.controller.TeamBuildController.projectList()
2019-04-24 17:46:54.824 [restartedMain] INFO  o.s.w.s.m.m.a.RequestMappingHandlerMapping - Mapped "{[/teambuild/getAllUser],methods=[GET]}" onto public java.lang.Object com.jxtele.projectmanage.controller.TeamBuildController.userList()
2019-04-24 17:46:54.824 [restartedMain] INFO  o.s.w.s.m.m.a.RequestMappingHandlerMapping - Mapped "{[/teambuild/add],methods=[POST]}" onto public java.lang.Object com.jxtele.projectmanage.controller.TeamBuildController.add(com.jxtele.projectmanage.entity.TeamBuild)
2019-04-24 17:46:54.825 [restartedMain] INFO  o.s.w.s.m.m.a.RequestMappingHandlerMapping - Mapped "{[/teambuild/list/{id}],methods=[GET]}" onto public org.springframework.web.servlet.ModelAndView com.jxtele.projectmanage.controller.TeamBuildController.list(java.lang.Integer,org.springframework.ui.ModelMap)
2019-04-24 17:46:54.825 [restartedMain] INFO  o.s.w.s.m.m.a.RequestMappingHandlerMapping - Mapped "{[/upload/img],methods=[POST]}" onto public java.lang.String com.jxtele.projectmanage.controller.UploadController.imgUpload(org.springframework.web.multipart.MultipartFile)
2019-04-24 17:46:54.826 [restartedMain] INFO  o.s.w.s.m.m.a.RequestMappingHandlerMapping - Mapped "{[/upload/show/{folderName}/{filename:.+}],methods=[GET]}" onto public org.springframework.http.ResponseEntity<?> com.jxtele.projectmanage.controller.UploadController.getImg(java.lang.String,java.lang.String)
2019-04-24 17:46:54.826 [restartedMain] INFO  o.s.w.s.m.m.a.RequestMappingHandlerMapping - Mapped "{[/upload/show/{filename:.+}],methods=[GET]}" onto public org.springframework.http.ResponseEntity<?> com.jxtele.projectmanage.controller.UploadController.getFile(java.lang.String)
2019-04-24 17:46:54.827 [restartedMain] INFO  o.s.w.s.m.m.a.RequestMappingHandlerMapping - Mapped "{[/usercontrol/findAll],methods=[GET]}" onto public java.lang.Object com.jxtele.projectmanage.controller.UserControlController.edit()
2019-04-24 17:46:54.827 [restartedMain] INFO  o.s.w.s.m.m.a.RequestMappingHandlerMapping - Mapped "{[/usercontrol/edit],methods=[POST]}" onto public java.lang.Object com.jxtele.projectmanage.controller.UserControlController.edit(com.jxtele.projectmanage.entity.UserControl)
2019-04-24 17:46:54.827 [restartedMain] INFO  o.s.w.s.m.m.a.RequestMappingHandlerMapping - Mapped "{[/usercontrol/del/{id}],methods=[GET]}" onto public java.lang.Object com.jxtele.projectmanage.controller.UserControlController.del(java.lang.Integer)
2019-04-24 17:46:54.828 [restartedMain] INFO  o.s.w.s.m.m.a.RequestMappingHandlerMapping - Mapped "{[/usercontrol/add],methods=[POST]}" onto public java.lang.Object com.jxtele.projectmanage.controller.UserControlController.add(com.jxtele.projectmanage.entity.UserControl)
2019-04-24 17:46:54.828 [restartedMain] INFO  o.s.w.s.m.m.a.RequestMappingHandlerMapping - Mapped "{[/usercontrol/list],methods=[GET]}" onto public org.springframework.web.servlet.ModelAndView com.jxtele.projectmanage.controller.UserControlController.list(org.springframework.ui.ModelMap)
2019-04-24 17:46:54.829 [restartedMain] INFO  o.s.w.s.m.m.a.RequestMappingHandlerMapping - Mapped "{[/user/edit],methods=[POST]}" onto public java.lang.Object com.jxtele.projectmanage.controller.UserController.edit()
2019-04-24 17:46:54.830 [restartedMain] INFO  o.s.w.s.m.m.a.RequestMappingHandlerMapping - Mapped "{[/user/del],methods=[POST]}" onto public java.lang.Object com.jxtele.projectmanage.controller.UserController.del()
2019-04-24 17:46:54.830 [restartedMain] INFO  o.s.w.s.m.m.a.RequestMappingHandlerMapping - Mapped "{[/user/getRole],methods=[GET]}" onto public java.lang.Object com.jxtele.projectmanage.controller.UserController.userRole()
2019-04-24 17:46:54.830 [restartedMain] INFO  o.s.w.s.m.m.a.RequestMappingHandlerMapping - Mapped "{[/user/list],methods=[GET]}" onto public java.lang.Object com.jxtele.projectmanage.controller.UserController.login(org.springframework.ui.Model)
2019-04-24 17:46:54.830 [restartedMain] INFO  o.s.w.s.m.m.a.RequestMappingHandlerMapping - Mapped "{[/user/editRole],methods=[POST]}" onto public java.lang.Object com.jxtele.projectmanage.controller.UserController.editRole()
2019-04-24 17:46:54.830 [restartedMain] INFO  o.s.w.s.m.m.a.RequestMappingHandlerMapping - Mapped "{[/user/add],methods=[POST]}" onto public java.lang.Object com.jxtele.projectmanage.controller.UserController.add()
2019-04-24 17:46:54.832 [restartedMain] INFO  o.s.w.s.m.m.a.RequestMappingHandlerMapping - Mapped "{[/usertemplet/edit],methods=[POST]}" onto public java.lang.Object com.jxtele.projectmanage.controller.UserTempletController.edit(com.jxtele.projectmanage.entity.UserTemplet)
2019-04-24 17:46:54.832 [restartedMain] INFO  o.s.w.s.m.m.a.RequestMappingHandlerMapping - Mapped "{[/usertemplet/del/{id}],methods=[GET]}" onto public java.lang.Object com.jxtele.projectmanage.controller.UserTempletController.del(java.lang.Integer)
2019-04-24 17:46:54.832 [restartedMain] INFO  o.s.w.s.m.m.a.RequestMappingHandlerMapping - Mapped "{[/usertemplet/getAllprojectByTeam],methods=[GET]}" onto public java.lang.Object com.jxtele.projectmanage.controller.UserTempletController.getAllprojectByTeam()
2019-04-24 17:46:54.832 [restartedMain] INFO  o.s.w.s.m.m.a.RequestMappingHandlerMapping - Mapped "{[/usertemplet/usertempletList],methods=[GET]}" onto public java.lang.Object com.jxtele.projectmanage.controller.UserTempletController.usertempletList()
2019-04-24 17:46:54.833 [restartedMain] INFO  o.s.w.s.m.m.a.RequestMappingHandlerMapping - Mapped "{[/usertemplet/getAllproject],methods=[GET]}" onto public java.lang.Object com.jxtele.projectmanage.controller.UserTempletController.getAllproject()
2019-04-24 17:46:54.833 [restartedMain] INFO  o.s.w.s.m.m.a.RequestMappingHandlerMapping - Mapped "{[/usertemplet/getProjectByUser],methods=[GET]}" onto public java.lang.Object com.jxtele.projectmanage.controller.UserTempletController.getProjectByUser()
2019-04-24 17:46:54.833 [restartedMain] INFO  o.s.w.s.m.m.a.RequestMappingHandlerMapping - Mapped "{[/usertemplet/add],methods=[POST]}" onto public java.lang.Object com.jxtele.projectmanage.controller.UserTempletController.add()
2019-04-24 17:46:54.835 [restartedMain] INFO  o.s.w.s.m.m.a.RequestMappingHandlerMapping - Mapped "{[/weekreport/edit],methods=[POST]}" onto public java.lang.Object com.jxtele.projectmanage.controller.WeekreportController.edit(com.jxtele.projectmanage.entity.Weekreport,org.springframework.web.multipart.MultipartFile)
2019-04-24 17:46:54.836 [restartedMain] INFO  o.s.w.s.m.m.a.RequestMappingHandlerMapping - Mapped "{[/weekreport/del/{id}],methods=[GET]}" onto public java.lang.Object com.jxtele.projectmanage.controller.WeekreportController.del(java.lang.Integer)
2019-04-24 17:46:54.836 [restartedMain] INFO  o.s.w.s.m.m.a.RequestMappingHandlerMapping - Mapped "{[/weekreport/delAll],methods=[GET]}" onto public java.lang.Object com.jxtele.projectmanage.controller.WeekreportController.del(java.lang.Integer[])
2019-04-24 17:46:54.836 [restartedMain] INFO  o.s.w.s.m.m.a.RequestMappingHandlerMapping - Mapped "{[/weekreport/getAllfile/{id}],methods=[GET]}" onto public java.lang.Object com.jxtele.projectmanage.controller.WeekreportController.getAllfile(java.lang.Integer)
2019-04-24 17:46:54.836 [restartedMain] INFO  o.s.w.s.m.m.a.RequestMappingHandlerMapping - Mapped "{[/weekreport/ownlist],methods=[GET]}" onto public org.springframework.web.servlet.ModelAndView com.jxtele.projectmanage.controller.WeekreportController.ownlist(org.springframework.ui.ModelMap)
2019-04-24 17:46:54.837 [restartedMain] INFO  o.s.w.s.m.m.a.RequestMappingHandlerMapping - Mapped "{[/weekreport/add],methods=[POST]}" onto public java.lang.Object com.jxtele.projectmanage.controller.WeekreportController.add(com.jxtele.projectmanage.entity.Weekreport,org.springframework.web.multipart.MultipartFile,org.springframework.ui.Model)
2019-04-24 17:46:54.837 [restartedMain] INFO  o.s.w.s.m.m.a.RequestMappingHandlerMapping - Mapped "{[/weekreport/list],methods=[GET]}" onto public org.springframework.web.servlet.ModelAndView com.jxtele.projectmanage.controller.WeekreportController.list(org.springframework.ui.ModelMap)
2019-04-24 17:46:54.839 [restartedMain] INFO  o.s.w.s.m.m.a.RequestMappingHandlerMapping - Mapped "{[/percentage/edit],methods=[POST]}" onto public java.lang.Object com.jxtele.projectmanage.controller.XmpercentageController.edit(com.jxtele.projectmanage.entity.Xmpercentage,org.springframework.ui.Model)
2019-04-24 17:46:54.839 [restartedMain] INFO  o.s.w.s.m.m.a.RequestMappingHandlerMapping - Mapped "{[/percentage/del/{id}],methods=[GET]}" onto public java.lang.Object com.jxtele.projectmanage.controller.XmpercentageController.del(java.lang.Integer,org.springframework.ui.Model)
2019-04-24 17:46:54.839 [restartedMain] INFO  o.s.w.s.m.m.a.RequestMappingHandlerMapping - Mapped "{[/percentage/itemlist/{percentageId}],methods=[GET]}" onto public org.springframework.web.servlet.ModelAndView com.jxtele.projectmanage.controller.XmpercentageController.itemlist(java.lang.Integer,org.springframework.ui.Model)
2019-04-24 17:46:54.840 [restartedMain] INFO  o.s.w.s.m.m.a.RequestMappingHandlerMapping - Mapped "{[/percentage/add],methods=[POST]}" onto public java.lang.Object com.jxtele.projectmanage.controller.XmpercentageController.add(com.jxtele.projectmanage.entity.Xmpercentage,org.springframework.ui.Model)
2019-04-24 17:46:54.840 [restartedMain] INFO  o.s.w.s.m.m.a.RequestMappingHandlerMapping - Mapped "{[/percentage/list],methods=[GET]}" onto public org.springframework.web.servlet.ModelAndView com.jxtele.projectmanage.controller.XmpercentageController.list(org.springframework.ui.Model)
2019-04-24 17:46:54.842 [restartedMain] INFO  o.s.w.s.m.m.a.RequestMappingHandlerMapping - Mapped "{[/xmpercentageItem/edit],methods=[POST]}" onto public java.lang.Object com.jxtele.projectmanage.controller.XmpercentageItemController.edit(com.jxtele.projectmanage.entity.XmpercentageItem,org.springframework.web.multipart.MultipartFile) throws org.thymeleaf.exceptions.TemplateInputException
2019-04-24 17:46:54.842 [restartedMain] INFO  o.s.w.s.m.m.a.RequestMappingHandlerMapping - Mapped "{[/xmpercentageItem/del/{id}],methods=[GET]}" onto public java.lang.Object com.jxtele.projectmanage.controller.XmpercentageItemController.del(java.lang.Integer)
2019-04-24 17:46:54.842 [restartedMain] INFO  o.s.w.s.m.m.a.RequestMappingHandlerMapping - Mapped "{[/xmpercentageItem/getAllfile/{id}],methods=[GET]}" onto public java.lang.Object com.jxtele.projectmanage.controller.XmpercentageItemController.getAllfile(java.lang.Integer)
2019-04-24 17:46:54.843 [restartedMain] INFO  o.s.w.s.m.m.a.RequestMappingHandlerMapping - Mapped "{[/xmpercentageItem/userlist],methods=[GET]}" onto public java.lang.Object com.jxtele.projectmanage.controller.XmpercentageItemController.getAllUsers()
2019-04-24 17:46:54.843 [restartedMain] INFO  o.s.w.s.m.m.a.RequestMappingHandlerMapping - Mapped "{[/xmpercentageItem/list/{percentageId}],methods=[GET]}" onto public java.lang.Object com.jxtele.projectmanage.controller.XmpercentageItemController.rcentageItemManageInfo(java.lang.Integer,org.springframework.ui.Model)
2019-04-24 17:46:54.843 [restartedMain] INFO  o.s.w.s.m.m.a.RequestMappingHandlerMapping - Mapped "{[/xmpercentageItem/add],methods=[POST]}" onto public java.lang.Object com.jxtele.projectmanage.controller.XmpercentageItemController.add(com.jxtele.projectmanage.entity.XmpercentageItem,org.springframework.web.multipart.MultipartFile,org.springframework.ui.Model)
2019-04-24 17:46:54.847 [restartedMain] INFO  o.s.w.s.m.m.a.RequestMappingHandlerMapping - Mapped "{[/error],produces=[text/html]}" onto public org.springframework.web.servlet.ModelAndView org.springframework.boot.autoconfigure.web.BasicErrorController.errorHtml(javax.servlet.http.HttpServletRequest,javax.servlet.http.HttpServletResponse)
2019-04-24 17:46:54.848 [restartedMain] INFO  o.s.w.s.m.m.a.RequestMappingHandlerMapping - Mapped "{[/error]}" onto public org.springframework.http.ResponseEntity<java.util.Map<java.lang.String, java.lang.Object>> org.springframework.boot.autoconfigure.web.BasicErrorController.error(javax.servlet.http.HttpServletRequest)
2019-04-24 17:46:54.911 [restartedMain] INFO  o.s.web.servlet.handler.SimpleUrlHandlerMapping - Mapped URL path [/webjars/**] onto handler of type [class org.springframework.web.servlet.resource.ResourceHttpRequestHandler]
2019-04-24 17:46:54.911 [restartedMain] INFO  o.s.web.servlet.handler.SimpleUrlHandlerMapping - Mapped URL path [/**] onto handler of type [class org.springframework.web.servlet.resource.ResourceHttpRequestHandler]
2019-04-24 17:46:55.008 [restartedMain] INFO  o.s.web.servlet.handler.SimpleUrlHandlerMapping - Mapped URL path [/**/favicon.ico] onto handler of type [class org.springframework.web.servlet.resource.ResourceHttpRequestHandler]
2019-04-24 17:47:00.033 [restartedMain] INFO  o.s.b.d.autoconfigure.OptionalLiveReloadServer - LiveReload server is running on port 35729
2019-04-24 17:47:00.598 [restartedMain] INFO  o.s.jmx.export.annotation.AnnotationMBeanExporter - Registering beans for JMX exposure on startup
2019-04-24 17:47:00.739 [restartedMain] INFO  org.apache.coyote.http11.Http11NioProtocol - Starting ProtocolHandler ["http-nio-8081"]
2019-04-24 17:47:01.198 [restartedMain] INFO  org.apache.tomcat.util.net.NioSelectorPool - Using a shared selector for servlet write/read
2019-04-24 17:47:01.548 [restartedMain] INFO  o.s.b.c.e.tomcat.TomcatEmbeddedServletContainer - Tomcat started on port(s): 8081 (http)
2019-04-24 17:47:01.899 [restartedMain] INFO  com.jxtele.projectmanage.ProjectmanageApplication - Started ProjectmanageApplication in 19.966 seconds (JVM running for 25.694)
2019-04-24 17:49:00.364 [http-nio-8081-exec-1] INFO  o.a.c.core.ContainerBase.[Tomcat].[localhost].[/] - Initializing Spring FrameworkServlet 'dispatcherServlet'
2019-04-24 17:49:00.406 [http-nio-8081-exec-1] INFO  org.springframework.web.servlet.DispatcherServlet - FrameworkServlet 'dispatcherServlet': initialization started
2019-04-24 17:49:00.528 [http-nio-8081-exec-1] INFO  org.springframework.web.servlet.DispatcherServlet - FrameworkServlet 'dispatcherServlet': initialization completed in 122 ms
2019-04-24 17:49:00.985 [http-nio-8081-exec-1] INFO  org.thymeleaf.TemplateEngine - [THYMELEAF] INITIALIZING TEMPLATE ENGINE
2019-04-24 17:49:01.282 [http-nio-8081-exec-1] INFO  o.t.templateresolver.AbstractTemplateResolver - [THYMELEAF] INITIALIZING TEMPLATE RESOLVER: org.thymeleaf.spring4.templateresolver.SpringResourceTemplateResolver
2019-04-24 17:49:01.282 [http-nio-8081-exec-1] INFO  o.t.templateresolver.AbstractTemplateResolver - [THYMELEAF] TEMPLATE RESOLVER INITIALIZED OK
2019-04-24 17:49:01.282 [http-nio-8081-exec-1] INFO  o.t.messageresolver.AbstractMessageResolver - [THYMELEAF] INITIALIZING MESSAGE RESOLVER: org.thymeleaf.spring4.messageresolver.SpringMessageResolver
2019-04-24 17:49:01.282 [http-nio-8081-exec-1] INFO  o.t.messageresolver.AbstractMessageResolver - [THYMELEAF] MESSAGE RESOLVER INITIALIZED OK
2019-04-24 17:49:01.325 [http-nio-8081-exec-1] INFO  org.thymeleaf.TemplateEngine.CONFIG - [THYMELEAF] TEMPLATE ENGINE CONFIGURATION:
[THYMELEAF] * Cache Factory implementation: org.thymeleaf.cache.StandardCacheManager
[THYMELEAF] * Template modes:
[THYMELEAF]     * XHTML
[THYMELEAF]     * XML
[THYMELEAF]     * LEGACYHTML5
[THYMELEAF]     * HTML5
[THYMELEAF]     * VALIDXHTML
[THYMELEAF]     * VALIDXML
[THYMELEAF] * Template resolvers (in order):
[THYMELEAF]     * org.thymeleaf.spring4.templateresolver.SpringResourceTemplateResolver
[THYMELEAF] * Message resolvers (in order):
[THYMELEAF]     * org.thymeleaf.spring4.messageresolver.SpringMessageResolver
[THYMELEAF] * Dialect [1 of 2]: org.thymeleaf.spring4.dialect.SpringStandardDialect
[THYMELEAF]     * Prefix: "th"
[THYMELEAF] * Dialect [2 of 2]: nz.net.ultraq.thymeleaf.LayoutDialect
[THYMELEAF]     * Prefix: "layout"
[THYMELEAF] TEMPLATE ENGINE CONFIGURED OK
2019-04-24 17:49:01.325 [http-nio-8081-exec-1] INFO  org.thymeleaf.TemplateEngine - [THYMELEAF] TEMPLATE ENGINE INITIALIZED
2019-04-24 17:49:09.363 [http-nio-8081-exec-9] ERROR org.thymeleaf.TemplateEngine - [THYMELEAF][http-nio-8081-exec-9] Exception processing template "/chooseproject": Exception evaluating SpringEL expression: "session.LEVEL.level ge 300" (/chooseproject)
2019-04-24 17:49:09.476 [http-nio-8081-exec-9] ERROR o.a.c.c.C.[.[localhost].[/].[dispatcherServlet] - Servlet.service() for servlet [dispatcherServlet] in context with path [] threw exception [Request processing failed; nested exception is org.thymeleaf.exceptions.TemplateProcessingException: Exception evaluating SpringEL expression: "session.LEVEL.level ge 300" (/chooseproject)] with root cause
org.springframework.expression.spel.SpelEvaluationException: EL1007E: Property or field 'level' cannot be found on null
	at org.springframework.expression.spel.ast.PropertyOrFieldReference.readProperty(PropertyOrFieldReference.java:225)
	at org.springframework.expression.spel.ast.PropertyOrFieldReference.getValueInternal(PropertyOrFieldReference.java:97)
	at org.springframework.expression.spel.ast.PropertyOrFieldReference.access$000(PropertyOrFieldReference.java:47)
	at org.springframework.expression.spel.ast.PropertyOrFieldReference$AccessorLValue.getValue(PropertyOrFieldReference.java:414)
	at org.springframework.expression.spel.ast.CompoundExpression.getValueInternal(CompoundExpression.java:88)
	at org.springframework.expression.spel.ast.OpGE.getValueInternal(OpGE.java:47)
	at org.springframework.expression.spel.ast.OpGE.getValueInternal(OpGE.java:37)
	at org.springframework.expression.spel.ast.SpelNodeImpl.getValue(SpelNodeImpl.java:119)
	at org.springframework.expression.spel.standard.SpelExpression.getValue(SpelExpression.java:318)
	at org.thymeleaf.spring4.expression.SpelVariableExpressionEvaluator.evaluate(SpelVariableExpressionEvaluator.java:140)
	at org.thymeleaf.standard.expression.VariableExpression.executeVariable(VariableExpression.java:154)
	at org.thymeleaf.standard.expression.SimpleExpression.executeSimple(SimpleExpression.java:59)
	at org.thymeleaf.standard.expression.Expression.execute(Expression.java:103)
	at org.thymeleaf.standard.expression.Expression.execute(Expression.java:133)
	at org.thymeleaf.standard.expression.Expression.execute(Expression.java:120)
	at org.thymeleaf.standard.processor.attr.AbstractStandardConditionalVisibilityAttrProcessor.isVisible(AbstractStandardConditionalVisibilityAttrProcessor.java:66)
	at org.thymeleaf.processor.attr.AbstractConditionalVisibilityAttrProcessor.processAttribute(AbstractConditionalVisibilityAttrProcessor.java:59)
	at org.thymeleaf.processor.attr.AbstractAttrProcessor.doProcess(AbstractAttrProcessor.java:87)
	at org.thymeleaf.processor.AbstractProcessor.process(AbstractProcessor.java:212)
	at org.thymeleaf.dom.Node.applyNextProcessor(Node.java:1017)
	at org.thymeleaf.dom.Node.processNode(Node.java:972)
	at org.thymeleaf.dom.NestableNode.computeNextChild(NestableNode.java:695)
	at org.thymeleaf.dom.NestableNode.doAdditionalProcess(NestableNode.java:668)
	at org.thymeleaf.dom.Node.processNode(Node.java:990)
	at org.thymeleaf.dom.NestableNode.computeNextChild(NestableNode.java:695)
	at org.thymeleaf.dom.NestableNode.doAdditionalProcess(NestableNode.java:668)
	at org.thymeleaf.dom.Node.processNode(Node.java:990)
	at org.thymeleaf.dom.NestableNode.computeNextChild(NestableNode.java:695)
	at org.thymeleaf.dom.NestableNode.doAdditionalProcess(NestableNode.java:668)
	at org.thymeleaf.dom.Node.processNode(Node.java:990)
	at org.thymeleaf.dom.NestableNode.computeNextChild(NestableNode.java:695)
	at org.thymeleaf.dom.NestableNode.doAdditionalProcess(NestableNode.java:668)
	at org.thymeleaf.dom.Node.processNode(Node.java:990)
	at org.thymeleaf.dom.NestableNode.computeNextChild(NestableNode.java:695)
	at org.thymeleaf.dom.NestableNode.doAdditionalProcess(NestableNode.java:668)
	at org.thymeleaf.dom.Node.processNode(Node.java:990)
	at org.thymeleaf.dom.NestableNode.computeNextChild(NestableNode.java:695)
	at org.thymeleaf.dom.NestableNode.doAdditionalProcess(NestableNode.java:668)
	at org.thymeleaf.dom.Node.processNode(Node.java:990)
	at org.thymeleaf.dom.Document.process(Document.java:93)
	at org.thymeleaf.TemplateEngine.process(TemplateEngine.java:1155)
	at org.thymeleaf.TemplateEngine.process(TemplateEngine.java:1060)
	at org.thymeleaf.TemplateEngine.process(TemplateEngine.java:1011)
	at org.thymeleaf.spring4.view.ThymeleafView.renderFragment(ThymeleafView.java:335)
	at org.thymeleaf.spring4.view.ThymeleafView.render(ThymeleafView.java:190)
	at org.springframework.web.servlet.DispatcherServlet.render(DispatcherServlet.java:1286)
	at org.springframework.web.servlet.DispatcherServlet.processDispatchResult(DispatcherServlet.java:1041)
	at org.springframework.web.servlet.DispatcherServlet.doDispatch(DispatcherServlet.java:984)
	at org.springframework.web.servlet.DispatcherServlet.doService(DispatcherServlet.java:901)
	at org.springframework.web.servlet.FrameworkServlet.processRequest(FrameworkServlet.java:970)
	at org.springframework.web.servlet.FrameworkServlet.doGet(FrameworkServlet.java:861)
	at javax.servlet.http.HttpServlet.service(HttpServlet.java:635)
	at org.springframework.web.servlet.FrameworkServlet.service(FrameworkServlet.java:846)
	at javax.servlet.http.HttpServlet.service(HttpServlet.java:742)
	at org.apache.catalina.core.ApplicationFilterChain.internalDoFilter(ApplicationFilterChain.java:231)
	at org.apache.catalina.core.ApplicationFilterChain.doFilter(ApplicationFilterChain.java:166)
	at org.apache.tomcat.websocket.server.WsFilter.doFilter(WsFilter.java:52)
	at org.apache.catalina.core.ApplicationFilterChain.internalDoFilter(ApplicationFilterChain.java:193)
	at org.apache.catalina.core.ApplicationFilterChain.doFilter(ApplicationFilterChain.java:166)
	at com.jxtele.projectmanage.filter.LoginFilter.doFilter(LoginFilter.java:66)
	at org.apache.catalina.core.ApplicationFilterChain.internalDoFilter(ApplicationFilterChain.java:193)
	at org.apache.catalina.core.ApplicationFilterChain.doFilter(ApplicationFilterChain.java:166)
	at com.alibaba.druid.support.http.WebStatFilter.doFilter(WebStatFilter.java:123)
	at org.apache.catalina.core.ApplicationFilterChain.internalDoFilter(ApplicationFilterChain.java:193)
	at org.apache.catalina.core.ApplicationFilterChain.doFilter(ApplicationFilterChain.java:166)
	at org.springframework.web.filter.RequestContextFilter.doFilterInternal(RequestContextFilter.java:99)
	at org.springframework.web.filter.OncePerRequestFilter.doFilter(OncePerRequestFilter.java:107)
	at org.apache.catalina.core.ApplicationFilterChain.internalDoFilter(ApplicationFilterChain.java:193)
	at org.apache.catalina.core.ApplicationFilterChain.doFilter(ApplicationFilterChain.java:166)
	at org.springframework.web.filter.HttpPutFormContentFilter.doFilterInternal(HttpPutFormContentFilter.java:109)
	at org.springframework.web.filter.OncePerRequestFilter.doFilter(OncePerRequestFilter.java:107)
	at org.apache.catalina.core.ApplicationFilterChain.internalDoFilter(ApplicationFilterChain.java:193)
	at org.apache.catalina.core.ApplicationFilterChain.doFilter(ApplicationFilterChain.java:166)
	at org.springframework.web.filter.HiddenHttpMethodFilter.doFilterInternal(HiddenHttpMethodFilter.java:93)
	at org.springframework.web.filter.OncePerRequestFilter.doFilter(OncePerRequestFilter.java:107)
	at org.apache.catalina.core.ApplicationFilterChain.internalDoFilter(ApplicationFilterChain.java:193)
	at org.apache.catalina.core.ApplicationFilterChain.doFilter(ApplicationFilterChain.java:166)
	at org.springframework.web.filter.CharacterEncodingFilter.doFilterInternal(CharacterEncodingFilter.java:197)
	at org.springframework.web.filter.OncePerRequestFilter.doFilter(OncePerRequestFilter.java:107)
	at org.apache.catalina.core.ApplicationFilterChain.internalDoFilter(ApplicationFilterChain.java:193)
	at org.apache.catalina.core.ApplicationFilterChain.doFilter(ApplicationFilterChain.java:166)
	at org.apache.catalina.core.StandardWrapperValve.invoke(StandardWrapperValve.java:198)
	at org.apache.catalina.core.StandardContextValve.invoke(StandardContextValve.java:96)
	at org.apache.catalina.authenticator.AuthenticatorBase.invoke(AuthenticatorBase.java:493)
	at org.apache.catalina.core.StandardHostValve.invoke(StandardHostValve.java:140)
	at org.apache.catalina.valves.ErrorReportValve.invoke(ErrorReportValve.java:81)
	at org.apache.catalina.core.StandardEngineValve.invoke(StandardEngineValve.java:87)
	at org.apache.catalina.connector.CoyoteAdapter.service(CoyoteAdapter.java:342)
	at org.apache.coyote.http11.Http11Processor.service(Http11Processor.java:800)
	at org.apache.coyote.AbstractProcessorLight.process(AbstractProcessorLight.java:66)
	at org.apache.coyote.AbstractProtocol$ConnectionHandler.process(AbstractProtocol.java:806)
	at org.apache.tomcat.util.net.NioEndpoint$SocketProcessor.doRun(NioEndpoint.java:1498)
	at org.apache.tomcat.util.net.SocketProcessorBase.run(SocketProcessorBase.java:49)
	at java.util.concurrent.ThreadPoolExecutor.runWorker(ThreadPoolExecutor.java:1149)
	at java.util.concurrent.ThreadPoolExecutor$Worker.run(ThreadPoolExecutor.java:624)
	at org.apache.tomcat.util.threads.TaskThread$WrappingRunnable.run(TaskThread.java:61)
	at java.lang.Thread.run(Thread.java:748)
2019-04-24 17:49:57.675 [http-nio-8081-exec-10] ERROR org.thymeleaf.TemplateEngine - [THYMELEAF][http-nio-8081-exec-10] Exception processing template "/chooseproject": Exception evaluating SpringEL expression: "session.LEVEL.level ge 300" (/chooseproject)
2019-04-24 17:49:57.676 [http-nio-8081-exec-10] ERROR o.a.c.c.C.[.[localhost].[/].[dispatcherServlet] - Servlet.service() for servlet [dispatcherServlet] in context with path [] threw exception [Request processing failed; nested exception is org.thymeleaf.exceptions.TemplateProcessingException: Exception evaluating SpringEL expression: "session.LEVEL.level ge 300" (/chooseproject)] with root cause
org.springframework.expression.spel.SpelEvaluationException: EL1007E: Property or field 'level' cannot be found on null
	at org.springframework.expression.spel.ast.PropertyOrFieldReference.readProperty(PropertyOrFieldReference.java:225)
	at org.springframework.expression.spel.ast.PropertyOrFieldReference.getValueInternal(PropertyOrFieldReference.java:97)
	at org.springframework.expression.spel.ast.PropertyOrFieldReference.access$000(PropertyOrFieldReference.java:47)
	at org.springframework.expression.spel.ast.PropertyOrFieldReference$AccessorLValue.getValue(PropertyOrFieldReference.java:414)
	at org.springframework.expression.spel.ast.CompoundExpression.getValueInternal(CompoundExpression.java:88)
	at org.springframework.expression.spel.ast.OpGE.getValueInternal(OpGE.java:47)
	at org.springframework.expression.spel.ast.OpGE.getValueInternal(OpGE.java:37)
	at org.springframework.expression.spel.ast.SpelNodeImpl.getValue(SpelNodeImpl.java:119)
	at org.springframework.expression.spel.standard.SpelExpression.getValue(SpelExpression.java:318)
	at org.thymeleaf.spring4.expression.SpelVariableExpressionEvaluator.evaluate(SpelVariableExpressionEvaluator.java:140)
	at org.thymeleaf.standard.expression.VariableExpression.executeVariable(VariableExpression.java:154)
	at org.thymeleaf.standard.expression.SimpleExpression.executeSimple(SimpleExpression.java:59)
	at org.thymeleaf.standard.expression.Expression.execute(Expression.java:103)
	at org.thymeleaf.standard.expression.Expression.execute(Expression.java:133)
	at org.thymeleaf.standard.expression.Expression.execute(Expression.java:120)
	at org.thymeleaf.standard.processor.attr.AbstractStandardConditionalVisibilityAttrProcessor.isVisible(AbstractStandardConditionalVisibilityAttrProcessor.java:66)
	at org.thymeleaf.processor.attr.AbstractConditionalVisibilityAttrProcessor.processAttribute(AbstractConditionalVisibilityAttrProcessor.java:59)
	at org.thymeleaf.processor.attr.AbstractAttrProcessor.doProcess(AbstractAttrProcessor.java:87)
	at org.thymeleaf.processor.AbstractProcessor.process(AbstractProcessor.java:212)
	at org.thymeleaf.dom.Node.applyNextProcessor(Node.java:1017)
	at org.thymeleaf.dom.Node.processNode(Node.java:972)
	at org.thymeleaf.dom.NestableNode.computeNextChild(NestableNode.java:695)
	at org.thymeleaf.dom.NestableNode.doAdditionalProcess(NestableNode.java:668)
	at org.thymeleaf.dom.Node.processNode(Node.java:990)
	at org.thymeleaf.dom.NestableNode.computeNextChild(NestableNode.java:695)
	at org.thymeleaf.dom.NestableNode.doAdditionalProcess(NestableNode.java:668)
	at org.thymeleaf.dom.Node.processNode(Node.java:990)
	at org.thymeleaf.dom.NestableNode.computeNextChild(NestableNode.java:695)
	at org.thymeleaf.dom.NestableNode.doAdditionalProcess(NestableNode.java:668)
	at org.thymeleaf.dom.Node.processNode(Node.java:990)
	at org.thymeleaf.dom.NestableNode.computeNextChild(NestableNode.java:695)
	at org.thymeleaf.dom.NestableNode.doAdditionalProcess(NestableNode.java:668)
	at org.thymeleaf.dom.Node.processNode(Node.java:990)
	at org.thymeleaf.dom.NestableNode.computeNextChild(NestableNode.java:695)
	at org.thymeleaf.dom.NestableNode.doAdditionalProcess(NestableNode.java:668)
	at org.thymeleaf.dom.Node.processNode(Node.java:990)
	at org.thymeleaf.dom.NestableNode.computeNextChild(NestableNode.java:695)
	at org.thymeleaf.dom.NestableNode.doAdditionalProcess(NestableNode.java:668)
	at org.thymeleaf.dom.Node.processNode(Node.java:990)
	at org.thymeleaf.dom.Document.process(Document.java:93)
	at org.thymeleaf.TemplateEngine.process(TemplateEngine.java:1155)
	at org.thymeleaf.TemplateEngine.process(TemplateEngine.java:1060)
	at org.thymeleaf.TemplateEngine.process(TemplateEngine.java:1011)
	at org.thymeleaf.spring4.view.ThymeleafView.renderFragment(ThymeleafView.java:335)
	at org.thymeleaf.spring4.view.ThymeleafView.render(ThymeleafView.java:190)
	at org.springframework.web.servlet.DispatcherServlet.render(DispatcherServlet.java:1286)
	at org.springframework.web.servlet.DispatcherServlet.processDispatchResult(DispatcherServlet.java:1041)
	at org.springframework.web.servlet.DispatcherServlet.doDispatch(DispatcherServlet.java:984)
	at org.springframework.web.servlet.DispatcherServlet.doService(DispatcherServlet.java:901)
	at org.springframework.web.servlet.FrameworkServlet.processRequest(FrameworkServlet.java:970)
	at org.springframework.web.servlet.FrameworkServlet.doGet(FrameworkServlet.java:861)
	at javax.servlet.http.HttpServlet.service(HttpServlet.java:635)
	at org.springframework.web.servlet.FrameworkServlet.service(FrameworkServlet.java:846)
	at javax.servlet.http.HttpServlet.service(HttpServlet.java:742)
	at org.apache.catalina.core.ApplicationFilterChain.internalDoFilter(ApplicationFilterChain.java:231)
	at org.apache.catalina.core.ApplicationFilterChain.doFilter(ApplicationFilterChain.java:166)
	at org.apache.tomcat.websocket.server.WsFilter.doFilter(WsFilter.java:52)
	at org.apache.catalina.core.ApplicationFilterChain.internalDoFilter(ApplicationFilterChain.java:193)
	at org.apache.catalina.core.ApplicationFilterChain.doFilter(ApplicationFilterChain.java:166)
	at com.jxtele.projectmanage.filter.LoginFilter.doFilter(LoginFilter.java:66)
	at org.apache.catalina.core.ApplicationFilterChain.internalDoFilter(ApplicationFilterChain.java:193)
	at org.apache.catalina.core.ApplicationFilterChain.doFilter(ApplicationFilterChain.java:166)
	at com.alibaba.druid.support.http.WebStatFilter.doFilter(WebStatFilter.java:123)
	at org.apache.catalina.core.ApplicationFilterChain.internalDoFilter(ApplicationFilterChain.java:193)
	at org.apache.catalina.core.ApplicationFilterChain.doFilter(ApplicationFilterChain.java:166)
	at org.springframework.web.filter.RequestContextFilter.doFilterInternal(RequestContextFilter.java:99)
	at org.springframework.web.filter.OncePerRequestFilter.doFilter(OncePerRequestFilter.java:107)
	at org.apache.catalina.core.ApplicationFilterChain.internalDoFilter(ApplicationFilterChain.java:193)
	at org.apache.catalina.core.ApplicationFilterChain.doFilter(ApplicationFilterChain.java:166)
	at org.springframework.web.filter.HttpPutFormContentFilter.doFilterInternal(HttpPutFormContentFilter.java:109)
	at org.springframework.web.filter.OncePerRequestFilter.doFilter(OncePerRequestFilter.java:107)
	at org.apache.catalina.core.ApplicationFilterChain.internalDoFilter(ApplicationFilterChain.java:193)
	at org.apache.catalina.core.ApplicationFilterChain.doFilter(ApplicationFilterChain.java:166)
	at org.springframework.web.filter.HiddenHttpMethodFilter.doFilterInternal(HiddenHttpMethodFilter.java:93)
	at org.springframework.web.filter.OncePerRequestFilter.doFilter(OncePerRequestFilter.java:107)
	at org.apache.catalina.core.ApplicationFilterChain.internalDoFilter(ApplicationFilterChain.java:193)
	at org.apache.catalina.core.ApplicationFilterChain.doFilter(ApplicationFilterChain.java:166)
	at org.springframework.web.filter.CharacterEncodingFilter.doFilterInternal(CharacterEncodingFilter.java:197)
	at org.springframework.web.filter.OncePerRequestFilter.doFilter(OncePerRequestFilter.java:107)
	at org.apache.catalina.core.ApplicationFilterChain.internalDoFilter(ApplicationFilterChain.java:193)
	at org.apache.catalina.core.ApplicationFilterChain.doFilter(ApplicationFilterChain.java:166)
	at org.apache.catalina.core.StandardWrapperValve.invoke(StandardWrapperValve.java:198)
	at org.apache.catalina.core.StandardContextValve.invoke(StandardContextValve.java:96)
	at org.apache.catalina.authenticator.AuthenticatorBase.invoke(AuthenticatorBase.java:493)
	at org.apache.catalina.core.StandardHostValve.invoke(StandardHostValve.java:140)
	at org.apache.catalina.valves.ErrorReportValve.invoke(ErrorReportValve.java:81)
	at org.apache.catalina.core.StandardEngineValve.invoke(StandardEngineValve.java:87)
	at org.apache.catalina.connector.CoyoteAdapter.service(CoyoteAdapter.java:342)
	at org.apache.coyote.http11.Http11Processor.service(Http11Processor.java:800)
	at org.apache.coyote.AbstractProcessorLight.process(AbstractProcessorLight.java:66)
	at org.apache.coyote.AbstractProtocol$ConnectionHandler.process(AbstractProtocol.java:806)
	at org.apache.tomcat.util.net.NioEndpoint$SocketProcessor.doRun(NioEndpoint.java:1498)
	at org.apache.tomcat.util.net.SocketProcessorBase.run(SocketProcessorBase.java:49)
	at java.util.concurrent.ThreadPoolExecutor.runWorker(ThreadPoolExecutor.java:1149)
	at java.util.concurrent.ThreadPoolExecutor$Worker.run(ThreadPoolExecutor.java:624)
	at org.apache.tomcat.util.threads.TaskThread$WrappingRunnable.run(TaskThread.java:61)
	at java.lang.Thread.run(Thread.java:748)
2019-04-24 18:02:10.668 [Thread-46] INFO  o.s.b.c.e.AnnotationConfigEmbeddedWebApplicationContext - Closing org.springframework.boot.context.embedded.AnnotationConfigEmbeddedWebApplicationContext@2eebb4d5: startup date [Wed Apr 24 17:46:44 CST 2019]; root of context hierarchy
2019-04-24 18:02:10.797 [Thread-46] INFO  o.s.jmx.export.annotation.AnnotationMBeanExporter - Unregistering JMX-exposed beans on shutdown
