2019-04-11 09:21:18.343 [restartedMain] INFO  com.jxtele.projectmanage.ProjectmanageApplication - Starting ProjectmanageApplication on gleamora-hp-probook-6470b3-8-gib with PID 6154 (/home/gleamora/Work/version/projectmanage/target/classes started by gleamora in /home/gleamora/Work/version)
2019-04-11 09:21:18.376 [restartedMain] INFO  com.jxtele.projectmanage.ProjectmanageApplication - No active profile set, falling back to default profiles: default
2019-04-11 09:21:19.658 [background-preinit] INFO  org.hibernate.validator.internal.util.Version - HV000001: Hibernate Validator 5.3.6.Final
2019-04-11 09:21:22.289 [restartedMain] INFO  o.s.b.c.e.AnnotationConfigEmbeddedWebApplicationContext - Refreshing org.springframework.boot.context.embedded.AnnotationConfigEmbeddedWebApplicationContext@47a156c0: startup date [Thu Apr 11 09:21:22 CST 2019]; root of context hierarchy
2019-04-11 09:21:29.648 [restartedMain] INFO  o.s.b.c.e.tomcat.TomcatEmbeddedServletContainer - Tomcat initialized with port(s): 8081 (http)
2019-04-11 09:21:29.729 [restartedMain] INFO  org.apache.coyote.http11.Http11NioProtocol - Initializing ProtocolHandler ["http-nio-8081"]
2019-04-11 09:21:29.770 [restartedMain] INFO  org.apache.catalina.core.StandardService - Starting service [Tomcat]
2019-04-11 09:21:29.771 [restartedMain] INFO  org.apache.catalina.core.StandardEngine - Starting Servlet Engine: Apache Tomcat/8.5.37
2019-04-11 09:21:30.113 [localhost-startStop-1] INFO  o.a.c.core.ContainerBase.[Tomcat].[localhost].[/] - Initializing Spring embedded WebApplicationContext
2019-04-11 09:21:30.113 [localhost-startStop-1] INFO  org.springframework.web.context.ContextLoader - Root WebApplicationContext: initialization completed in 7824 ms
2019-04-11 09:21:32.472 [localhost-startStop-1] INFO  o.s.boot.web.servlet.FilterRegistrationBean - Mapping filter: 'characterEncodingFilter' to: [/*]
2019-04-11 09:21:32.472 [localhost-startStop-1] INFO  o.s.boot.web.servlet.FilterRegistrationBean - Mapping filter: 'hiddenHttpMethodFilter' to: [/*]
2019-04-11 09:21:32.472 [localhost-startStop-1] INFO  o.s.boot.web.servlet.FilterRegistrationBean - Mapping filter: 'httpPutFormContentFilter' to: [/*]
2019-04-11 09:21:32.472 [localhost-startStop-1] INFO  o.s.boot.web.servlet.FilterRegistrationBean - Mapping filter: 'requestContextFilter' to: [/*]
2019-04-11 09:21:32.473 [localhost-startStop-1] INFO  o.s.boot.web.servlet.FilterRegistrationBean - Mapping filter: 'webStatFilter' to urls: [/*]
2019-04-11 09:21:32.473 [localhost-startStop-1] INFO  o.s.boot.web.servlet.FilterRegistrationBean - Mapping filter: 'loginFilter' to urls: [/*]
2019-04-11 09:21:32.473 [localhost-startStop-1] INFO  o.s.boot.web.servlet.ServletRegistrationBean - Mapping servlet: 'dispatcherServlet' to [/]
2019-04-11 09:21:33.288 [restartedMain] INFO  o.s.w.s.m.m.a.RequestMappingHandlerAdapter - Looking for @ControllerAdvice: org.springframework.boot.context.embedded.AnnotationConfigEmbeddedWebApplicationContext@47a156c0: startup date [Thu Apr 11 09:21:22 CST 2019]; root of context hierarchy
2019-04-11 09:21:33.353 [restartedMain] INFO  c.j.p.i.InterceptorAdapter$$EnhancerBySpringCGLIB$$c7867109 - 拦截
2019-04-11 09:21:33.413 [restartedMain] INFO  o.s.w.s.m.m.a.RequestMappingHandlerMapping - Mapped "{[/alterschedule/edit],methods=[POST]}" onto public java.lang.Object com.jxtele.projectmanage.controller.AlterScheduleController.edit(com.jxtele.projectmanage.entity.AlterSchedule)
2019-04-11 09:21:33.414 [restartedMain] INFO  o.s.w.s.m.m.a.RequestMappingHandlerMapping - Mapped "{[/alterschedule/del/{id}],methods=[GET]}" onto public java.lang.Object com.jxtele.projectmanage.controller.AlterScheduleController.del(java.lang.Integer)
2019-04-11 09:21:33.414 [restartedMain] INFO  o.s.w.s.m.m.a.RequestMappingHandlerMapping - Mapped "{[/alterschedule/add],methods=[POST]}" onto public java.lang.Object com.jxtele.projectmanage.controller.AlterScheduleController.add(com.jxtele.projectmanage.entity.AlterSchedule)
2019-04-11 09:21:33.414 [restartedMain] INFO  o.s.w.s.m.m.a.RequestMappingHandlerMapping - Mapped "{[/alterschedule/list/{id}],methods=[GET]}" onto public org.springframework.web.servlet.ModelAndView com.jxtele.projectmanage.controller.AlterScheduleController.list(java.lang.Integer,org.springframework.ui.ModelMap)
2019-04-11 09:21:33.417 [restartedMain] INFO  o.s.w.s.m.m.a.RequestMappingHandlerMapping - Mapped "{[/upload/edit],methods=[POST]}" onto public java.lang.Object com.jxtele.projectmanage.controller.AttachmentFileController.edit(com.jxtele.projectmanage.entity.AttachmentFile)
2019-04-11 09:21:33.417 [restartedMain] INFO  o.s.w.s.m.m.a.RequestMappingHandlerMapping - Mapped "{[/upload/del/{id}],methods=[GET]}" onto public java.lang.Object com.jxtele.projectmanage.controller.AttachmentFileController.del(java.lang.Integer)
2019-04-11 09:21:33.418 [restartedMain] INFO  o.s.w.s.m.m.a.RequestMappingHandlerMapping - Mapped "{[/upload/fileup],methods=[POST]}" onto public java.lang.String com.jxtele.projectmanage.controller.AttachmentFileController.upload(org.springframework.web.multipart.MultipartFile,com.jxtele.projectmanage.entity.AttachmentFile)
2019-04-11 09:21:33.418 [restartedMain] INFO  o.s.w.s.m.m.a.RequestMappingHandlerMapping - Mapped "{[/upload/downloadFile]}" onto public void com.jxtele.projectmanage.controller.AttachmentFileController.downloads(javax.servlet.http.HttpServletRequest,javax.servlet.http.HttpServletResponse,com.jxtele.projectmanage.entity.AttachmentFile) throws java.lang.Exception
2019-04-11 09:21:33.419 [restartedMain] INFO  o.s.w.s.m.m.a.RequestMappingHandlerMapping - Mapped "{[/upload/add],methods=[POST]}" onto public java.lang.Object com.jxtele.projectmanage.controller.AttachmentFileController.add(com.jxtele.projectmanage.entity.AttachmentFile)
2019-04-11 09:21:33.419 [restartedMain] INFO  o.s.w.s.m.m.a.RequestMappingHandlerMapping - Mapped "{[/upload/list/{id}],methods=[GET]}" onto public org.springframework.web.servlet.ModelAndView com.jxtele.projectmanage.controller.AttachmentFileController.list(java.lang.Integer,org.springframework.ui.ModelMap)
2019-04-11 09:21:33.420 [restartedMain] INFO  o.s.w.s.m.m.a.RequestMappingHandlerMapping - Mapped "{[/upload/test]}" onto public org.springframework.web.servlet.ModelAndView com.jxtele.projectmanage.controller.AttachmentFileController.test()
2019-04-11 09:21:33.422 [restartedMain] INFO  o.s.w.s.m.m.a.RequestMappingHandlerMapping - Mapped "{[/communication/edit],methods=[POST]}" onto public java.lang.Object com.jxtele.projectmanage.controller.CommunicationController.edit(com.jxtele.projectmanage.entity.Communication)
2019-04-11 09:21:33.423 [restartedMain] INFO  o.s.w.s.m.m.a.RequestMappingHandlerMapping - Mapped "{[/communication/del/{id}],methods=[GET]}" onto public java.lang.Object com.jxtele.projectmanage.controller.CommunicationController.del(java.lang.Integer)
2019-04-11 09:21:33.424 [restartedMain] INFO  o.s.w.s.m.m.a.RequestMappingHandlerMapping - Mapped "{[/communication/add],methods=[POST]}" onto public java.lang.Object com.jxtele.projectmanage.controller.CommunicationController.add(com.jxtele.projectmanage.entity.Communication)
2019-04-11 09:21:33.424 [restartedMain] INFO  o.s.w.s.m.m.a.RequestMappingHandlerMapping - Mapped "{[/communication/list/{id}],methods=[GET]}" onto public org.springframework.web.servlet.ModelAndView com.jxtele.projectmanage.controller.CommunicationController.list(java.lang.Integer,org.springframework.ui.ModelMap)
2019-04-11 09:21:33.429 [restartedMain] INFO  o.s.w.s.m.m.a.RequestMappingHandlerMapping - Mapped "{[/communicationrecord/edit],methods=[POST]}" onto public java.lang.Object com.jxtele.projectmanage.controller.CommunicationRecordController.edit(com.jxtele.projectmanage.entity.CommunicationRecord)
2019-04-11 09:21:33.429 [restartedMain] INFO  o.s.w.s.m.m.a.RequestMappingHandlerMapping - Mapped "{[/communicationrecord/del/{id}],methods=[GET]}" onto public java.lang.Object com.jxtele.projectmanage.controller.CommunicationRecordController.del(java.lang.Integer)
2019-04-11 09:21:33.430 [restartedMain] INFO  o.s.w.s.m.m.a.RequestMappingHandlerMapping - Mapped "{[/communicationrecord/add],methods=[POST]}" onto public java.lang.Object com.jxtele.projectmanage.controller.CommunicationRecordController.add(com.jxtele.projectmanage.entity.CommunicationRecord)
2019-04-11 09:21:33.430 [restartedMain] INFO  o.s.w.s.m.m.a.RequestMappingHandlerMapping - Mapped "{[/communicationrecord/list/{id}],methods=[GET]}" onto public org.springframework.web.servlet.ModelAndView com.jxtele.projectmanage.controller.CommunicationRecordController.list(java.lang.Integer,org.springframework.ui.ModelMap)
2019-04-11 09:21:33.431 [restartedMain] INFO  o.s.w.s.m.m.a.RequestMappingHandlerMapping - Mapped "{[/error/{pageNumber}]}" onto public java.lang.String com.jxtele.projectmanage.controller.ErrorController.error400(java.lang.String)
2019-04-11 09:21:33.432 [restartedMain] INFO  o.s.w.s.m.m.a.RequestMappingHandlerMapping - Mapped "{[/factschedule/edit],methods=[POST]}" onto public java.lang.Object com.jxtele.projectmanage.controller.FactScheduleleController.edit(com.jxtele.projectmanage.entity.FactSchedule)
2019-04-11 09:21:33.433 [restartedMain] INFO  o.s.w.s.m.m.a.RequestMappingHandlerMapping - Mapped "{[/factschedule/del/{id}],methods=[GET]}" onto public java.lang.Object com.jxtele.projectmanage.controller.FactScheduleleController.del(java.lang.Integer)
2019-04-11 09:21:33.433 [restartedMain] INFO  o.s.w.s.m.m.a.RequestMappingHandlerMapping - Mapped "{[/factschedule/add],methods=[POST]}" onto public java.lang.Object com.jxtele.projectmanage.controller.FactScheduleleController.add(com.jxtele.projectmanage.entity.FactSchedule)
2019-04-11 09:21:33.434 [restartedMain] INFO  o.s.w.s.m.m.a.RequestMappingHandlerMapping - Mapped "{[/factschedule/list/{id}],methods=[GET]}" onto public org.springframework.web.servlet.ModelAndView com.jxtele.projectmanage.controller.FactScheduleleController.list(java.lang.Integer,org.springframework.ui.ModelMap)
2019-04-11 09:21:33.435 [restartedMain] INFO  o.s.w.s.m.m.a.RequestMappingHandlerMapping - Mapped "{[/ || /toLogin],methods=[GET]}" onto public java.lang.String com.jxtele.projectmanage.controller.IndexController.toLogin()
2019-04-11 09:21:33.435 [restartedMain] INFO  o.s.w.s.m.m.a.RequestMappingHandlerMapping - Mapped "{[/login],methods=[POST]}" onto public java.lang.Object com.jxtele.projectmanage.controller.IndexController.login()
2019-04-11 09:21:33.436 [restartedMain] INFO  o.s.w.s.m.m.a.RequestMappingHandlerMapping - Mapped "{[/logout]}" onto public java.lang.String com.jxtele.projectmanage.controller.IndexController.logout()
2019-04-11 09:21:33.436 [restartedMain] INFO  o.s.w.s.m.m.a.RequestMappingHandlerMapping - Mapped "{[/index]}" onto public java.lang.String com.jxtele.projectmanage.controller.IndexController.index(org.springframework.ui.Model)
2019-04-11 09:21:33.438 [restartedMain] INFO  o.s.w.s.m.m.a.RequestMappingHandlerMapping - Mapped "{[/integral/edit],methods=[POST]}" onto public java.lang.Object com.jxtele.projectmanage.controller.IntegralController.edit(com.jxtele.projectmanage.entity.Integral)
2019-04-11 09:21:33.438 [restartedMain] INFO  o.s.w.s.m.m.a.RequestMappingHandlerMapping - Mapped "{[/integral/del/{id}],methods=[GET]}" onto public java.lang.Object com.jxtele.projectmanage.controller.IntegralController.del(java.lang.Integer)
2019-04-11 09:21:33.439 [restartedMain] INFO  o.s.w.s.m.m.a.RequestMappingHandlerMapping - Mapped "{[/integral/add],methods=[POST]}" onto public java.lang.Object com.jxtele.projectmanage.controller.IntegralController.add(com.jxtele.projectmanage.entity.Integral)
2019-04-11 09:21:33.439 [restartedMain] INFO  o.s.w.s.m.m.a.RequestMappingHandlerMapping - Mapped "{[/integral/list/{id}],methods=[GET]}" onto public org.springframework.web.servlet.ModelAndView com.jxtele.projectmanage.controller.IntegralController.list(java.lang.Integer,org.springframework.ui.ModelMap)
2019-04-11 09:21:33.441 [restartedMain] INFO  o.s.w.s.m.m.a.RequestMappingHandlerMapping - Mapped "{[/integralitem/edit],methods=[POST]}" onto public java.lang.Object com.jxtele.projectmanage.controller.IntegralItemController.edit(com.jxtele.projectmanage.entity.IntegralItem)
2019-04-11 09:21:33.441 [restartedMain] INFO  o.s.w.s.m.m.a.RequestMappingHandlerMapping - Mapped "{[/integralitem/del/{id}],methods=[GET]}" onto public java.lang.Object com.jxtele.projectmanage.controller.IntegralItemController.del(java.lang.Integer)
2019-04-11 09:21:33.442 [restartedMain] INFO  o.s.w.s.m.m.a.RequestMappingHandlerMapping - Mapped "{[/integralitem/add],methods=[POST]}" onto public java.lang.Object com.jxtele.projectmanage.controller.IntegralItemController.add(com.jxtele.projectmanage.entity.IntegralItem)
2019-04-11 09:21:33.442 [restartedMain] INFO  o.s.w.s.m.m.a.RequestMappingHandlerMapping - Mapped "{[/integralitem/list/{id}],methods=[GET]}" onto public org.springframework.web.servlet.ModelAndView com.jxtele.projectmanage.controller.IntegralItemController.list(java.lang.Integer,org.springframework.ui.ModelMap)
2019-04-11 09:21:33.444 [restartedMain] INFO  o.s.w.s.m.m.a.RequestMappingHandlerMapping - Mapped "{[/menu/edit],methods=[POST]}" onto public java.lang.Object com.jxtele.projectmanage.controller.MenuController.edit()
2019-04-11 09:21:33.445 [restartedMain] INFO  o.s.w.s.m.m.a.RequestMappingHandlerMapping - Mapped "{[/menu/del/{menu_id}],methods=[GET]}" onto public java.lang.Object com.jxtele.projectmanage.controller.MenuController.del(java.lang.String)
2019-04-11 09:21:33.445 [restartedMain] INFO  o.s.w.s.m.m.a.RequestMappingHandlerMapping - Mapped "{[/menu/getSubMenu]}" onto public java.lang.Object com.jxtele.projectmanage.controller.MenuController.getSubMenu()
2019-04-11 09:21:33.445 [restartedMain] INFO  o.s.w.s.m.m.a.RequestMappingHandlerMapping - Mapped "{[/menu/add],methods=[POST]}" onto public java.lang.Object com.jxtele.projectmanage.controller.MenuController.add()
2019-04-11 09:21:33.446 [restartedMain] INFO  o.s.w.s.m.m.a.RequestMappingHandlerMapping - Mapped "{[/menu/query/{menu_id}],methods=[GET]}" onto public java.lang.Object com.jxtele.projectmanage.controller.MenuController.find(java.lang.String)
2019-04-11 09:21:33.446 [restartedMain] INFO  o.s.w.s.m.m.a.RequestMappingHandlerMapping - Mapped "{[/menu/list]}" onto public java.lang.String com.jxtele.projectmanage.controller.MenuController.list(org.springframework.ui.Model)
2019-04-11 09:21:33.447 [restartedMain] INFO  o.s.w.s.m.m.a.RequestMappingHandlerMapping - Mapped "{[/moneyinfo/edit],methods=[POST]}" onto public java.lang.Object com.jxtele.projectmanage.controller.MoneyInfoController.edit(com.jxtele.projectmanage.entity.MoneyInfo)
2019-04-11 09:21:33.448 [restartedMain] INFO  o.s.w.s.m.m.a.RequestMappingHandlerMapping - Mapped "{[/moneyinfo/del/{id}],methods=[GET]}" onto public java.lang.Object com.jxtele.projectmanage.controller.MoneyInfoController.del(java.lang.Integer)
2019-04-11 09:21:33.448 [restartedMain] INFO  o.s.w.s.m.m.a.RequestMappingHandlerMapping - Mapped "{[/moneyinfo/add],methods=[POST]}" onto public java.lang.Object com.jxtele.projectmanage.controller.MoneyInfoController.add(com.jxtele.projectmanage.entity.MoneyInfo)
2019-04-11 09:21:33.449 [restartedMain] INFO  o.s.w.s.m.m.a.RequestMappingHandlerMapping - Mapped "{[/moneyinfo/list/{id}],methods=[GET]}" onto public org.springframework.web.servlet.ModelAndView com.jxtele.projectmanage.controller.MoneyInfoController.list(java.lang.Integer,org.springframework.ui.ModelMap)
2019-04-11 09:21:33.449 [restartedMain] INFO  o.s.w.s.m.m.a.RequestMappingHandlerMapping - Mapped "{[/moneyinfo/query/{id}],methods=[GET]}" onto public java.lang.Object com.jxtele.projectmanage.controller.MoneyInfoController.query(java.lang.Integer)
2019-04-11 09:21:33.450 [restartedMain] INFO  o.s.w.s.m.m.a.RequestMappingHandlerMapping - Mapped "{[/moneyinfoitem/edit],methods=[POST]}" onto public java.lang.Object com.jxtele.projectmanage.controller.MoneyInfoItemController.edit(com.jxtele.projectmanage.entity.MoneyInfoItem)
2019-04-11 09:21:33.450 [restartedMain] INFO  o.s.w.s.m.m.a.RequestMappingHandlerMapping - Mapped "{[/moneyinfoitem/del/{id}],methods=[GET]}" onto public java.lang.Object com.jxtele.projectmanage.controller.MoneyInfoItemController.del(java.lang.Integer)
2019-04-11 09:21:33.451 [restartedMain] INFO  o.s.w.s.m.m.a.RequestMappingHandlerMapping - Mapped "{[/moneyinfoitem/add],methods=[POST]}" onto public java.lang.Object com.jxtele.projectmanage.controller.MoneyInfoItemController.add(com.jxtele.projectmanage.entity.MoneyInfoItem)
2019-04-11 09:21:33.451 [restartedMain] INFO  o.s.w.s.m.m.a.RequestMappingHandlerMapping - Mapped "{[/moneyinfoitem/list/{id}],methods=[GET]}" onto public org.springframework.web.servlet.ModelAndView com.jxtele.projectmanage.controller.MoneyInfoItemController.list(java.lang.Integer,org.springframework.ui.ModelMap)
2019-04-11 09:21:33.452 [restartedMain] INFO  o.s.w.s.m.m.a.RequestMappingHandlerMapping - Mapped "{[/include/{pageName}]}" onto public java.lang.String com.jxtele.projectmanage.controller.PageController.include(java.lang.String)
2019-04-11 09:21:33.452 [restartedMain] INFO  o.s.w.s.m.m.a.RequestMappingHandlerMapping - Mapped "{[/procurement/edit],methods=[POST]}" onto public java.lang.Object com.jxtele.projectmanage.controller.ProcurementController.edit(com.jxtele.projectmanage.entity.Procurement)
2019-04-11 09:21:33.453 [restartedMain] INFO  o.s.w.s.m.m.a.RequestMappingHandlerMapping - Mapped "{[/procurement/del/{id}],methods=[GET]}" onto public java.lang.Object com.jxtele.projectmanage.controller.ProcurementController.del(java.lang.Integer)
2019-04-11 09:21:33.453 [restartedMain] INFO  o.s.w.s.m.m.a.RequestMappingHandlerMapping - Mapped "{[/procurement/add],methods=[POST]}" onto public java.lang.Object com.jxtele.projectmanage.controller.ProcurementController.add(com.jxtele.projectmanage.entity.Procurement)
2019-04-11 09:21:33.453 [restartedMain] INFO  o.s.w.s.m.m.a.RequestMappingHandlerMapping - Mapped "{[/procurement/list/{id}],methods=[GET]}" onto public org.springframework.web.servlet.ModelAndView com.jxtele.projectmanage.controller.ProcurementController.list(java.lang.Integer,org.springframework.ui.ModelMap)
2019-04-11 09:21:33.454 [restartedMain] INFO  o.s.w.s.m.m.a.RequestMappingHandlerMapping - Mapped "{[/procurementitem/edit],methods=[POST]}" onto public java.lang.Object com.jxtele.projectmanage.controller.ProcurementItemController.edit(com.jxtele.projectmanage.entity.ProcurementItem)
2019-04-11 09:21:33.455 [restartedMain] INFO  o.s.w.s.m.m.a.RequestMappingHandlerMapping - Mapped "{[/procurementitem/del/{id}],methods=[GET]}" onto public java.lang.Object com.jxtele.projectmanage.controller.ProcurementItemController.del(java.lang.Integer)
2019-04-11 09:21:33.455 [restartedMain] INFO  o.s.w.s.m.m.a.RequestMappingHandlerMapping - Mapped "{[/procurementitem/add],methods=[POST]}" onto public java.lang.Object com.jxtele.projectmanage.controller.ProcurementItemController.add(com.jxtele.projectmanage.entity.ProcurementItem)
2019-04-11 09:21:33.455 [restartedMain] INFO  o.s.w.s.m.m.a.RequestMappingHandlerMapping - Mapped "{[/procurementitem/list/{id}],methods=[GET]}" onto public org.springframework.web.servlet.ModelAndView com.jxtele.projectmanage.controller.ProcurementItemController.list(java.lang.Integer,org.springframework.ui.ModelMap)
2019-04-11 09:21:33.456 [restartedMain] INFO  o.s.w.s.m.m.a.RequestMappingHandlerMapping - Mapped "{[/project/edit],methods=[POST]}" onto public java.lang.Object com.jxtele.projectmanage.controller.ProjectController.edit()
2019-04-11 09:21:33.457 [restartedMain] INFO  o.s.w.s.m.m.a.RequestMappingHandlerMapping - Mapped "{[/project/del/{id}],methods=[GET]}" onto public java.lang.Object com.jxtele.projectmanage.controller.ProjectController.del(java.lang.Integer)
2019-04-11 09:21:33.457 [restartedMain] INFO  o.s.w.s.m.m.a.RequestMappingHandlerMapping - Mapped "{[/project/add],methods=[POST]}" onto public java.lang.Object com.jxtele.projectmanage.controller.ProjectController.add()
2019-04-11 09:21:33.457 [restartedMain] INFO  o.s.w.s.m.m.a.RequestMappingHandlerMapping - Mapped "{[/project/list],methods=[GET]}" onto public org.springframework.web.servlet.ModelAndView com.jxtele.projectmanage.controller.ProjectController.list(org.springframework.ui.ModelMap)
2019-04-11 09:21:33.459 [restartedMain] INFO  o.s.w.s.m.m.a.RequestMappingHandlerMapping - Mapped "{[/projectschedule/edit],methods=[POST]}" onto public java.lang.Object com.jxtele.projectmanage.controller.ProjectScheduleController.edit(com.jxtele.projectmanage.entity.ProjectSchedule)
2019-04-11 09:21:33.459 [restartedMain] INFO  o.s.w.s.m.m.a.RequestMappingHandlerMapping - Mapped "{[/projectschedule/del/{id}],methods=[GET]}" onto public java.lang.Object com.jxtele.projectmanage.controller.ProjectScheduleController.del(java.lang.Integer)
2019-04-11 09:21:33.459 [restartedMain] INFO  o.s.w.s.m.m.a.RequestMappingHandlerMapping - Mapped "{[/projectschedule/add],methods=[POST]}" onto public java.lang.Object com.jxtele.projectmanage.controller.ProjectScheduleController.add(com.jxtele.projectmanage.entity.ProjectSchedule)
2019-04-11 09:21:33.459 [restartedMain] INFO  o.s.w.s.m.m.a.RequestMappingHandlerMapping - Mapped "{[/projectschedule/list/{id}],methods=[GET]}" onto public org.springframework.web.servlet.ModelAndView com.jxtele.projectmanage.controller.ProjectScheduleController.list(java.lang.Integer,org.springframework.ui.ModelMap)
2019-04-11 09:21:33.460 [restartedMain] INFO  o.s.w.s.m.m.a.RequestMappingHandlerMapping - Mapped "{[/risk/edit],methods=[POST]}" onto public java.lang.Object com.jxtele.projectmanage.controller.RiskController.edit(com.jxtele.projectmanage.entity.Risk)
2019-04-11 09:21:33.461 [restartedMain] INFO  o.s.w.s.m.m.a.RequestMappingHandlerMapping - Mapped "{[/risk/del/{id}],methods=[GET]}" onto public java.lang.Object com.jxtele.projectmanage.controller.RiskController.del(java.lang.Integer)
2019-04-11 09:21:33.461 [restartedMain] INFO  o.s.w.s.m.m.a.RequestMappingHandlerMapping - Mapped "{[/risk/add],methods=[POST]}" onto public java.lang.Object com.jxtele.projectmanage.controller.RiskController.add(com.jxtele.projectmanage.entity.Risk)
2019-04-11 09:21:33.461 [restartedMain] INFO  o.s.w.s.m.m.a.RequestMappingHandlerMapping - Mapped "{[/risk/list/{id}],methods=[GET]}" onto public org.springframework.web.servlet.ModelAndView com.jxtele.projectmanage.controller.RiskController.list(java.lang.Integer,org.springframework.ui.ModelMap)
2019-04-11 09:21:33.462 [restartedMain] INFO  o.s.w.s.m.m.a.RequestMappingHandlerMapping - Mapped "{[/role/edit],methods=[POST]}" onto public java.lang.Object com.jxtele.projectmanage.controller.RoleController.edit()
2019-04-11 09:21:33.462 [restartedMain] INFO  o.s.w.s.m.m.a.RequestMappingHandlerMapping - Mapped "{[/role/del/{roleId}],methods=[GET]}" onto public java.lang.Object com.jxtele.projectmanage.controller.RoleController.del(java.lang.String)
2019-04-11 09:21:33.463 [restartedMain] INFO  o.s.w.s.m.m.a.RequestMappingHandlerMapping - Mapped "{[/role/qx],methods=[POST]}" onto public java.lang.Object com.jxtele.projectmanage.controller.RoleController.qx()
2019-04-11 09:21:33.463 [restartedMain] INFO  o.s.w.s.m.m.a.RequestMappingHandlerMapping - Mapped "{[/role/add],methods=[POST]}" onto public java.lang.Object com.jxtele.projectmanage.controller.RoleController.add()
2019-04-11 09:21:33.463 [restartedMain] INFO  o.s.w.s.m.m.a.RequestMappingHandlerMapping - Mapped "{[/role/list],methods=[GET]}" onto public java.lang.Object com.jxtele.projectmanage.controller.RoleController.list(org.springframework.ui.Model)
2019-04-11 09:21:33.464 [restartedMain] INFO  o.s.w.s.m.m.a.RequestMappingHandlerMapping - Mapped "{[/stakeholder/edit],methods=[POST]}" onto public java.lang.Object com.jxtele.projectmanage.controller.StakeholderController.edit(com.jxtele.projectmanage.entity.Stakeholder)
2019-04-11 09:21:33.465 [restartedMain] INFO  o.s.w.s.m.m.a.RequestMappingHandlerMapping - Mapped "{[/stakeholder/del/{id}],methods=[GET]}" onto public java.lang.Object com.jxtele.projectmanage.controller.StakeholderController.del(java.lang.Integer)
2019-04-11 09:21:33.465 [restartedMain] INFO  o.s.w.s.m.m.a.RequestMappingHandlerMapping - Mapped "{[/stakeholder/add],methods=[POST]}" onto public java.lang.Object com.jxtele.projectmanage.controller.StakeholderController.add(com.jxtele.projectmanage.entity.Stakeholder)
2019-04-11 09:21:33.465 [restartedMain] INFO  o.s.w.s.m.m.a.RequestMappingHandlerMapping - Mapped "{[/stakeholder/list/{id}],methods=[GET]}" onto public org.springframework.web.servlet.ModelAndView com.jxtele.projectmanage.controller.StakeholderController.list(java.lang.Integer,org.springframework.ui.ModelMap)
2019-04-11 09:21:33.466 [restartedMain] INFO  o.s.w.s.m.m.a.RequestMappingHandlerMapping - Mapped "{[/standardapply/edit],methods=[POST]}" onto public java.lang.Object com.jxtele.projectmanage.controller.StandardApplyController.edit(com.jxtele.projectmanage.entity.StandardApply)
2019-04-11 09:21:33.466 [restartedMain] INFO  o.s.w.s.m.m.a.RequestMappingHandlerMapping - Mapped "{[/standardapply/del/{id}],methods=[GET]}" onto public java.lang.Object com.jxtele.projectmanage.controller.StandardApplyController.del(java.lang.Integer)
2019-04-11 09:21:33.467 [restartedMain] INFO  o.s.w.s.m.m.a.RequestMappingHandlerMapping - Mapped "{[/standardapply/add],methods=[POST]}" onto public java.lang.Object com.jxtele.projectmanage.controller.StandardApplyController.add(com.jxtele.projectmanage.entity.StandardApply)
2019-04-11 09:21:33.467 [restartedMain] INFO  o.s.w.s.m.m.a.RequestMappingHandlerMapping - Mapped "{[/standardapply/list/{id}],methods=[GET]}" onto public org.springframework.web.servlet.ModelAndView com.jxtele.projectmanage.controller.StandardApplyController.list(java.lang.Integer,org.springframework.ui.ModelMap)
2019-04-11 09:21:33.468 [restartedMain] INFO  o.s.w.s.m.m.a.RequestMappingHandlerMapping - Mapped "{[/standardday/edit],methods=[POST]}" onto public java.lang.Object com.jxtele.projectmanage.controller.StandardDayController.edit(com.jxtele.projectmanage.entity.StandardDay)
2019-04-11 09:21:33.476 [restartedMain] INFO  o.s.w.s.m.m.a.RequestMappingHandlerMapping - Mapped "{[/standardday/del/{id}],methods=[GET]}" onto public java.lang.Object com.jxtele.projectmanage.controller.StandardDayController.del(java.lang.Integer)
2019-04-11 09:21:33.476 [restartedMain] INFO  o.s.w.s.m.m.a.RequestMappingHandlerMapping - Mapped "{[/standardday/add],methods=[POST]}" onto public java.lang.Object com.jxtele.projectmanage.controller.StandardDayController.add(com.jxtele.projectmanage.entity.StandardDay)
2019-04-11 09:21:33.477 [restartedMain] INFO  o.s.w.s.m.m.a.RequestMappingHandlerMapping - Mapped "{[/standardday/list/{id}],methods=[GET]}" onto public org.springframework.web.servlet.ModelAndView com.jxtele.projectmanage.controller.StandardDayController.list(java.lang.Integer,org.springframework.ui.ModelMap)
2019-04-11 09:21:33.478 [restartedMain] INFO  o.s.w.s.m.m.a.RequestMappingHandlerMapping - Mapped "{[/supplier/edit],methods=[POST]}" onto public java.lang.Object com.jxtele.projectmanage.controller.SupplierController.edit(com.jxtele.projectmanage.entity.Supplier)
2019-04-11 09:21:33.479 [restartedMain] INFO  o.s.w.s.m.m.a.RequestMappingHandlerMapping - Mapped "{[/supplier/del/{id}],methods=[GET]}" onto public java.lang.Object com.jxtele.projectmanage.controller.SupplierController.del(java.lang.Integer)
2019-04-11 09:21:33.479 [restartedMain] INFO  o.s.w.s.m.m.a.RequestMappingHandlerMapping - Mapped "{[/supplier/add],methods=[POST]}" onto public java.lang.Object com.jxtele.projectmanage.controller.SupplierController.add(com.jxtele.projectmanage.entity.Supplier)
2019-04-11 09:21:33.479 [restartedMain] INFO  o.s.w.s.m.m.a.RequestMappingHandlerMapping - Mapped "{[/supplier/list/{id}],methods=[GET]}" onto public org.springframework.web.servlet.ModelAndView com.jxtele.projectmanage.controller.SupplierController.list(java.lang.Integer,org.springframework.ui.ModelMap)
2019-04-11 09:21:33.481 [restartedMain] INFO  o.s.w.s.m.m.a.RequestMappingHandlerMapping - Mapped "{[/teambuild/edit],methods=[POST]}" onto public java.lang.Object com.jxtele.projectmanage.controller.TeamBuildController.edit(com.jxtele.projectmanage.entity.TeamBuild)
2019-04-11 09:21:33.481 [restartedMain] INFO  o.s.w.s.m.m.a.RequestMappingHandlerMapping - Mapped "{[/teambuild/del/{id}],methods=[GET]}" onto public java.lang.Object com.jxtele.projectmanage.controller.TeamBuildController.del(java.lang.Integer)
2019-04-11 09:21:33.481 [restartedMain] INFO  o.s.w.s.m.m.a.RequestMappingHandlerMapping - Mapped "{[/teambuild/getProject],methods=[GET]}" onto public java.lang.Object com.jxtele.projectmanage.controller.TeamBuildController.projectList()
2019-04-11 09:21:33.482 [restartedMain] INFO  o.s.w.s.m.m.a.RequestMappingHandlerMapping - Mapped "{[/teambuild/getAllUser],methods=[GET]}" onto public java.lang.Object com.jxtele.projectmanage.controller.TeamBuildController.userList()
2019-04-11 09:21:33.482 [restartedMain] INFO  o.s.w.s.m.m.a.RequestMappingHandlerMapping - Mapped "{[/teambuild/add],methods=[POST]}" onto public java.lang.Object com.jxtele.projectmanage.controller.TeamBuildController.add(com.jxtele.projectmanage.entity.TeamBuild)
2019-04-11 09:21:33.482 [restartedMain] INFO  o.s.w.s.m.m.a.RequestMappingHandlerMapping - Mapped "{[/teambuild/list/{id}],methods=[GET]}" onto public org.springframework.web.servlet.ModelAndView com.jxtele.projectmanage.controller.TeamBuildController.list(java.lang.Integer,org.springframework.ui.ModelMap)
2019-04-11 09:21:33.483 [restartedMain] INFO  o.s.w.s.m.m.a.RequestMappingHandlerMapping - Mapped "{[/upload/img],methods=[POST]}" onto public java.lang.String com.jxtele.projectmanage.controller.UploadController.imgUpload(org.springframework.web.multipart.MultipartFile)
2019-04-11 09:21:33.483 [restartedMain] INFO  o.s.w.s.m.m.a.RequestMappingHandlerMapping - Mapped "{[/upload/show/{folderName}/{filename:.+}],methods=[GET]}" onto public org.springframework.http.ResponseEntity<?> com.jxtele.projectmanage.controller.UploadController.getImg(java.lang.String,java.lang.String)
2019-04-11 09:21:33.483 [restartedMain] INFO  o.s.w.s.m.m.a.RequestMappingHandlerMapping - Mapped "{[/upload/show/{filename:.+}],methods=[GET]}" onto public org.springframework.http.ResponseEntity<?> com.jxtele.projectmanage.controller.UploadController.getFile(java.lang.String)
2019-04-11 09:21:33.485 [restartedMain] INFO  o.s.w.s.m.m.a.RequestMappingHandlerMapping - Mapped "{[/user/edit],methods=[POST]}" onto public java.lang.Object com.jxtele.projectmanage.controller.UserController.edit()
2019-04-11 09:21:33.486 [restartedMain] INFO  o.s.w.s.m.m.a.RequestMappingHandlerMapping - Mapped "{[/user/del],methods=[POST]}" onto public java.lang.Object com.jxtele.projectmanage.controller.UserController.del()
2019-04-11 09:21:33.486 [restartedMain] INFO  o.s.w.s.m.m.a.RequestMappingHandlerMapping - Mapped "{[/user/list],methods=[GET]}" onto public java.lang.Object com.jxtele.projectmanage.controller.UserController.login(org.springframework.ui.Model)
2019-04-11 09:21:33.487 [restartedMain] INFO  o.s.w.s.m.m.a.RequestMappingHandlerMapping - Mapped "{[/user/getRole],methods=[GET]}" onto public java.lang.Object com.jxtele.projectmanage.controller.UserController.userRole()
2019-04-11 09:21:33.487 [restartedMain] INFO  o.s.w.s.m.m.a.RequestMappingHandlerMapping - Mapped "{[/user/editRole],methods=[POST]}" onto public java.lang.Object com.jxtele.projectmanage.controller.UserController.editRole()
2019-04-11 09:21:33.488 [restartedMain] INFO  o.s.w.s.m.m.a.RequestMappingHandlerMapping - Mapped "{[/user/add],methods=[POST]}" onto public java.lang.Object com.jxtele.projectmanage.controller.UserController.add()
2019-04-11 09:21:33.492 [restartedMain] INFO  o.s.w.s.m.m.a.RequestMappingHandlerMapping - Mapped "{[/error],produces=[text/html]}" onto public org.springframework.web.servlet.ModelAndView org.springframework.boot.autoconfigure.web.BasicErrorController.errorHtml(javax.servlet.http.HttpServletRequest,javax.servlet.http.HttpServletResponse)
2019-04-11 09:21:33.492 [restartedMain] INFO  o.s.w.s.m.m.a.RequestMappingHandlerMapping - Mapped "{[/error]}" onto public org.springframework.http.ResponseEntity<java.util.Map<java.lang.String, java.lang.Object>> org.springframework.boot.autoconfigure.web.BasicErrorController.error(javax.servlet.http.HttpServletRequest)
2019-04-11 09:21:33.542 [restartedMain] INFO  o.s.web.servlet.handler.SimpleUrlHandlerMapping - Mapped URL path [/webjars/**] onto handler of type [class org.springframework.web.servlet.resource.ResourceHttpRequestHandler]
2019-04-11 09:21:33.543 [restartedMain] INFO  o.s.web.servlet.handler.SimpleUrlHandlerMapping - Mapped URL path [/**] onto handler of type [class org.springframework.web.servlet.resource.ResourceHttpRequestHandler]
2019-04-11 09:21:33.579 [restartedMain] INFO  o.s.web.servlet.handler.SimpleUrlHandlerMapping - Mapped URL path [/**/favicon.ico] onto handler of type [class org.springframework.web.servlet.resource.ResourceHttpRequestHandler]
2019-04-11 09:21:35.642 [restartedMain] INFO  o.s.b.d.autoconfigure.OptionalLiveReloadServer - LiveReload server is running on port 35729
2019-04-11 09:21:35.781 [restartedMain] INFO  o.s.jmx.export.annotation.AnnotationMBeanExporter - Registering beans for JMX exposure on startup
2019-04-11 09:21:35.872 [restartedMain] INFO  org.apache.coyote.http11.Http11NioProtocol - Starting ProtocolHandler ["http-nio-8081"]
2019-04-11 09:21:35.914 [restartedMain] INFO  org.apache.tomcat.util.net.NioSelectorPool - Using a shared selector for servlet write/read
2019-04-11 09:21:35.954 [restartedMain] INFO  o.s.b.c.e.tomcat.TomcatEmbeddedServletContainer - Tomcat started on port(s): 8081 (http)
2019-04-11 09:21:36.047 [restartedMain] INFO  com.jxtele.projectmanage.ProjectmanageApplication - Started ProjectmanageApplication in 20.463 seconds (JVM running for 30.396)
2019-04-11 09:22:13.607 [http-nio-8081-exec-1] INFO  o.a.c.core.ContainerBase.[Tomcat].[localhost].[/] - Initializing Spring FrameworkServlet 'dispatcherServlet'
2019-04-11 09:22:13.624 [http-nio-8081-exec-1] INFO  org.springframework.web.servlet.DispatcherServlet - FrameworkServlet 'dispatcherServlet': initialization started
2019-04-11 09:22:13.656 [http-nio-8081-exec-1] INFO  org.springframework.web.servlet.DispatcherServlet - FrameworkServlet 'dispatcherServlet': initialization completed in 32 ms
2019-04-11 09:22:14.114 [http-nio-8081-exec-1] WARN  org.apache.catalina.util.SessionIdGeneratorBase - Creation of SecureRandom instance for session ID generation using [SHA1PRNG] took [151] milliseconds.
2019-04-11 09:22:14.369 [http-nio-8081-exec-2] INFO  org.thymeleaf.TemplateEngine - [THYMELEAF] INITIALIZING TEMPLATE ENGINE
2019-04-11 09:22:14.449 [http-nio-8081-exec-2] INFO  o.t.templateresolver.AbstractTemplateResolver - [THYMELEAF] INITIALIZING TEMPLATE RESOLVER: org.thymeleaf.spring4.templateresolver.SpringResourceTemplateResolver
2019-04-11 09:22:14.449 [http-nio-8081-exec-2] INFO  o.t.templateresolver.AbstractTemplateResolver - [THYMELEAF] TEMPLATE RESOLVER INITIALIZED OK
2019-04-11 09:22:14.449 [http-nio-8081-exec-2] INFO  o.t.messageresolver.AbstractMessageResolver - [THYMELEAF] INITIALIZING MESSAGE RESOLVER: org.thymeleaf.spring4.messageresolver.SpringMessageResolver
2019-04-11 09:22:14.449 [http-nio-8081-exec-2] INFO  o.t.messageresolver.AbstractMessageResolver - [THYMELEAF] MESSAGE RESOLVER INITIALIZED OK
2019-04-11 09:22:14.459 [http-nio-8081-exec-2] INFO  org.thymeleaf.TemplateEngine.CONFIG - [THYMELEAF] TEMPLATE ENGINE CONFIGURATION:
[THYMELEAF] * Cache Factory implementation: org.thymeleaf.cache.StandardCacheManager
[THYMELEAF] * Template modes:
[THYMELEAF]     * LEGACYHTML5
[THYMELEAF]     * XHTML
[THYMELEAF]     * HTML5
[THYMELEAF]     * XML
[THYMELEAF]     * VALIDXML
[THYMELEAF]     * VALIDXHTML
[THYMELEAF] * Template resolvers (in order):
[THYMELEAF]     * org.thymeleaf.spring4.templateresolver.SpringResourceTemplateResolver
[THYMELEAF] * Message resolvers (in order):
[THYMELEAF]     * org.thymeleaf.spring4.messageresolver.SpringMessageResolver
[THYMELEAF] * Dialect [1 of 2]: org.thymeleaf.spring4.dialect.SpringStandardDialect
[THYMELEAF]     * Prefix: "th"
[THYMELEAF] * Dialect [2 of 2]: nz.net.ultraq.thymeleaf.LayoutDialect
[THYMELEAF]     * Prefix: "layout"
[THYMELEAF] TEMPLATE ENGINE CONFIGURED OK
2019-04-11 09:22:14.459 [http-nio-8081-exec-2] INFO  org.thymeleaf.TemplateEngine - [THYMELEAF] TEMPLATE ENGINE INITIALIZED
2019-04-11 10:51:48.617 [restartedMain] INFO  com.jxtele.projectmanage.ProjectmanageApplication - Starting ProjectmanageApplication on gleamora-hp-probook-6470b3-8-gib with PID 3127 (/home/gleamora/Work/version/projectmanage/target/classes started by gleamora in /home/gleamora/Work/version)
2019-04-11 10:51:48.639 [restartedMain] INFO  com.jxtele.projectmanage.ProjectmanageApplication - No active profile set, falling back to default profiles: default
2019-04-11 10:51:49.618 [background-preinit] INFO  org.hibernate.validator.internal.util.Version - HV000001: Hibernate Validator 5.3.6.Final
2019-04-11 10:51:50.710 [restartedMain] INFO  o.s.b.c.e.AnnotationConfigEmbeddedWebApplicationContext - Refreshing org.springframework.boot.context.embedded.AnnotationConfigEmbeddedWebApplicationContext@60e02dae: startup date [Thu Apr 11 10:51:50 CST 2019]; root of context hierarchy
2019-04-11 10:52:01.204 [restartedMain] INFO  o.s.b.c.e.tomcat.TomcatEmbeddedServletContainer - Tomcat initialized with port(s): 8081 (http)
2019-04-11 10:52:01.783 [restartedMain] INFO  org.apache.coyote.http11.Http11NioProtocol - Initializing ProtocolHandler ["http-nio-8081"]
2019-04-11 10:52:02.042 [restartedMain] INFO  org.apache.catalina.core.StandardService - Starting service [Tomcat]
2019-04-11 10:52:02.043 [restartedMain] INFO  org.apache.catalina.core.StandardEngine - Starting Servlet Engine: Apache Tomcat/8.5.37
2019-04-11 10:52:03.802 [localhost-startStop-1] INFO  o.a.c.core.ContainerBase.[Tomcat].[localhost].[/] - Initializing Spring embedded WebApplicationContext
2019-04-11 10:52:03.802 [localhost-startStop-1] INFO  org.springframework.web.context.ContextLoader - Root WebApplicationContext: initialization completed in 13092 ms
2019-04-11 10:52:10.436 [localhost-startStop-1] INFO  o.s.boot.web.servlet.FilterRegistrationBean - Mapping filter: 'characterEncodingFilter' to: [/*]
2019-04-11 10:52:10.437 [localhost-startStop-1] INFO  o.s.boot.web.servlet.FilterRegistrationBean - Mapping filter: 'hiddenHttpMethodFilter' to: [/*]
2019-04-11 10:52:10.437 [localhost-startStop-1] INFO  o.s.boot.web.servlet.FilterRegistrationBean - Mapping filter: 'httpPutFormContentFilter' to: [/*]
2019-04-11 10:52:10.437 [localhost-startStop-1] INFO  o.s.boot.web.servlet.FilterRegistrationBean - Mapping filter: 'requestContextFilter' to: [/*]
2019-04-11 10:52:10.437 [localhost-startStop-1] INFO  o.s.boot.web.servlet.FilterRegistrationBean - Mapping filter: 'webStatFilter' to urls: [/*]
2019-04-11 10:52:10.438 [localhost-startStop-1] INFO  o.s.boot.web.servlet.FilterRegistrationBean - Mapping filter: 'loginFilter' to urls: [/*]
2019-04-11 10:52:10.438 [localhost-startStop-1] INFO  o.s.boot.web.servlet.ServletRegistrationBean - Mapping servlet: 'dispatcherServlet' to [/]
2019-04-11 10:52:11.472 [restartedMain] INFO  o.s.w.s.m.m.a.RequestMappingHandlerAdapter - Looking for @ControllerAdvice: org.springframework.boot.context.embedded.AnnotationConfigEmbeddedWebApplicationContext@60e02dae: startup date [Thu Apr 11 10:51:50 CST 2019]; root of context hierarchy
2019-04-11 10:52:11.635 [restartedMain] INFO  c.j.p.i.InterceptorAdapter$$EnhancerBySpringCGLIB$$6aea0177 - 拦截
2019-04-11 10:52:11.667 [restartedMain] INFO  o.s.w.s.m.m.a.RequestMappingHandlerMapping - Mapped "{[/alterschedule/edit],methods=[POST]}" onto public java.lang.Object com.jxtele.projectmanage.controller.AlterScheduleController.edit(com.jxtele.projectmanage.entity.AlterSchedule)
2019-04-11 10:52:11.668 [restartedMain] INFO  o.s.w.s.m.m.a.RequestMappingHandlerMapping - Mapped "{[/alterschedule/del/{id}],methods=[GET]}" onto public java.lang.Object com.jxtele.projectmanage.controller.AlterScheduleController.del(java.lang.Integer)
2019-04-11 10:52:11.668 [restartedMain] INFO  o.s.w.s.m.m.a.RequestMappingHandlerMapping - Mapped "{[/alterschedule/add],methods=[POST]}" onto public java.lang.Object com.jxtele.projectmanage.controller.AlterScheduleController.add(com.jxtele.projectmanage.entity.AlterSchedule)
2019-04-11 10:52:11.669 [restartedMain] INFO  o.s.w.s.m.m.a.RequestMappingHandlerMapping - Mapped "{[/alterschedule/list/{id}],methods=[GET]}" onto public org.springframework.web.servlet.ModelAndView com.jxtele.projectmanage.controller.AlterScheduleController.list(java.lang.Integer,org.springframework.ui.ModelMap)
2019-04-11 10:52:11.688 [restartedMain] INFO  o.s.w.s.m.m.a.RequestMappingHandlerMapping - Mapped "{[/upload/edit],methods=[POST]}" onto public java.lang.Object com.jxtele.projectmanage.controller.AttachmentFileController.edit(com.jxtele.projectmanage.entity.AttachmentFile)
2019-04-11 10:52:11.689 [restartedMain] INFO  o.s.w.s.m.m.a.RequestMappingHandlerMapping - Mapped "{[/upload/del/{id}],methods=[GET]}" onto public java.lang.Object com.jxtele.projectmanage.controller.AttachmentFileController.del(java.lang.Integer)
2019-04-11 10:52:11.690 [restartedMain] INFO  o.s.w.s.m.m.a.RequestMappingHandlerMapping - Mapped "{[/upload/fileup],methods=[POST]}" onto public java.lang.String com.jxtele.projectmanage.controller.AttachmentFileController.upload(org.springframework.web.multipart.MultipartFile,com.jxtele.projectmanage.entity.AttachmentFile)
2019-04-11 10:52:11.691 [restartedMain] INFO  o.s.w.s.m.m.a.RequestMappingHandlerMapping - Mapped "{[/upload/downloadFile]}" onto public void com.jxtele.projectmanage.controller.AttachmentFileController.downloads(javax.servlet.http.HttpServletRequest,javax.servlet.http.HttpServletResponse,com.jxtele.projectmanage.entity.AttachmentFile) throws java.lang.Exception
2019-04-11 10:52:11.691 [restartedMain] INFO  o.s.w.s.m.m.a.RequestMappingHandlerMapping - Mapped "{[/upload/add],methods=[POST]}" onto public java.lang.Object com.jxtele.projectmanage.controller.AttachmentFileController.add(com.jxtele.projectmanage.entity.AttachmentFile)
2019-04-11 10:52:11.692 [restartedMain] INFO  o.s.w.s.m.m.a.RequestMappingHandlerMapping - Mapped "{[/upload/list/{id}],methods=[GET]}" onto public org.springframework.web.servlet.ModelAndView com.jxtele.projectmanage.controller.AttachmentFileController.list(java.lang.Integer,org.springframework.ui.ModelMap)
2019-04-11 10:52:11.692 [restartedMain] INFO  o.s.w.s.m.m.a.RequestMappingHandlerMapping - Mapped "{[/upload/test]}" onto public org.springframework.web.servlet.ModelAndView com.jxtele.projectmanage.controller.AttachmentFileController.test()
2019-04-11 10:52:11.695 [restartedMain] INFO  o.s.w.s.m.m.a.RequestMappingHandlerMapping - Mapped "{[/communication/edit],methods=[POST]}" onto public java.lang.Object com.jxtele.projectmanage.controller.CommunicationController.edit(com.jxtele.projectmanage.entity.Communication)
2019-04-11 10:52:11.696 [restartedMain] INFO  o.s.w.s.m.m.a.RequestMappingHandlerMapping - Mapped "{[/communication/del/{id}],methods=[GET]}" onto public java.lang.Object com.jxtele.projectmanage.controller.CommunicationController.del(java.lang.Integer)
2019-04-11 10:52:11.697 [restartedMain] INFO  o.s.w.s.m.m.a.RequestMappingHandlerMapping - Mapped "{[/communication/add],methods=[POST]}" onto public java.lang.Object com.jxtele.projectmanage.controller.CommunicationController.add(com.jxtele.projectmanage.entity.Communication)
2019-04-11 10:52:11.698 [restartedMain] INFO  o.s.w.s.m.m.a.RequestMappingHandlerMapping - Mapped "{[/communication/list/{id}],methods=[GET]}" onto public org.springframework.web.servlet.ModelAndView com.jxtele.projectmanage.controller.CommunicationController.list(java.lang.Integer,org.springframework.ui.ModelMap)
2019-04-11 10:52:11.703 [restartedMain] INFO  o.s.w.s.m.m.a.RequestMappingHandlerMapping - Mapped "{[/communicationrecord/edit],methods=[POST]}" onto public java.lang.Object com.jxtele.projectmanage.controller.CommunicationRecordController.edit(com.jxtele.projectmanage.entity.CommunicationRecord)
2019-04-11 10:52:11.704 [restartedMain] INFO  o.s.w.s.m.m.a.RequestMappingHandlerMapping - Mapped "{[/communicationrecord/del/{id}],methods=[GET]}" onto public java.lang.Object com.jxtele.projectmanage.controller.CommunicationRecordController.del(java.lang.Integer)
2019-04-11 10:52:11.705 [restartedMain] INFO  o.s.w.s.m.m.a.RequestMappingHandlerMapping - Mapped "{[/communicationrecord/add],methods=[POST]}" onto public java.lang.Object com.jxtele.projectmanage.controller.CommunicationRecordController.add(com.jxtele.projectmanage.entity.CommunicationRecord)
2019-04-11 10:52:11.705 [restartedMain] INFO  o.s.w.s.m.m.a.RequestMappingHandlerMapping - Mapped "{[/communicationrecord/list/{id}],methods=[GET]}" onto public org.springframework.web.servlet.ModelAndView com.jxtele.projectmanage.controller.CommunicationRecordController.list(java.lang.Integer,org.springframework.ui.ModelMap)
2019-04-11 10:52:11.706 [restartedMain] INFO  o.s.w.s.m.m.a.RequestMappingHandlerMapping - Mapped "{[/error/{pageNumber}]}" onto public java.lang.String com.jxtele.projectmanage.controller.ErrorController.error400(java.lang.String)
2019-04-11 10:52:11.707 [restartedMain] INFO  o.s.w.s.m.m.a.RequestMappingHandlerMapping - Mapped "{[/factschedule/edit],methods=[POST]}" onto public java.lang.Object com.jxtele.projectmanage.controller.FactScheduleleController.edit(com.jxtele.projectmanage.entity.FactSchedule)
2019-04-11 10:52:11.707 [restartedMain] INFO  o.s.w.s.m.m.a.RequestMappingHandlerMapping - Mapped "{[/factschedule/del/{id}],methods=[GET]}" onto public java.lang.Object com.jxtele.projectmanage.controller.FactScheduleleController.del(java.lang.Integer)
2019-04-11 10:52:11.708 [restartedMain] INFO  o.s.w.s.m.m.a.RequestMappingHandlerMapping - Mapped "{[/factschedule/add],methods=[POST]}" onto public java.lang.Object com.jxtele.projectmanage.controller.FactScheduleleController.add(com.jxtele.projectmanage.entity.FactSchedule)
2019-04-11 10:52:11.708 [restartedMain] INFO  o.s.w.s.m.m.a.RequestMappingHandlerMapping - Mapped "{[/factschedule/list/{id}],methods=[GET]}" onto public org.springframework.web.servlet.ModelAndView com.jxtele.projectmanage.controller.FactScheduleleController.list(java.lang.Integer,org.springframework.ui.ModelMap)
2019-04-11 10:52:11.709 [restartedMain] INFO  o.s.w.s.m.m.a.RequestMappingHandlerMapping - Mapped "{[/ || /toLogin],methods=[GET]}" onto public java.lang.String com.jxtele.projectmanage.controller.IndexController.toLogin()
2019-04-11 10:52:11.710 [restartedMain] INFO  o.s.w.s.m.m.a.RequestMappingHandlerMapping - Mapped "{[/login],methods=[POST]}" onto public java.lang.Object com.jxtele.projectmanage.controller.IndexController.login()
2019-04-11 10:52:11.710 [restartedMain] INFO  o.s.w.s.m.m.a.RequestMappingHandlerMapping - Mapped "{[/logout]}" onto public java.lang.String com.jxtele.projectmanage.controller.IndexController.logout()
2019-04-11 10:52:11.710 [restartedMain] INFO  o.s.w.s.m.m.a.RequestMappingHandlerMapping - Mapped "{[/index]}" onto public java.lang.String com.jxtele.projectmanage.controller.IndexController.index(org.springframework.ui.Model)
2019-04-11 10:52:11.711 [restartedMain] INFO  o.s.w.s.m.m.a.RequestMappingHandlerMapping - Mapped "{[/integral/edit],methods=[POST]}" onto public java.lang.Object com.jxtele.projectmanage.controller.IntegralController.edit(com.jxtele.projectmanage.entity.Integral)
2019-04-11 10:52:11.712 [restartedMain] INFO  o.s.w.s.m.m.a.RequestMappingHandlerMapping - Mapped "{[/integral/del/{id}],methods=[GET]}" onto public java.lang.Object com.jxtele.projectmanage.controller.IntegralController.del(java.lang.Integer)
2019-04-11 10:52:11.713 [restartedMain] INFO  o.s.w.s.m.m.a.RequestMappingHandlerMapping - Mapped "{[/integral/add],methods=[POST]}" onto public java.lang.Object com.jxtele.projectmanage.controller.IntegralController.add(com.jxtele.projectmanage.entity.Integral)
2019-04-11 10:52:11.713 [restartedMain] INFO  o.s.w.s.m.m.a.RequestMappingHandlerMapping - Mapped "{[/integral/list/{id}],methods=[GET]}" onto public org.springframework.web.servlet.ModelAndView com.jxtele.projectmanage.controller.IntegralController.list(java.lang.Integer,org.springframework.ui.ModelMap)
2019-04-11 10:52:11.714 [restartedMain] INFO  o.s.w.s.m.m.a.RequestMappingHandlerMapping - Mapped "{[/integralitem/edit],methods=[POST]}" onto public java.lang.Object com.jxtele.projectmanage.controller.IntegralItemController.edit(com.jxtele.projectmanage.entity.IntegralItem)
2019-04-11 10:52:11.715 [restartedMain] INFO  o.s.w.s.m.m.a.RequestMappingHandlerMapping - Mapped "{[/integralitem/del/{id}],methods=[GET]}" onto public java.lang.Object com.jxtele.projectmanage.controller.IntegralItemController.del(java.lang.Integer)
2019-04-11 10:52:11.715 [restartedMain] INFO  o.s.w.s.m.m.a.RequestMappingHandlerMapping - Mapped "{[/integralitem/add],methods=[POST]}" onto public java.lang.Object com.jxtele.projectmanage.controller.IntegralItemController.add(com.jxtele.projectmanage.entity.IntegralItem)
2019-04-11 10:52:11.715 [restartedMain] INFO  o.s.w.s.m.m.a.RequestMappingHandlerMapping - Mapped "{[/integralitem/list/{id}],methods=[GET]}" onto public org.springframework.web.servlet.ModelAndView com.jxtele.projectmanage.controller.IntegralItemController.list(java.lang.Integer,org.springframework.ui.ModelMap)
2019-04-11 10:52:11.717 [restartedMain] INFO  o.s.w.s.m.m.a.RequestMappingHandlerMapping - Mapped "{[/menu/edit],methods=[POST]}" onto public java.lang.Object com.jxtele.projectmanage.controller.MenuController.edit()
2019-04-11 10:52:11.717 [restartedMain] INFO  o.s.w.s.m.m.a.RequestMappingHandlerMapping - Mapped "{[/menu/del/{menu_id}],methods=[GET]}" onto public java.lang.Object com.jxtele.projectmanage.controller.MenuController.del(java.lang.String)
2019-04-11 10:52:11.717 [restartedMain] INFO  o.s.w.s.m.m.a.RequestMappingHandlerMapping - Mapped "{[/menu/getSubMenu]}" onto public java.lang.Object com.jxtele.projectmanage.controller.MenuController.getSubMenu()
2019-04-11 10:52:11.718 [restartedMain] INFO  o.s.w.s.m.m.a.RequestMappingHandlerMapping - Mapped "{[/menu/add],methods=[POST]}" onto public java.lang.Object com.jxtele.projectmanage.controller.MenuController.add()
2019-04-11 10:52:11.718 [restartedMain] INFO  o.s.w.s.m.m.a.RequestMappingHandlerMapping - Mapped "{[/menu/query/{menu_id}],methods=[GET]}" onto public java.lang.Object com.jxtele.projectmanage.controller.MenuController.find(java.lang.String)
2019-04-11 10:52:11.718 [restartedMain] INFO  o.s.w.s.m.m.a.RequestMappingHandlerMapping - Mapped "{[/menu/list]}" onto public java.lang.String com.jxtele.projectmanage.controller.MenuController.list(org.springframework.ui.Model)
2019-04-11 10:52:11.719 [restartedMain] INFO  o.s.w.s.m.m.a.RequestMappingHandlerMapping - Mapped "{[/moneyinfo/edit],methods=[POST]}" onto public java.lang.Object com.jxtele.projectmanage.controller.MoneyInfoController.edit(com.jxtele.projectmanage.entity.MoneyInfo)
2019-04-11 10:52:11.720 [restartedMain] INFO  o.s.w.s.m.m.a.RequestMappingHandlerMapping - Mapped "{[/moneyinfo/del/{id}],methods=[GET]}" onto public java.lang.Object com.jxtele.projectmanage.controller.MoneyInfoController.del(java.lang.Integer)
2019-04-11 10:52:11.720 [restartedMain] INFO  o.s.w.s.m.m.a.RequestMappingHandlerMapping - Mapped "{[/moneyinfo/add],methods=[POST]}" onto public java.lang.Object com.jxtele.projectmanage.controller.MoneyInfoController.add(com.jxtele.projectmanage.entity.MoneyInfo)
2019-04-11 10:52:11.721 [restartedMain] INFO  o.s.w.s.m.m.a.RequestMappingHandlerMapping - Mapped "{[/moneyinfo/list/{id}],methods=[GET]}" onto public org.springframework.web.servlet.ModelAndView com.jxtele.projectmanage.controller.MoneyInfoController.list(java.lang.Integer,org.springframework.ui.ModelMap)
2019-04-11 10:52:11.721 [restartedMain] INFO  o.s.w.s.m.m.a.RequestMappingHandlerMapping - Mapped "{[/moneyinfo/query/{id}],methods=[GET]}" onto public java.lang.Object com.jxtele.projectmanage.controller.MoneyInfoController.query(java.lang.Integer)
2019-04-11 10:52:11.722 [restartedMain] INFO  o.s.w.s.m.m.a.RequestMappingHandlerMapping - Mapped "{[/moneyinfoitem/edit],methods=[POST]}" onto public java.lang.Object com.jxtele.projectmanage.controller.MoneyInfoItemController.edit(com.jxtele.projectmanage.entity.MoneyInfoItem)
2019-04-11 10:52:11.723 [restartedMain] INFO  o.s.w.s.m.m.a.RequestMappingHandlerMapping - Mapped "{[/moneyinfoitem/del/{id}],methods=[GET]}" onto public java.lang.Object com.jxtele.projectmanage.controller.MoneyInfoItemController.del(java.lang.Integer)
2019-04-11 10:52:11.723 [restartedMain] INFO  o.s.w.s.m.m.a.RequestMappingHandlerMapping - Mapped "{[/moneyinfoitem/add],methods=[POST]}" onto public java.lang.Object com.jxtele.projectmanage.controller.MoneyInfoItemController.add(com.jxtele.projectmanage.entity.MoneyInfoItem)
2019-04-11 10:52:11.724 [restartedMain] INFO  o.s.w.s.m.m.a.RequestMappingHandlerMapping - Mapped "{[/moneyinfoitem/list/{id}],methods=[GET]}" onto public org.springframework.web.servlet.ModelAndView com.jxtele.projectmanage.controller.MoneyInfoItemController.list(java.lang.Integer,org.springframework.ui.ModelMap)
2019-04-11 10:52:11.724 [restartedMain] INFO  o.s.w.s.m.m.a.RequestMappingHandlerMapping - Mapped "{[/include/{pageName}]}" onto public java.lang.String com.jxtele.projectmanage.controller.PageController.include(java.lang.String)
2019-04-11 10:52:11.726 [restartedMain] INFO  o.s.w.s.m.m.a.RequestMappingHandlerMapping - Mapped "{[/procurement/edit],methods=[POST]}" onto public java.lang.Object com.jxtele.projectmanage.controller.ProcurementController.edit(com.jxtele.projectmanage.entity.Procurement)
2019-04-11 10:52:11.726 [restartedMain] INFO  o.s.w.s.m.m.a.RequestMappingHandlerMapping - Mapped "{[/procurement/del/{id}],methods=[GET]}" onto public java.lang.Object com.jxtele.projectmanage.controller.ProcurementController.del(java.lang.Integer)
2019-04-11 10:52:11.727 [restartedMain] INFO  o.s.w.s.m.m.a.RequestMappingHandlerMapping - Mapped "{[/procurement/add],methods=[POST]}" onto public java.lang.Object com.jxtele.projectmanage.controller.ProcurementController.add(com.jxtele.projectmanage.entity.Procurement)
2019-04-11 10:52:11.728 [restartedMain] INFO  o.s.w.s.m.m.a.RequestMappingHandlerMapping - Mapped "{[/procurement/list/{id}],methods=[GET]}" onto public org.springframework.web.servlet.ModelAndView com.jxtele.projectmanage.controller.ProcurementController.list(java.lang.Integer,org.springframework.ui.ModelMap)
2019-04-11 10:52:11.729 [restartedMain] INFO  o.s.w.s.m.m.a.RequestMappingHandlerMapping - Mapped "{[/procurementitem/edit],methods=[POST]}" onto public java.lang.Object com.jxtele.projectmanage.controller.ProcurementItemController.edit(com.jxtele.projectmanage.entity.ProcurementItem)
2019-04-11 10:52:11.729 [restartedMain] INFO  o.s.w.s.m.m.a.RequestMappingHandlerMapping - Mapped "{[/procurementitem/del/{id}],methods=[GET]}" onto public java.lang.Object com.jxtele.projectmanage.controller.ProcurementItemController.del(java.lang.Integer)
2019-04-11 10:52:11.730 [restartedMain] INFO  o.s.w.s.m.m.a.RequestMappingHandlerMapping - Mapped "{[/procurementitem/add],methods=[POST]}" onto public java.lang.Object com.jxtele.projectmanage.controller.ProcurementItemController.add(com.jxtele.projectmanage.entity.ProcurementItem)
2019-04-11 10:52:11.730 [restartedMain] INFO  o.s.w.s.m.m.a.RequestMappingHandlerMapping - Mapped "{[/procurementitem/list/{id}],methods=[GET]}" onto public org.springframework.web.servlet.ModelAndView com.jxtele.projectmanage.controller.ProcurementItemController.list(java.lang.Integer,org.springframework.ui.ModelMap)
2019-04-11 10:52:11.732 [restartedMain] INFO  o.s.w.s.m.m.a.RequestMappingHandlerMapping - Mapped "{[/project/edit],methods=[POST]}" onto public java.lang.Object com.jxtele.projectmanage.controller.ProjectController.edit()
2019-04-11 10:52:11.733 [restartedMain] INFO  o.s.w.s.m.m.a.RequestMappingHandlerMapping - Mapped "{[/project/del/{id}],methods=[GET]}" onto public java.lang.Object com.jxtele.projectmanage.controller.ProjectController.del(java.lang.Integer)
2019-04-11 10:52:11.733 [restartedMain] INFO  o.s.w.s.m.m.a.RequestMappingHandlerMapping - Mapped "{[/project/add],methods=[POST]}" onto public java.lang.Object com.jxtele.projectmanage.controller.ProjectController.add()
2019-04-11 10:52:11.733 [restartedMain] INFO  o.s.w.s.m.m.a.RequestMappingHandlerMapping - Mapped "{[/project/list],methods=[GET]}" onto public org.springframework.web.servlet.ModelAndView com.jxtele.projectmanage.controller.ProjectController.list(org.springframework.ui.ModelMap)
2019-04-11 10:52:11.734 [restartedMain] INFO  o.s.w.s.m.m.a.RequestMappingHandlerMapping - Mapped "{[/projectschedule/edit],methods=[POST]}" onto public java.lang.Object com.jxtele.projectmanage.controller.ProjectScheduleController.edit(com.jxtele.projectmanage.entity.ProjectSchedule)
2019-04-11 10:52:11.735 [restartedMain] INFO  o.s.w.s.m.m.a.RequestMappingHandlerMapping - Mapped "{[/projectschedule/del/{id}],methods=[GET]}" onto public java.lang.Object com.jxtele.projectmanage.controller.ProjectScheduleController.del(java.lang.Integer)
2019-04-11 10:52:11.735 [restartedMain] INFO  o.s.w.s.m.m.a.RequestMappingHandlerMapping - Mapped "{[/projectschedule/add],methods=[POST]}" onto public java.lang.Object com.jxtele.projectmanage.controller.ProjectScheduleController.add(com.jxtele.projectmanage.entity.ProjectSchedule)
2019-04-11 10:52:11.736 [restartedMain] INFO  o.s.w.s.m.m.a.RequestMappingHandlerMapping - Mapped "{[/projectschedule/list/{id}],methods=[GET]}" onto public org.springframework.web.servlet.ModelAndView com.jxtele.projectmanage.controller.ProjectScheduleController.list(java.lang.Integer,org.springframework.ui.ModelMap)
2019-04-11 10:52:11.737 [restartedMain] INFO  o.s.w.s.m.m.a.RequestMappingHandlerMapping - Mapped "{[/risk/edit],methods=[POST]}" onto public java.lang.Object com.jxtele.projectmanage.controller.RiskController.edit(com.jxtele.projectmanage.entity.Risk)
2019-04-11 10:52:11.737 [restartedMain] INFO  o.s.w.s.m.m.a.RequestMappingHandlerMapping - Mapped "{[/risk/del/{id}],methods=[GET]}" onto public java.lang.Object com.jxtele.projectmanage.controller.RiskController.del(java.lang.Integer)
2019-04-11 10:52:11.738 [restartedMain] INFO  o.s.w.s.m.m.a.RequestMappingHandlerMapping - Mapped "{[/risk/add],methods=[POST]}" onto public java.lang.Object com.jxtele.projectmanage.controller.RiskController.add(com.jxtele.projectmanage.entity.Risk)
2019-04-11 10:52:11.738 [restartedMain] INFO  o.s.w.s.m.m.a.RequestMappingHandlerMapping - Mapped "{[/risk/list/{id}],methods=[GET]}" onto public org.springframework.web.servlet.ModelAndView com.jxtele.projectmanage.controller.RiskController.list(java.lang.Integer,org.springframework.ui.ModelMap)
2019-04-11 10:52:11.740 [restartedMain] INFO  o.s.w.s.m.m.a.RequestMappingHandlerMapping - Mapped "{[/role/edit],methods=[POST]}" onto public java.lang.Object com.jxtele.projectmanage.controller.RoleController.edit()
2019-04-11 10:52:11.740 [restartedMain] INFO  o.s.w.s.m.m.a.RequestMappingHandlerMapping - Mapped "{[/role/del/{roleId}],methods=[GET]}" onto public java.lang.Object com.jxtele.projectmanage.controller.RoleController.del(java.lang.String)
2019-04-11 10:52:11.741 [restartedMain] INFO  o.s.w.s.m.m.a.RequestMappingHandlerMapping - Mapped "{[/role/qx],methods=[POST]}" onto public java.lang.Object com.jxtele.projectmanage.controller.RoleController.qx()
2019-04-11 10:52:11.741 [restartedMain] INFO  o.s.w.s.m.m.a.RequestMappingHandlerMapping - Mapped "{[/role/add],methods=[POST]}" onto public java.lang.Object com.jxtele.projectmanage.controller.RoleController.add()
2019-04-11 10:52:11.742 [restartedMain] INFO  o.s.w.s.m.m.a.RequestMappingHandlerMapping - Mapped "{[/role/list],methods=[GET]}" onto public java.lang.Object com.jxtele.projectmanage.controller.RoleController.list(org.springframework.ui.Model)
2019-04-11 10:52:11.744 [restartedMain] INFO  o.s.w.s.m.m.a.RequestMappingHandlerMapping - Mapped "{[/stakeholder/edit],methods=[POST]}" onto public java.lang.Object com.jxtele.projectmanage.controller.StakeholderController.edit(com.jxtele.projectmanage.entity.Stakeholder)
2019-04-11 10:52:11.744 [restartedMain] INFO  o.s.w.s.m.m.a.RequestMappingHandlerMapping - Mapped "{[/stakeholder/del/{id}],methods=[GET]}" onto public java.lang.Object com.jxtele.projectmanage.controller.StakeholderController.del(java.lang.Integer)
2019-04-11 10:52:11.745 [restartedMain] INFO  o.s.w.s.m.m.a.RequestMappingHandlerMapping - Mapped "{[/stakeholder/add],methods=[POST]}" onto public java.lang.Object com.jxtele.projectmanage.controller.StakeholderController.add(com.jxtele.projectmanage.entity.Stakeholder)
2019-04-11 10:52:11.745 [restartedMain] INFO  o.s.w.s.m.m.a.RequestMappingHandlerMapping - Mapped "{[/stakeholder/list/{id}],methods=[GET]}" onto public org.springframework.web.servlet.ModelAndView com.jxtele.projectmanage.controller.StakeholderController.list(java.lang.Integer,org.springframework.ui.ModelMap)
2019-04-11 10:52:11.747 [restartedMain] INFO  o.s.w.s.m.m.a.RequestMappingHandlerMapping - Mapped "{[/standardapply/edit],methods=[POST]}" onto public java.lang.Object com.jxtele.projectmanage.controller.StandardApplyController.edit(com.jxtele.projectmanage.entity.StandardApply)
2019-04-11 10:52:11.747 [restartedMain] INFO  o.s.w.s.m.m.a.RequestMappingHandlerMapping - Mapped "{[/standardapply/del/{id}],methods=[GET]}" onto public java.lang.Object com.jxtele.projectmanage.controller.StandardApplyController.del(java.lang.Integer)
2019-04-11 10:52:11.748 [restartedMain] INFO  o.s.w.s.m.m.a.RequestMappingHandlerMapping - Mapped "{[/standardapply/add],methods=[POST]}" onto public java.lang.Object com.jxtele.projectmanage.controller.StandardApplyController.add(com.jxtele.projectmanage.entity.StandardApply)
2019-04-11 10:52:11.748 [restartedMain] INFO  o.s.w.s.m.m.a.RequestMappingHandlerMapping - Mapped "{[/standardapply/list/{id}],methods=[GET]}" onto public org.springframework.web.servlet.ModelAndView com.jxtele.projectmanage.controller.StandardApplyController.list(java.lang.Integer,org.springframework.ui.ModelMap)
2019-04-11 10:52:11.750 [restartedMain] INFO  o.s.w.s.m.m.a.RequestMappingHandlerMapping - Mapped "{[/standardday/edit],methods=[POST]}" onto public java.lang.Object com.jxtele.projectmanage.controller.StandardDayController.edit(com.jxtele.projectmanage.entity.StandardDay)
2019-04-11 10:52:11.750 [restartedMain] INFO  o.s.w.s.m.m.a.RequestMappingHandlerMapping - Mapped "{[/standardday/del/{id}],methods=[GET]}" onto public java.lang.Object com.jxtele.projectmanage.controller.StandardDayController.del(java.lang.Integer)
2019-04-11 10:52:11.751 [restartedMain] INFO  o.s.w.s.m.m.a.RequestMappingHandlerMapping - Mapped "{[/standardday/add],methods=[POST]}" onto public java.lang.Object com.jxtele.projectmanage.controller.StandardDayController.add(com.jxtele.projectmanage.entity.StandardDay)
2019-04-11 10:52:11.751 [restartedMain] INFO  o.s.w.s.m.m.a.RequestMappingHandlerMapping - Mapped "{[/standardday/list/{id}],methods=[GET]}" onto public org.springframework.web.servlet.ModelAndView com.jxtele.projectmanage.controller.StandardDayController.list(java.lang.Integer,org.springframework.ui.ModelMap)
2019-04-11 10:52:11.753 [restartedMain] INFO  o.s.w.s.m.m.a.RequestMappingHandlerMapping - Mapped "{[/supplier/edit],methods=[POST]}" onto public java.lang.Object com.jxtele.projectmanage.controller.SupplierController.edit(com.jxtele.projectmanage.entity.Supplier)
2019-04-11 10:52:11.753 [restartedMain] INFO  o.s.w.s.m.m.a.RequestMappingHandlerMapping - Mapped "{[/supplier/del/{id}],methods=[GET]}" onto public java.lang.Object com.jxtele.projectmanage.controller.SupplierController.del(java.lang.Integer)
2019-04-11 10:52:11.754 [restartedMain] INFO  o.s.w.s.m.m.a.RequestMappingHandlerMapping - Mapped "{[/supplier/add],methods=[POST]}" onto public java.lang.Object com.jxtele.projectmanage.controller.SupplierController.add(com.jxtele.projectmanage.entity.Supplier)
2019-04-11 10:52:11.754 [restartedMain] INFO  o.s.w.s.m.m.a.RequestMappingHandlerMapping - Mapped "{[/supplier/list/{id}],methods=[GET]}" onto public org.springframework.web.servlet.ModelAndView com.jxtele.projectmanage.controller.SupplierController.list(java.lang.Integer,org.springframework.ui.ModelMap)
2019-04-11 10:52:11.756 [restartedMain] INFO  o.s.w.s.m.m.a.RequestMappingHandlerMapping - Mapped "{[/teambuild/edit],methods=[POST]}" onto public java.lang.Object com.jxtele.projectmanage.controller.TeamBuildController.edit(com.jxtele.projectmanage.entity.TeamBuild)
2019-04-11 10:52:11.757 [restartedMain] INFO  o.s.w.s.m.m.a.RequestMappingHandlerMapping - Mapped "{[/teambuild/del/{id}],methods=[GET]}" onto public java.lang.Object com.jxtele.projectmanage.controller.TeamBuildController.del(java.lang.Integer)
2019-04-11 10:52:11.757 [restartedMain] INFO  o.s.w.s.m.m.a.RequestMappingHandlerMapping - Mapped "{[/teambuild/getProject],methods=[GET]}" onto public java.lang.Object com.jxtele.projectmanage.controller.TeamBuildController.projectList()
2019-04-11 10:52:11.758 [restartedMain] INFO  o.s.w.s.m.m.a.RequestMappingHandlerMapping - Mapped "{[/teambuild/getAllUser],methods=[GET]}" onto public java.lang.Object com.jxtele.projectmanage.controller.TeamBuildController.userList()
2019-04-11 10:52:11.758 [restartedMain] INFO  o.s.w.s.m.m.a.RequestMappingHandlerMapping - Mapped "{[/teambuild/add],methods=[POST]}" onto public java.lang.Object com.jxtele.projectmanage.controller.TeamBuildController.add(com.jxtele.projectmanage.entity.TeamBuild)
2019-04-11 10:52:11.758 [restartedMain] INFO  o.s.w.s.m.m.a.RequestMappingHandlerMapping - Mapped "{[/teambuild/list/{id}],methods=[GET]}" onto public org.springframework.web.servlet.ModelAndView com.jxtele.projectmanage.controller.TeamBuildController.list(java.lang.Integer,org.springframework.ui.ModelMap)
2019-04-11 10:52:11.759 [restartedMain] INFO  o.s.w.s.m.m.a.RequestMappingHandlerMapping - Mapped "{[/upload/img],methods=[POST]}" onto public java.lang.String com.jxtele.projectmanage.controller.UploadController.imgUpload(org.springframework.web.multipart.MultipartFile)
2019-04-11 10:52:11.760 [restartedMain] INFO  o.s.w.s.m.m.a.RequestMappingHandlerMapping - Mapped "{[/upload/show/{folderName}/{filename:.+}],methods=[GET]}" onto public org.springframework.http.ResponseEntity<?> com.jxtele.projectmanage.controller.UploadController.getImg(java.lang.String,java.lang.String)
2019-04-11 10:52:11.760 [restartedMain] INFO  o.s.w.s.m.m.a.RequestMappingHandlerMapping - Mapped "{[/upload/show/{filename:.+}],methods=[GET]}" onto public org.springframework.http.ResponseEntity<?> com.jxtele.projectmanage.controller.UploadController.getFile(java.lang.String)
2019-04-11 10:52:11.762 [restartedMain] INFO  o.s.w.s.m.m.a.RequestMappingHandlerMapping - Mapped "{[/user/edit],methods=[POST]}" onto public java.lang.Object com.jxtele.projectmanage.controller.UserController.edit()
2019-04-11 10:52:11.762 [restartedMain] INFO  o.s.w.s.m.m.a.RequestMappingHandlerMapping - Mapped "{[/user/del],methods=[POST]}" onto public java.lang.Object com.jxtele.projectmanage.controller.UserController.del()
2019-04-11 10:52:11.763 [restartedMain] INFO  o.s.w.s.m.m.a.RequestMappingHandlerMapping - Mapped "{[/user/list],methods=[GET]}" onto public java.lang.Object com.jxtele.projectmanage.controller.UserController.login(org.springframework.ui.Model)
2019-04-11 10:52:11.763 [restartedMain] INFO  o.s.w.s.m.m.a.RequestMappingHandlerMapping - Mapped "{[/user/getRole],methods=[GET]}" onto public java.lang.Object com.jxtele.projectmanage.controller.UserController.userRole()
2019-04-11 10:52:11.764 [restartedMain] INFO  o.s.w.s.m.m.a.RequestMappingHandlerMapping - Mapped "{[/user/editRole],methods=[POST]}" onto public java.lang.Object com.jxtele.projectmanage.controller.UserController.editRole()
2019-04-11 10:52:11.764 [restartedMain] INFO  o.s.w.s.m.m.a.RequestMappingHandlerMapping - Mapped "{[/user/add],methods=[POST]}" onto public java.lang.Object com.jxtele.projectmanage.controller.UserController.add()
2019-04-11 10:52:11.768 [restartedMain] INFO  o.s.w.s.m.m.a.RequestMappingHandlerMapping - Mapped "{[/error],produces=[text/html]}" onto public org.springframework.web.servlet.ModelAndView org.springframework.boot.autoconfigure.web.BasicErrorController.errorHtml(javax.servlet.http.HttpServletRequest,javax.servlet.http.HttpServletResponse)
2019-04-11 10:52:11.769 [restartedMain] INFO  o.s.w.s.m.m.a.RequestMappingHandlerMapping - Mapped "{[/error]}" onto public org.springframework.http.ResponseEntity<java.util.Map<java.lang.String, java.lang.Object>> org.springframework.boot.autoconfigure.web.BasicErrorController.error(javax.servlet.http.HttpServletRequest)
2019-04-11 10:52:11.804 [restartedMain] INFO  o.s.web.servlet.handler.SimpleUrlHandlerMapping - Mapped URL path [/webjars/**] onto handler of type [class org.springframework.web.servlet.resource.ResourceHttpRequestHandler]
2019-04-11 10:52:11.804 [restartedMain] INFO  o.s.web.servlet.handler.SimpleUrlHandlerMapping - Mapped URL path [/**] onto handler of type [class org.springframework.web.servlet.resource.ResourceHttpRequestHandler]
2019-04-11 10:52:11.972 [restartedMain] INFO  o.s.web.servlet.handler.SimpleUrlHandlerMapping - Mapped URL path [/**/favicon.ico] onto handler of type [class org.springframework.web.servlet.resource.ResourceHttpRequestHandler]
2019-04-11 10:52:14.783 [restartedMain] INFO  o.s.b.d.autoconfigure.OptionalLiveReloadServer - LiveReload server is running on port 35729
2019-04-11 10:52:14.841 [restartedMain] INFO  o.s.jmx.export.annotation.AnnotationMBeanExporter - Registering beans for JMX exposure on startup
2019-04-11 10:52:14.914 [restartedMain] INFO  org.apache.coyote.http11.Http11NioProtocol - Starting ProtocolHandler ["http-nio-8081"]
2019-04-11 10:52:14.920 [restartedMain] INFO  org.apache.tomcat.util.net.NioSelectorPool - Using a shared selector for servlet write/read
2019-04-11 10:52:14.951 [restartedMain] INFO  o.s.b.c.e.tomcat.TomcatEmbeddedServletContainer - Tomcat started on port(s): 8081 (http)
2019-04-11 10:52:14.983 [restartedMain] INFO  com.jxtele.projectmanage.ProjectmanageApplication - Started ProjectmanageApplication in 29.57 seconds (JVM running for 32.32)
2019-04-11 11:00:29.397 [http-nio-8081-exec-3] INFO  o.a.c.core.ContainerBase.[Tomcat].[localhost].[/] - Initializing Spring FrameworkServlet 'dispatcherServlet'
2019-04-11 11:00:29.429 [http-nio-8081-exec-3] INFO  org.springframework.web.servlet.DispatcherServlet - FrameworkServlet 'dispatcherServlet': initialization started
2019-04-11 11:00:29.495 [http-nio-8081-exec-3] INFO  org.springframework.web.servlet.DispatcherServlet - FrameworkServlet 'dispatcherServlet': initialization completed in 66 ms
2019-04-11 11:00:29.815 [http-nio-8081-exec-3] WARN  org.apache.catalina.util.SessionIdGeneratorBase - Creation of SecureRandom instance for session ID generation using [SHA1PRNG] took [130] milliseconds.
2019-04-11 11:00:30.038 [http-nio-8081-exec-4] INFO  org.thymeleaf.TemplateEngine - [THYMELEAF] INITIALIZING TEMPLATE ENGINE
2019-04-11 11:00:30.132 [http-nio-8081-exec-4] INFO  o.t.templateresolver.AbstractTemplateResolver - [THYMELEAF] INITIALIZING TEMPLATE RESOLVER: org.thymeleaf.spring4.templateresolver.SpringResourceTemplateResolver
2019-04-11 11:00:30.132 [http-nio-8081-exec-4] INFO  o.t.templateresolver.AbstractTemplateResolver - [THYMELEAF] TEMPLATE RESOLVER INITIALIZED OK
2019-04-11 11:00:30.133 [http-nio-8081-exec-4] INFO  o.t.messageresolver.AbstractMessageResolver - [THYMELEAF] INITIALIZING MESSAGE RESOLVER: org.thymeleaf.spring4.messageresolver.SpringMessageResolver
2019-04-11 11:00:30.133 [http-nio-8081-exec-4] INFO  o.t.messageresolver.AbstractMessageResolver - [THYMELEAF] MESSAGE RESOLVER INITIALIZED OK
2019-04-11 11:00:30.136 [http-nio-8081-exec-4] INFO  org.thymeleaf.TemplateEngine.CONFIG - [THYMELEAF] TEMPLATE ENGINE CONFIGURATION:
[THYMELEAF] * Cache Factory implementation: org.thymeleaf.cache.StandardCacheManager
[THYMELEAF] * Template modes:
[THYMELEAF]     * XML
[THYMELEAF]     * VALIDXML
[THYMELEAF]     * HTML5
[THYMELEAF]     * VALIDXHTML
[THYMELEAF]     * XHTML
[THYMELEAF]     * LEGACYHTML5
[THYMELEAF] * Template resolvers (in order):
[THYMELEAF]     * org.thymeleaf.spring4.templateresolver.SpringResourceTemplateResolver
[THYMELEAF] * Message resolvers (in order):
[THYMELEAF]     * org.thymeleaf.spring4.messageresolver.SpringMessageResolver
[THYMELEAF] * Dialect [1 of 2]: org.thymeleaf.spring4.dialect.SpringStandardDialect
[THYMELEAF]     * Prefix: "th"
[THYMELEAF] * Dialect [2 of 2]: nz.net.ultraq.thymeleaf.LayoutDialect
[THYMELEAF]     * Prefix: "layout"
[THYMELEAF] TEMPLATE ENGINE CONFIGURED OK
2019-04-11 11:00:30.137 [http-nio-8081-exec-4] INFO  org.thymeleaf.TemplateEngine - [THYMELEAF] TEMPLATE ENGINE INITIALIZED
