2019-04-18 10:18:17.422 [restartedMain] INFO  com.jxtele.projectmanage.ProjectmanageApplication - Starting ProjectmanageApplication on gleamora-hp-probook-6470b3-8-gib with PID 9349 (/home/gleamora/Work/version/projectmanage/target/classes started by gleamora in /home/gleamora/Work/version)
2019-04-18 10:18:17.423 [restartedMain] INFO  com.jxtele.projectmanage.ProjectmanageApplication - No active profile set, falling back to default profiles: default
2019-04-18 10:18:17.771 [background-preinit] INFO  org.hibernate.validator.internal.util.Version - HV000001: Hibernate Validator 5.3.6.Final
2019-04-18 10:18:18.276 [restartedMain] INFO  o.s.b.c.e.AnnotationConfigEmbeddedWebApplicationContext - Refreshing org.springframework.boot.context.embedded.AnnotationConfigEmbeddedWebApplicationContext@6df1630d: startup date [Thu Apr 18 10:18:18 CST 2019]; root of context hierarchy
2019-04-18 10:18:20.621 [restartedMain] INFO  o.s.b.c.e.tomcat.TomcatEmbeddedServletContainer - Tomcat initialized with port(s): 8081 (http)
2019-04-18 10:18:20.669 [restartedMain] INFO  org.apache.coyote.http11.Http11NioProtocol - Initializing ProtocolHandler ["http-nio-8081"]
2019-04-18 10:18:20.702 [restartedMain] INFO  org.apache.catalina.core.StandardService - Starting service [Tomcat]
2019-04-18 10:18:20.703 [restartedMain] INFO  org.apache.catalina.core.StandardEngine - Starting Servlet Engine: Apache Tomcat/8.5.37
2019-04-18 10:18:20.845 [localhost-startStop-1] INFO  o.a.c.core.ContainerBase.[Tomcat].[localhost].[/] - Initializing Spring embedded WebApplicationContext
2019-04-18 10:18:20.846 [localhost-startStop-1] INFO  org.springframework.web.context.ContextLoader - Root WebApplicationContext: initialization completed in 2570 ms
2019-04-18 10:18:22.204 [localhost-startStop-1] INFO  o.s.boot.web.servlet.FilterRegistrationBean - Mapping filter: 'characterEncodingFilter' to: [/*]
2019-04-18 10:18:22.204 [localhost-startStop-1] INFO  o.s.boot.web.servlet.FilterRegistrationBean - Mapping filter: 'hiddenHttpMethodFilter' to: [/*]
2019-04-18 10:18:22.204 [localhost-startStop-1] INFO  o.s.boot.web.servlet.FilterRegistrationBean - Mapping filter: 'httpPutFormContentFilter' to: [/*]
2019-04-18 10:18:22.204 [localhost-startStop-1] INFO  o.s.boot.web.servlet.FilterRegistrationBean - Mapping filter: 'requestContextFilter' to: [/*]
2019-04-18 10:18:22.204 [localhost-startStop-1] INFO  o.s.boot.web.servlet.FilterRegistrationBean - Mapping filter: 'webStatFilter' to urls: [/*]
2019-04-18 10:18:22.205 [localhost-startStop-1] INFO  o.s.boot.web.servlet.FilterRegistrationBean - Mapping filter: 'loginFilter' to urls: [/*]
2019-04-18 10:18:22.205 [localhost-startStop-1] INFO  o.s.boot.web.servlet.ServletRegistrationBean - Mapping servlet: 'dispatcherServlet' to [/]
2019-04-18 10:18:23.091 [restartedMain] INFO  o.s.w.s.m.m.a.RequestMappingHandlerAdapter - Looking for @ControllerAdvice: org.springframework.boot.context.embedded.AnnotationConfigEmbeddedWebApplicationContext@6df1630d: startup date [Thu Apr 18 10:18:18 CST 2019]; root of context hierarchy
2019-04-18 10:18:23.205 [restartedMain] INFO  c.j.p.i.InterceptorAdapter$$EnhancerBySpringCGLIB$$a72786ba - 拦截
2019-04-18 10:18:23.244 [restartedMain] INFO  o.s.w.s.m.m.a.RequestMappingHandlerMapping - Mapped "{[/alterschedule/edit],methods=[POST]}" onto public java.lang.Object com.jxtele.projectmanage.controller.AlterScheduleController.edit(com.jxtele.projectmanage.entity.AlterSchedule)
2019-04-18 10:18:23.245 [restartedMain] INFO  o.s.w.s.m.m.a.RequestMappingHandlerMapping - Mapped "{[/alterschedule/del/{id}],methods=[GET]}" onto public java.lang.Object com.jxtele.projectmanage.controller.AlterScheduleController.del(java.lang.Integer)
2019-04-18 10:18:23.246 [restartedMain] INFO  o.s.w.s.m.m.a.RequestMappingHandlerMapping - Mapped "{[/alterschedule/add],methods=[POST]}" onto public java.lang.Object com.jxtele.projectmanage.controller.AlterScheduleController.add(com.jxtele.projectmanage.entity.AlterSchedule)
2019-04-18 10:18:23.247 [restartedMain] INFO  o.s.w.s.m.m.a.RequestMappingHandlerMapping - Mapped "{[/alterschedule/list/{id}],methods=[GET]}" onto public org.springframework.web.servlet.ModelAndView com.jxtele.projectmanage.controller.AlterScheduleController.list(java.lang.Integer,org.springframework.ui.ModelMap)
2019-04-18 10:18:23.253 [restartedMain] INFO  o.s.w.s.m.m.a.RequestMappingHandlerMapping - Mapped "{[/upload/edit],methods=[POST]}" onto public java.lang.Object com.jxtele.projectmanage.controller.AttachmentFileController.edit(com.jxtele.projectmanage.entity.AttachmentFile)
2019-04-18 10:18:23.254 [restartedMain] INFO  o.s.w.s.m.m.a.RequestMappingHandlerMapping - Mapped "{[/upload/del/{id}],methods=[GET]}" onto public java.lang.Object com.jxtele.projectmanage.controller.AttachmentFileController.del(java.lang.Integer)
2019-04-18 10:18:23.255 [restartedMain] INFO  o.s.w.s.m.m.a.RequestMappingHandlerMapping - Mapped "{[/upload/fileup],methods=[POST]}" onto public java.lang.String com.jxtele.projectmanage.controller.AttachmentFileController.upload(org.springframework.web.multipart.MultipartFile,com.jxtele.projectmanage.entity.AttachmentFile)
2019-04-18 10:18:23.255 [restartedMain] INFO  o.s.w.s.m.m.a.RequestMappingHandlerMapping - Mapped "{[/upload/downloadFile]}" onto public void com.jxtele.projectmanage.controller.AttachmentFileController.downloads(javax.servlet.http.HttpServletRequest,javax.servlet.http.HttpServletResponse,com.jxtele.projectmanage.entity.AttachmentFile) throws java.lang.Exception
2019-04-18 10:18:23.256 [restartedMain] INFO  o.s.w.s.m.m.a.RequestMappingHandlerMapping - Mapped "{[/upload/list/{id}],methods=[GET]}" onto public org.springframework.web.servlet.ModelAndView com.jxtele.projectmanage.controller.AttachmentFileController.list(java.lang.Integer,org.springframework.ui.ModelMap)
2019-04-18 10:18:23.257 [restartedMain] INFO  o.s.w.s.m.m.a.RequestMappingHandlerMapping - Mapped "{[/upload/test]}" onto public org.springframework.web.servlet.ModelAndView com.jxtele.projectmanage.controller.AttachmentFileController.test()
2019-04-18 10:18:23.260 [restartedMain] INFO  o.s.w.s.m.m.a.RequestMappingHandlerMapping - Mapped "{[/communication/edit],methods=[POST]}" onto public java.lang.Object com.jxtele.projectmanage.controller.CommunicationController.edit(com.jxtele.projectmanage.entity.Communication,org.springframework.web.multipart.MultipartFile)
2019-04-18 10:18:23.260 [restartedMain] INFO  o.s.w.s.m.m.a.RequestMappingHandlerMapping - Mapped "{[/communication/del/{id}],methods=[GET]}" onto public java.lang.Object com.jxtele.projectmanage.controller.CommunicationController.del(java.lang.Integer)
2019-04-18 10:18:23.261 [restartedMain] INFO  o.s.w.s.m.m.a.RequestMappingHandlerMapping - Mapped "{[/communication/add],methods=[POST]}" onto public java.lang.Object com.jxtele.projectmanage.controller.CommunicationController.add(com.jxtele.projectmanage.entity.Communication,org.springframework.web.multipart.MultipartFile)
2019-04-18 10:18:23.261 [restartedMain] INFO  o.s.w.s.m.m.a.RequestMappingHandlerMapping - Mapped "{[/communication/list/{id}],methods=[GET]}" onto public org.springframework.web.servlet.ModelAndView com.jxtele.projectmanage.controller.CommunicationController.list(java.lang.Integer,org.springframework.ui.ModelMap)
2019-04-18 10:18:23.267 [restartedMain] INFO  o.s.w.s.m.m.a.RequestMappingHandlerMapping - Mapped "{[/communicationrecord/edit],methods=[POST]}" onto public java.lang.Object com.jxtele.projectmanage.controller.CommunicationRecordController.edit(com.jxtele.projectmanage.entity.CommunicationRecord,org.springframework.web.multipart.MultipartFile)
2019-04-18 10:18:23.268 [restartedMain] INFO  o.s.w.s.m.m.a.RequestMappingHandlerMapping - Mapped "{[/communicationrecord/del/{id}],methods=[GET]}" onto public java.lang.Object com.jxtele.projectmanage.controller.CommunicationRecordController.del(java.lang.Integer)
2019-04-18 10:18:23.269 [restartedMain] INFO  o.s.w.s.m.m.a.RequestMappingHandlerMapping - Mapped "{[/communicationrecord/add],methods=[POST]}" onto public java.lang.Object com.jxtele.projectmanage.controller.CommunicationRecordController.add(com.jxtele.projectmanage.entity.CommunicationRecord,org.springframework.web.multipart.MultipartFile)
2019-04-18 10:18:23.269 [restartedMain] INFO  o.s.w.s.m.m.a.RequestMappingHandlerMapping - Mapped "{[/communicationrecord/list/{id}],methods=[GET]}" onto public org.springframework.web.servlet.ModelAndView com.jxtele.projectmanage.controller.CommunicationRecordController.list(java.lang.Integer,org.springframework.ui.ModelMap)
2019-04-18 10:18:23.270 [restartedMain] INFO  o.s.w.s.m.m.a.RequestMappingHandlerMapping - Mapped "{[/error/{pageNumber}]}" onto public java.lang.String com.jxtele.projectmanage.controller.ErrorController.error400(java.lang.String)
2019-04-18 10:18:23.272 [restartedMain] INFO  o.s.w.s.m.m.a.RequestMappingHandlerMapping - Mapped "{[/factschedule/edit],methods=[POST]}" onto public java.lang.Object com.jxtele.projectmanage.controller.FactScheduleleController.edit(com.jxtele.projectmanage.entity.FactSchedule)
2019-04-18 10:18:23.272 [restartedMain] INFO  o.s.w.s.m.m.a.RequestMappingHandlerMapping - Mapped "{[/factschedule/del/{id}],methods=[GET]}" onto public java.lang.Object com.jxtele.projectmanage.controller.FactScheduleleController.del(java.lang.Integer)
2019-04-18 10:18:23.273 [restartedMain] INFO  o.s.w.s.m.m.a.RequestMappingHandlerMapping - Mapped "{[/factschedule/add],methods=[POST]}" onto public java.lang.Object com.jxtele.projectmanage.controller.FactScheduleleController.add(com.jxtele.projectmanage.entity.FactSchedule)
2019-04-18 10:18:23.273 [restartedMain] INFO  o.s.w.s.m.m.a.RequestMappingHandlerMapping - Mapped "{[/factschedule/list/{id}],methods=[GET]}" onto public org.springframework.web.servlet.ModelAndView com.jxtele.projectmanage.controller.FactScheduleleController.list(java.lang.Integer,org.springframework.ui.ModelMap)
2019-04-18 10:18:23.275 [restartedMain] INFO  o.s.w.s.m.m.a.RequestMappingHandlerMapping - Mapped "{[/ || /toLogin],methods=[GET]}" onto public java.lang.String com.jxtele.projectmanage.controller.IndexController.toLogin()
2019-04-18 10:18:23.275 [restartedMain] INFO  o.s.w.s.m.m.a.RequestMappingHandlerMapping - Mapped "{[/login],methods=[POST]}" onto public java.lang.Object com.jxtele.projectmanage.controller.IndexController.login()
2019-04-18 10:18:23.275 [restartedMain] INFO  o.s.w.s.m.m.a.RequestMappingHandlerMapping - Mapped "{[/logout]}" onto public java.lang.String com.jxtele.projectmanage.controller.IndexController.logout()
2019-04-18 10:18:23.276 [restartedMain] INFO  o.s.w.s.m.m.a.RequestMappingHandlerMapping - Mapped "{[/index]}" onto public java.lang.String com.jxtele.projectmanage.controller.IndexController.index(org.springframework.ui.Model)
2019-04-18 10:18:23.277 [restartedMain] INFO  o.s.w.s.m.m.a.RequestMappingHandlerMapping - Mapped "{[/integral/edit],methods=[POST]}" onto public java.lang.Object com.jxtele.projectmanage.controller.IntegralController.edit(com.jxtele.projectmanage.entity.Integral)
2019-04-18 10:18:23.278 [restartedMain] INFO  o.s.w.s.m.m.a.RequestMappingHandlerMapping - Mapped "{[/integral/del/{id}],methods=[GET]}" onto public java.lang.Object com.jxtele.projectmanage.controller.IntegralController.del(java.lang.Integer)
2019-04-18 10:18:23.279 [restartedMain] INFO  o.s.w.s.m.m.a.RequestMappingHandlerMapping - Mapped "{[/integral/add],methods=[POST]}" onto public java.lang.Object com.jxtele.projectmanage.controller.IntegralController.add(com.jxtele.projectmanage.entity.Integral)
2019-04-18 10:18:23.279 [restartedMain] INFO  o.s.w.s.m.m.a.RequestMappingHandlerMapping - Mapped "{[/integral/list/{id}],methods=[GET]}" onto public org.springframework.web.servlet.ModelAndView com.jxtele.projectmanage.controller.IntegralController.list(java.lang.Integer,org.springframework.ui.ModelMap)
2019-04-18 10:18:23.281 [restartedMain] INFO  o.s.w.s.m.m.a.RequestMappingHandlerMapping - Mapped "{[/integralitem/edit],methods=[POST]}" onto public java.lang.Object com.jxtele.projectmanage.controller.IntegralItemController.edit(com.jxtele.projectmanage.entity.IntegralItem)
2019-04-18 10:18:23.281 [restartedMain] INFO  o.s.w.s.m.m.a.RequestMappingHandlerMapping - Mapped "{[/integralitem/del/{id}],methods=[GET]}" onto public java.lang.Object com.jxtele.projectmanage.controller.IntegralItemController.del(java.lang.Integer)
2019-04-18 10:18:23.282 [restartedMain] INFO  o.s.w.s.m.m.a.RequestMappingHandlerMapping - Mapped "{[/integralitem/add],methods=[POST]}" onto public java.lang.Object com.jxtele.projectmanage.controller.IntegralItemController.add(com.jxtele.projectmanage.entity.IntegralItem)
2019-04-18 10:18:23.282 [restartedMain] INFO  o.s.w.s.m.m.a.RequestMappingHandlerMapping - Mapped "{[/integralitem/list/{id}],methods=[GET]}" onto public org.springframework.web.servlet.ModelAndView com.jxtele.projectmanage.controller.IntegralItemController.list(java.lang.Integer,org.springframework.ui.ModelMap)
2019-04-18 10:18:23.284 [restartedMain] INFO  o.s.w.s.m.m.a.RequestMappingHandlerMapping - Mapped "{[/menu/edit],methods=[POST]}" onto public java.lang.Object com.jxtele.projectmanage.controller.MenuController.edit()
2019-04-18 10:18:23.285 [restartedMain] INFO  o.s.w.s.m.m.a.RequestMappingHandlerMapping - Mapped "{[/menu/del/{menu_id}],methods=[GET]}" onto public java.lang.Object com.jxtele.projectmanage.controller.MenuController.del(java.lang.String)
2019-04-18 10:18:23.286 [restartedMain] INFO  o.s.w.s.m.m.a.RequestMappingHandlerMapping - Mapped "{[/menu/getSubMenu]}" onto public java.lang.Object com.jxtele.projectmanage.controller.MenuController.getSubMenu()
2019-04-18 10:18:23.286 [restartedMain] INFO  o.s.w.s.m.m.a.RequestMappingHandlerMapping - Mapped "{[/menu/add],methods=[POST]}" onto public java.lang.Object com.jxtele.projectmanage.controller.MenuController.add()
2019-04-18 10:18:23.286 [restartedMain] INFO  o.s.w.s.m.m.a.RequestMappingHandlerMapping - Mapped "{[/menu/query/{menu_id}],methods=[GET]}" onto public java.lang.Object com.jxtele.projectmanage.controller.MenuController.find(java.lang.String)
2019-04-18 10:18:23.287 [restartedMain] INFO  o.s.w.s.m.m.a.RequestMappingHandlerMapping - Mapped "{[/menu/list]}" onto public java.lang.String com.jxtele.projectmanage.controller.MenuController.list(org.springframework.ui.Model)
2019-04-18 10:18:23.291 [restartedMain] INFO  o.s.w.s.m.m.a.RequestMappingHandlerMapping - Mapped "{[/moneyinfo/edit],methods=[POST]}" onto public java.lang.Object com.jxtele.projectmanage.controller.MoneyInfoController.edit(com.jxtele.projectmanage.entity.MoneyInfo)
2019-04-18 10:18:23.292 [restartedMain] INFO  o.s.w.s.m.m.a.RequestMappingHandlerMapping - Mapped "{[/moneyinfo/del/{id}],methods=[GET]}" onto public java.lang.Object com.jxtele.projectmanage.controller.MoneyInfoController.del(java.lang.Integer)
2019-04-18 10:18:23.293 [restartedMain] INFO  o.s.w.s.m.m.a.RequestMappingHandlerMapping - Mapped "{[/moneyinfo/findproject/{id}],methods=[GET]}" onto public java.lang.Object com.jxtele.projectmanage.controller.MoneyInfoController.findproject(java.lang.Integer)
2019-04-18 10:18:23.293 [restartedMain] INFO  o.s.w.s.m.m.a.RequestMappingHandlerMapping - Mapped "{[/moneyinfo/monchange],methods=[POST]}" onto public java.lang.Object com.jxtele.projectmanage.controller.MoneyInfoController.monchange(com.jxtele.projectmanage.entity.MoneyInfo)
2019-04-18 10:18:23.294 [restartedMain] INFO  o.s.w.s.m.m.a.RequestMappingHandlerMapping - Mapped "{[/moneyinfo/add],methods=[POST],produces=[application/json;charset=UTF-8]}" onto public java.lang.Object com.jxtele.projectmanage.controller.MoneyInfoController.add(com.jxtele.projectmanage.entity.MoneyInfo)
2019-04-18 10:18:23.295 [restartedMain] INFO  o.s.w.s.m.m.a.RequestMappingHandlerMapping - Mapped "{[/moneyinfo/list/{id}],methods=[GET]}" onto public org.springframework.web.servlet.ModelAndView com.jxtele.projectmanage.controller.MoneyInfoController.list(java.lang.Integer,org.springframework.ui.ModelMap)
2019-04-18 10:18:23.295 [restartedMain] INFO  o.s.w.s.m.m.a.RequestMappingHandlerMapping - Mapped "{[/moneyinfo/query/{id}],methods=[GET]}" onto public java.lang.Object com.jxtele.projectmanage.controller.MoneyInfoController.query(java.lang.Integer)
2019-04-18 10:18:23.297 [restartedMain] INFO  o.s.w.s.m.m.a.RequestMappingHandlerMapping - Mapped "{[/moneyinfoitem/edit],methods=[POST]}" onto public java.lang.Object com.jxtele.projectmanage.controller.MoneyInfoItemController.edit(com.jxtele.projectmanage.entity.MoneyInfoItem)
2019-04-18 10:18:23.297 [restartedMain] INFO  o.s.w.s.m.m.a.RequestMappingHandlerMapping - Mapped "{[/moneyinfoitem/del/{id}],methods=[GET]}" onto public java.lang.Object com.jxtele.projectmanage.controller.MoneyInfoItemController.del(java.lang.Integer)
2019-04-18 10:18:23.298 [restartedMain] INFO  o.s.w.s.m.m.a.RequestMappingHandlerMapping - Mapped "{[/moneyinfoitem/add],methods=[POST]}" onto public java.lang.Object com.jxtele.projectmanage.controller.MoneyInfoItemController.add(com.jxtele.projectmanage.entity.MoneyInfoItem)
2019-04-18 10:18:23.298 [restartedMain] INFO  o.s.w.s.m.m.a.RequestMappingHandlerMapping - Mapped "{[/moneyinfoitem/list/{id}],methods=[GET]}" onto public org.springframework.web.servlet.ModelAndView com.jxtele.projectmanage.controller.MoneyInfoItemController.list(java.lang.Integer,org.springframework.ui.ModelMap)
2019-04-18 10:18:23.299 [restartedMain] INFO  o.s.w.s.m.m.a.RequestMappingHandlerMapping - Mapped "{[/include/{pageName}]}" onto public java.lang.String com.jxtele.projectmanage.controller.PageController.include(java.lang.String)
2019-04-18 10:18:23.301 [restartedMain] INFO  o.s.w.s.m.m.a.RequestMappingHandlerMapping - Mapped "{[/procurement/edit],methods=[POST]}" onto public java.lang.Object com.jxtele.projectmanage.controller.ProcurementController.edit(com.jxtele.projectmanage.entity.Procurement)
2019-04-18 10:18:23.301 [restartedMain] INFO  o.s.w.s.m.m.a.RequestMappingHandlerMapping - Mapped "{[/procurement/del/{id}],methods=[GET]}" onto public java.lang.Object com.jxtele.projectmanage.controller.ProcurementController.del(java.lang.Integer)
2019-04-18 10:18:23.302 [restartedMain] INFO  o.s.w.s.m.m.a.RequestMappingHandlerMapping - Mapped "{[/procurement/add],methods=[POST]}" onto public java.lang.Object com.jxtele.projectmanage.controller.ProcurementController.add(com.jxtele.projectmanage.entity.Procurement)
2019-04-18 10:18:23.302 [restartedMain] INFO  o.s.w.s.m.m.a.RequestMappingHandlerMapping - Mapped "{[/procurement/list/{id}],methods=[GET]}" onto public java.lang.Object com.jxtele.projectmanage.controller.ProcurementController.list(java.lang.Integer,org.springframework.ui.ModelMap)
2019-04-18 10:18:23.304 [restartedMain] INFO  o.s.w.s.m.m.a.RequestMappingHandlerMapping - Mapped "{[/procurementitem/edit],methods=[POST]}" onto public java.lang.Object com.jxtele.projectmanage.controller.ProcurementItemController.edit(com.jxtele.projectmanage.entity.ProcurementItem)
2019-04-18 10:18:23.305 [restartedMain] INFO  o.s.w.s.m.m.a.RequestMappingHandlerMapping - Mapped "{[/procurementitem/del/{id}],methods=[GET]}" onto public java.lang.Object com.jxtele.projectmanage.controller.ProcurementItemController.del(java.lang.Integer)
2019-04-18 10:18:23.305 [restartedMain] INFO  o.s.w.s.m.m.a.RequestMappingHandlerMapping - Mapped "{[/procurementitem/add],methods=[POST]}" onto public java.lang.Object com.jxtele.projectmanage.controller.ProcurementItemController.add(com.jxtele.projectmanage.entity.ProcurementItem)
2019-04-18 10:18:23.305 [restartedMain] INFO  o.s.w.s.m.m.a.RequestMappingHandlerMapping - Mapped "{[/procurementitem/list/{id}],methods=[GET]}" onto public java.lang.Object com.jxtele.projectmanage.controller.ProcurementItemController.list(java.lang.Integer,org.springframework.ui.ModelMap)
2019-04-18 10:18:23.307 [restartedMain] INFO  o.s.w.s.m.m.a.RequestMappingHandlerMapping - Mapped "{[/project/edit],methods=[POST]}" onto public java.lang.Object com.jxtele.projectmanage.controller.ProjectController.edit()
2019-04-18 10:18:23.307 [restartedMain] INFO  o.s.w.s.m.m.a.RequestMappingHandlerMapping - Mapped "{[/project/del/{id}],methods=[GET]}" onto public java.lang.Object com.jxtele.projectmanage.controller.ProjectController.del(java.lang.Integer)
2019-04-18 10:18:23.307 [restartedMain] INFO  o.s.w.s.m.m.a.RequestMappingHandlerMapping - Mapped "{[/project/add],methods=[POST]}" onto public java.lang.Object com.jxtele.projectmanage.controller.ProjectController.add()
2019-04-18 10:18:23.308 [restartedMain] INFO  o.s.w.s.m.m.a.RequestMappingHandlerMapping - Mapped "{[/project/list],methods=[GET]}" onto public org.springframework.web.servlet.ModelAndView com.jxtele.projectmanage.controller.ProjectController.list(org.springframework.ui.ModelMap)
2019-04-18 10:18:23.310 [restartedMain] INFO  o.s.w.s.m.m.a.RequestMappingHandlerMapping - Mapped "{[/projectschedule/edit],methods=[POST]}" onto public java.lang.Object com.jxtele.projectmanage.controller.ProjectScheduleController.edit(com.jxtele.projectmanage.entity.ProjectSchedule)
2019-04-18 10:18:23.310 [restartedMain] INFO  o.s.w.s.m.m.a.RequestMappingHandlerMapping - Mapped "{[/projectschedule/del/{id}],methods=[GET]}" onto public java.lang.Object com.jxtele.projectmanage.controller.ProjectScheduleController.del(java.lang.Integer)
2019-04-18 10:18:23.311 [restartedMain] INFO  o.s.w.s.m.m.a.RequestMappingHandlerMapping - Mapped "{[/projectschedule/findproject/{id}],methods=[GET]}" onto public java.lang.Object com.jxtele.projectmanage.controller.ProjectScheduleController.findproject(java.lang.Integer)
2019-04-18 10:18:23.311 [restartedMain] INFO  o.s.w.s.m.m.a.RequestMappingHandlerMapping - Mapped "{[/projectschedule/secchange],methods=[POST]}" onto public java.lang.Object com.jxtele.projectmanage.controller.ProjectScheduleController.secchange(com.jxtele.projectmanage.entity.ProjectSchedule)
2019-04-18 10:18:23.311 [restartedMain] INFO  o.s.w.s.m.m.a.RequestMappingHandlerMapping - Mapped "{[/projectschedule/add],methods=[POST]}" onto public java.lang.Object com.jxtele.projectmanage.controller.ProjectScheduleController.add(com.jxtele.projectmanage.entity.ProjectSchedule)
2019-04-18 10:18:23.311 [restartedMain] INFO  o.s.w.s.m.m.a.RequestMappingHandlerMapping - Mapped "{[/projectschedule/list/{id}],methods=[GET]}" onto public org.springframework.web.servlet.ModelAndView com.jxtele.projectmanage.controller.ProjectScheduleController.list(java.lang.Integer,org.springframework.ui.ModelMap)
2019-04-18 10:18:23.312 [restartedMain] INFO  o.s.w.s.m.m.a.RequestMappingHandlerMapping - Mapped "{[/risk/edit],methods=[POST]}" onto public java.lang.Object com.jxtele.projectmanage.controller.RiskController.edit(com.jxtele.projectmanage.entity.Risk)
2019-04-18 10:18:23.313 [restartedMain] INFO  o.s.w.s.m.m.a.RequestMappingHandlerMapping - Mapped "{[/risk/del/{id}],methods=[GET]}" onto public java.lang.Object com.jxtele.projectmanage.controller.RiskController.del(java.lang.Integer)
2019-04-18 10:18:23.313 [restartedMain] INFO  o.s.w.s.m.m.a.RequestMappingHandlerMapping - Mapped "{[/risk/add],methods=[POST]}" onto public java.lang.Object com.jxtele.projectmanage.controller.RiskController.add(com.jxtele.projectmanage.entity.Risk)
2019-04-18 10:18:23.314 [restartedMain] INFO  o.s.w.s.m.m.a.RequestMappingHandlerMapping - Mapped "{[/risk/list/{id}],methods=[GET]}" onto public org.springframework.web.servlet.ModelAndView com.jxtele.projectmanage.controller.RiskController.list(java.lang.Integer,org.springframework.ui.ModelMap)
2019-04-18 10:18:23.315 [restartedMain] INFO  o.s.w.s.m.m.a.RequestMappingHandlerMapping - Mapped "{[/role/edit],methods=[POST]}" onto public java.lang.Object com.jxtele.projectmanage.controller.RoleController.edit()
2019-04-18 10:18:23.316 [restartedMain] INFO  o.s.w.s.m.m.a.RequestMappingHandlerMapping - Mapped "{[/role/del/{roleId}],methods=[GET]}" onto public java.lang.Object com.jxtele.projectmanage.controller.RoleController.del(java.lang.String)
2019-04-18 10:18:23.316 [restartedMain] INFO  o.s.w.s.m.m.a.RequestMappingHandlerMapping - Mapped "{[/role/qx],methods=[POST]}" onto public java.lang.Object com.jxtele.projectmanage.controller.RoleController.qx()
2019-04-18 10:18:23.317 [restartedMain] INFO  o.s.w.s.m.m.a.RequestMappingHandlerMapping - Mapped "{[/role/add],methods=[POST]}" onto public java.lang.Object com.jxtele.projectmanage.controller.RoleController.add()
2019-04-18 10:18:23.317 [restartedMain] INFO  o.s.w.s.m.m.a.RequestMappingHandlerMapping - Mapped "{[/role/list],methods=[GET]}" onto public java.lang.Object com.jxtele.projectmanage.controller.RoleController.list(org.springframework.ui.Model)
2019-04-18 10:18:23.318 [restartedMain] INFO  o.s.w.s.m.m.a.RequestMappingHandlerMapping - Mapped "{[/stakeholder/edit],methods=[POST]}" onto public java.lang.Object com.jxtele.projectmanage.controller.StakeholderController.edit(com.jxtele.projectmanage.entity.Stakeholder)
2019-04-18 10:18:23.319 [restartedMain] INFO  o.s.w.s.m.m.a.RequestMappingHandlerMapping - Mapped "{[/stakeholder/del/{id}],methods=[GET]}" onto public java.lang.Object com.jxtele.projectmanage.controller.StakeholderController.del(java.lang.Integer)
2019-04-18 10:18:23.320 [restartedMain] INFO  o.s.w.s.m.m.a.RequestMappingHandlerMapping - Mapped "{[/stakeholder/add],methods=[POST]}" onto public java.lang.Object com.jxtele.projectmanage.controller.StakeholderController.add(com.jxtele.projectmanage.entity.Stakeholder)
2019-04-18 10:18:23.320 [restartedMain] INFO  o.s.w.s.m.m.a.RequestMappingHandlerMapping - Mapped "{[/stakeholder/list/{id}],methods=[GET]}" onto public org.springframework.web.servlet.ModelAndView com.jxtele.projectmanage.controller.StakeholderController.list(java.lang.Integer,org.springframework.ui.ModelMap)
2019-04-18 10:18:23.321 [restartedMain] INFO  o.s.w.s.m.m.a.RequestMappingHandlerMapping - Mapped "{[/standardapply/edit],methods=[POST]}" onto public java.lang.Object com.jxtele.projectmanage.controller.StandardApplyController.edit(com.jxtele.projectmanage.entity.StandardApply)
2019-04-18 10:18:23.322 [restartedMain] INFO  o.s.w.s.m.m.a.RequestMappingHandlerMapping - Mapped "{[/standardapply/del/{id}],methods=[GET]}" onto public java.lang.Object com.jxtele.projectmanage.controller.StandardApplyController.del(java.lang.Integer)
2019-04-18 10:18:23.322 [restartedMain] INFO  o.s.w.s.m.m.a.RequestMappingHandlerMapping - Mapped "{[/standardapply/add],methods=[POST]}" onto public java.lang.Object com.jxtele.projectmanage.controller.StandardApplyController.add(com.jxtele.projectmanage.entity.StandardApply)
2019-04-18 10:18:23.323 [restartedMain] INFO  o.s.w.s.m.m.a.RequestMappingHandlerMapping - Mapped "{[/standardapply/list/{id}],methods=[GET]}" onto public org.springframework.web.servlet.ModelAndView com.jxtele.projectmanage.controller.StandardApplyController.list(java.lang.Integer,org.springframework.ui.ModelMap)
2019-04-18 10:18:23.325 [restartedMain] INFO  o.s.w.s.m.m.a.RequestMappingHandlerMapping - Mapped "{[/standardday/edit],methods=[POST]}" onto public java.lang.Object com.jxtele.projectmanage.controller.StandardDayController.edit(com.jxtele.projectmanage.entity.StandardDay)
2019-04-18 10:18:23.325 [restartedMain] INFO  o.s.w.s.m.m.a.RequestMappingHandlerMapping - Mapped "{[/standardday/del/{id}],methods=[GET]}" onto public java.lang.Object com.jxtele.projectmanage.controller.StandardDayController.del(java.lang.Integer)
2019-04-18 10:18:23.325 [restartedMain] INFO  o.s.w.s.m.m.a.RequestMappingHandlerMapping - Mapped "{[/standardday/add],methods=[POST]}" onto public java.lang.Object com.jxtele.projectmanage.controller.StandardDayController.add(com.jxtele.projectmanage.entity.StandardDay)
2019-04-18 10:18:23.326 [restartedMain] INFO  o.s.w.s.m.m.a.RequestMappingHandlerMapping - Mapped "{[/standardday/plist/{id}],methods=[GET]}" onto public org.springframework.web.servlet.ModelAndView com.jxtele.projectmanage.controller.StandardDayController.list(java.lang.Integer,org.springframework.ui.ModelMap)
2019-04-18 10:18:23.326 [restartedMain] INFO  o.s.w.s.m.m.a.RequestMappingHandlerMapping - Mapped "{[/standardday/list],methods=[GET]}" onto public org.springframework.web.servlet.ModelAndView com.jxtele.projectmanage.controller.StandardDayController.list(org.springframework.ui.Model)
2019-04-18 10:18:23.328 [restartedMain] INFO  o.s.w.s.m.m.a.RequestMappingHandlerMapping - Mapped "{[/supplier/edit],methods=[POST]}" onto public java.lang.Object com.jxtele.projectmanage.controller.SupplierController.edit(com.jxtele.projectmanage.entity.Supplier)
2019-04-18 10:18:23.328 [restartedMain] INFO  o.s.w.s.m.m.a.RequestMappingHandlerMapping - Mapped "{[/supplier/del/{id}],methods=[GET]}" onto public java.lang.Object com.jxtele.projectmanage.controller.SupplierController.del(java.lang.Integer)
2019-04-18 10:18:23.329 [restartedMain] INFO  o.s.w.s.m.m.a.RequestMappingHandlerMapping - Mapped "{[/supplier/add],methods=[POST]}" onto public java.lang.Object com.jxtele.projectmanage.controller.SupplierController.add(com.jxtele.projectmanage.entity.Supplier)
2019-04-18 10:18:23.329 [restartedMain] INFO  o.s.w.s.m.m.a.RequestMappingHandlerMapping - Mapped "{[/supplier/list/{id}],methods=[GET]}" onto public org.springframework.web.servlet.ModelAndView com.jxtele.projectmanage.controller.SupplierController.list(java.lang.Integer,org.springframework.ui.ModelMap)
2019-04-18 10:18:23.331 [restartedMain] INFO  o.s.w.s.m.m.a.RequestMappingHandlerMapping - Mapped "{[/teambuild/edit],methods=[POST]}" onto public java.lang.Object com.jxtele.projectmanage.controller.TeamBuildController.edit(com.jxtele.projectmanage.entity.TeamBuild)
2019-04-18 10:18:23.332 [restartedMain] INFO  o.s.w.s.m.m.a.RequestMappingHandlerMapping - Mapped "{[/teambuild/del/{id}],methods=[GET]}" onto public java.lang.Object com.jxtele.projectmanage.controller.TeamBuildController.del(java.lang.Integer)
2019-04-18 10:18:23.332 [restartedMain] INFO  o.s.w.s.m.m.a.RequestMappingHandlerMapping - Mapped "{[/teambuild/getProject],methods=[GET]}" onto public java.lang.Object com.jxtele.projectmanage.controller.TeamBuildController.projectList()
2019-04-18 10:18:23.333 [restartedMain] INFO  o.s.w.s.m.m.a.RequestMappingHandlerMapping - Mapped "{[/teambuild/getAllUser],methods=[GET]}" onto public java.lang.Object com.jxtele.projectmanage.controller.TeamBuildController.userList()
2019-04-18 10:18:23.337 [restartedMain] INFO  o.s.w.s.m.m.a.RequestMappingHandlerMapping - Mapped "{[/teambuild/add],methods=[POST]}" onto public java.lang.Object com.jxtele.projectmanage.controller.TeamBuildController.add(com.jxtele.projectmanage.entity.TeamBuild)
2019-04-18 10:18:23.338 [restartedMain] INFO  o.s.w.s.m.m.a.RequestMappingHandlerMapping - Mapped "{[/teambuild/list/{id}],methods=[GET]}" onto public org.springframework.web.servlet.ModelAndView com.jxtele.projectmanage.controller.TeamBuildController.list(java.lang.Integer,org.springframework.ui.ModelMap)
2019-04-18 10:18:23.339 [restartedMain] INFO  o.s.w.s.m.m.a.RequestMappingHandlerMapping - Mapped "{[/upload/img],methods=[POST]}" onto public java.lang.String com.jxtele.projectmanage.controller.UploadController.imgUpload(org.springframework.web.multipart.MultipartFile)
2019-04-18 10:18:23.340 [restartedMain] INFO  o.s.w.s.m.m.a.RequestMappingHandlerMapping - Mapped "{[/upload/show/{folderName}/{filename:.+}],methods=[GET]}" onto public org.springframework.http.ResponseEntity<?> com.jxtele.projectmanage.controller.UploadController.getImg(java.lang.String,java.lang.String)
2019-04-18 10:18:23.340 [restartedMain] INFO  o.s.w.s.m.m.a.RequestMappingHandlerMapping - Mapped "{[/upload/show/{filename:.+}],methods=[GET]}" onto public org.springframework.http.ResponseEntity<?> com.jxtele.projectmanage.controller.UploadController.getFile(java.lang.String)
2019-04-18 10:18:23.342 [restartedMain] INFO  o.s.w.s.m.m.a.RequestMappingHandlerMapping - Mapped "{[/user/edit],methods=[POST]}" onto public java.lang.Object com.jxtele.projectmanage.controller.UserController.edit()
2019-04-18 10:18:23.342 [restartedMain] INFO  o.s.w.s.m.m.a.RequestMappingHandlerMapping - Mapped "{[/user/del],methods=[POST]}" onto public java.lang.Object com.jxtele.projectmanage.controller.UserController.del()
2019-04-18 10:18:23.343 [restartedMain] INFO  o.s.w.s.m.m.a.RequestMappingHandlerMapping - Mapped "{[/user/list],methods=[GET]}" onto public java.lang.Object com.jxtele.projectmanage.controller.UserController.login(org.springframework.ui.Model)
2019-04-18 10:18:23.343 [restartedMain] INFO  o.s.w.s.m.m.a.RequestMappingHandlerMapping - Mapped "{[/user/getRole],methods=[GET]}" onto public java.lang.Object com.jxtele.projectmanage.controller.UserController.userRole()
2019-04-18 10:18:23.344 [restartedMain] INFO  o.s.w.s.m.m.a.RequestMappingHandlerMapping - Mapped "{[/user/editRole],methods=[POST]}" onto public java.lang.Object com.jxtele.projectmanage.controller.UserController.editRole()
2019-04-18 10:18:23.344 [restartedMain] INFO  o.s.w.s.m.m.a.RequestMappingHandlerMapping - Mapped "{[/user/add],methods=[POST]}" onto public java.lang.Object com.jxtele.projectmanage.controller.UserController.add()
2019-04-18 10:18:23.346 [restartedMain] INFO  o.s.w.s.m.m.a.RequestMappingHandlerMapping - Mapped "{[/percentage/edit],methods=[POST]}" onto public java.lang.Object com.jxtele.projectmanage.controller.XmpercentageController.edit(com.jxtele.projectmanage.entity.Xmpercentage)
2019-04-18 10:18:23.346 [restartedMain] INFO  o.s.w.s.m.m.a.RequestMappingHandlerMapping - Mapped "{[/percentage/del/{id}],methods=[GET]}" onto public java.lang.Object com.jxtele.projectmanage.controller.XmpercentageController.del(java.lang.Integer,org.springframework.ui.Model)
2019-04-18 10:18:23.346 [restartedMain] INFO  o.s.w.s.m.m.a.RequestMappingHandlerMapping - Mapped "{[/percentage/add],methods=[GET]}" onto public java.lang.String com.jxtele.projectmanage.controller.XmpercentageController.add(com.jxtele.projectmanage.entity.Xmpercentage,org.springframework.ui.Model)
2019-04-18 10:18:23.347 [restartedMain] INFO  o.s.w.s.m.m.a.RequestMappingHandlerMapping - Mapped "{[/percentage/list],methods=[GET]}" onto public org.springframework.web.servlet.ModelAndView com.jxtele.projectmanage.controller.XmpercentageController.list(org.springframework.ui.Model)
2019-04-18 10:18:23.347 [restartedMain] INFO  o.s.w.s.m.m.a.RequestMappingHandlerMapping - Mapped "{[/percentage/itemlist/{percentageId}],methods=[GET]}" onto public java.lang.Object com.jxtele.projectmanage.controller.XmpercentageController.list(java.lang.Integer,org.springframework.ui.Model)
2019-04-18 10:18:23.349 [restartedMain] INFO  o.s.w.s.m.m.a.RequestMappingHandlerMapping - Mapped "{[/xmpercentageItem/updateitem],methods=[POST]}" onto public java.lang.Object com.jxtele.projectmanage.controller.XmpercentageItemController.editRcentage(com.jxtele.projectmanage.entity.XmpercentageItem)
2019-04-18 10:18:23.350 [restartedMain] INFO  o.s.w.s.m.m.a.RequestMappingHandlerMapping - Mapped "{[/xmpercentageItem/list],methods=[GET]}" onto public java.lang.Integer com.jxtele.projectmanage.controller.XmpercentageItemController.AddXMpercentageItem(com.jxtele.projectmanage.entity.XmpercentageItem)
2019-04-18 10:18:23.350 [restartedMain] INFO  o.s.w.s.m.m.a.RequestMappingHandlerMapping - Mapped "{[/xmpercentageItem/itemlist],methods=[GET]}" onto public java.lang.Object com.jxtele.projectmanage.controller.XmpercentageItemController.rcentageItemManageInfo(java.lang.Integer,org.springframework.ui.Model)
2019-04-18 10:18:23.351 [restartedMain] INFO  o.s.w.s.m.m.a.RequestMappingHandlerMapping - Mapped "{[/xmpercentageItem/delitem],methods=[GET]}" onto public java.lang.Object com.jxtele.projectmanage.controller.XmpercentageItemController.delRcentageItemInfo(java.lang.Integer)
2019-04-18 10:18:23.356 [restartedMain] INFO  o.s.w.s.m.m.a.RequestMappingHandlerMapping - Mapped "{[/error],produces=[text/html]}" onto public org.springframework.web.servlet.ModelAndView org.springframework.boot.autoconfigure.web.BasicErrorController.errorHtml(javax.servlet.http.HttpServletRequest,javax.servlet.http.HttpServletResponse)
2019-04-18 10:18:23.357 [restartedMain] INFO  o.s.w.s.m.m.a.RequestMappingHandlerMapping - Mapped "{[/error]}" onto public org.springframework.http.ResponseEntity<java.util.Map<java.lang.String, java.lang.Object>> org.springframework.boot.autoconfigure.web.BasicErrorController.error(javax.servlet.http.HttpServletRequest)
2019-04-18 10:18:23.395 [restartedMain] INFO  o.s.web.servlet.handler.SimpleUrlHandlerMapping - Mapped URL path [/webjars/**] onto handler of type [class org.springframework.web.servlet.resource.ResourceHttpRequestHandler]
2019-04-18 10:18:23.395 [restartedMain] INFO  o.s.web.servlet.handler.SimpleUrlHandlerMapping - Mapped URL path [/**] onto handler of type [class org.springframework.web.servlet.resource.ResourceHttpRequestHandler]
2019-04-18 10:18:23.440 [restartedMain] INFO  o.s.web.servlet.handler.SimpleUrlHandlerMapping - Mapped URL path [/**/favicon.ico] onto handler of type [class org.springframework.web.servlet.resource.ResourceHttpRequestHandler]
2019-04-18 10:18:24.973 [restartedMain] INFO  o.s.b.d.autoconfigure.OptionalLiveReloadServer - LiveReload server is running on port 35729
2019-04-18 10:18:25.034 [restartedMain] INFO  o.s.jmx.export.annotation.AnnotationMBeanExporter - Registering beans for JMX exposure on startup
2019-04-18 10:18:25.161 [restartedMain] INFO  org.apache.coyote.http11.Http11NioProtocol - Starting ProtocolHandler ["http-nio-8081"]
2019-04-18 10:18:25.170 [restartedMain] INFO  org.apache.tomcat.util.net.NioSelectorPool - Using a shared selector for servlet write/read
2019-04-18 10:18:25.238 [restartedMain] INFO  o.s.b.c.e.tomcat.TomcatEmbeddedServletContainer - Tomcat started on port(s): 8081 (http)
2019-04-18 10:18:25.244 [restartedMain] INFO  com.jxtele.projectmanage.ProjectmanageApplication - Started ProjectmanageApplication in 10.35 seconds (JVM running for 13.202)
2019-04-18 10:18:39.189 [http-nio-8081-exec-1] INFO  o.a.c.core.ContainerBase.[Tomcat].[localhost].[/] - Initializing Spring FrameworkServlet 'dispatcherServlet'
2019-04-18 10:18:39.190 [http-nio-8081-exec-1] INFO  org.springframework.web.servlet.DispatcherServlet - FrameworkServlet 'dispatcherServlet': initialization started
2019-04-18 10:18:39.207 [http-nio-8081-exec-1] INFO  org.springframework.web.servlet.DispatcherServlet - FrameworkServlet 'dispatcherServlet': initialization completed in 17 ms
2019-04-18 10:18:39.373 [http-nio-8081-exec-1] INFO  org.thymeleaf.TemplateEngine - [THYMELEAF] INITIALIZING TEMPLATE ENGINE
2019-04-18 10:18:39.511 [http-nio-8081-exec-1] INFO  o.t.templateresolver.AbstractTemplateResolver - [THYMELEAF] INITIALIZING TEMPLATE RESOLVER: org.thymeleaf.spring4.templateresolver.SpringResourceTemplateResolver
2019-04-18 10:18:39.512 [http-nio-8081-exec-1] INFO  o.t.templateresolver.AbstractTemplateResolver - [THYMELEAF] TEMPLATE RESOLVER INITIALIZED OK
2019-04-18 10:18:39.512 [http-nio-8081-exec-1] INFO  o.t.messageresolver.AbstractMessageResolver - [THYMELEAF] INITIALIZING MESSAGE RESOLVER: org.thymeleaf.spring4.messageresolver.SpringMessageResolver
2019-04-18 10:18:39.512 [http-nio-8081-exec-1] INFO  o.t.messageresolver.AbstractMessageResolver - [THYMELEAF] MESSAGE RESOLVER INITIALIZED OK
2019-04-18 10:18:39.531 [http-nio-8081-exec-1] INFO  org.thymeleaf.TemplateEngine.CONFIG - [THYMELEAF] TEMPLATE ENGINE CONFIGURATION:
[THYMELEAF] * Cache Factory implementation: org.thymeleaf.cache.StandardCacheManager
[THYMELEAF] * Template modes:
[THYMELEAF]     * XML
[THYMELEAF]     * VALIDXHTML
[THYMELEAF]     * HTML5
[THYMELEAF]     * LEGACYHTML5
[THYMELEAF]     * VALIDXML
[THYMELEAF]     * XHTML
[THYMELEAF] * Template resolvers (in order):
[THYMELEAF]     * org.thymeleaf.spring4.templateresolver.SpringResourceTemplateResolver
[THYMELEAF] * Message resolvers (in order):
[THYMELEAF]     * org.thymeleaf.spring4.messageresolver.SpringMessageResolver
[THYMELEAF] * Dialect [1 of 2]: org.thymeleaf.spring4.dialect.SpringStandardDialect
[THYMELEAF]     * Prefix: "th"
[THYMELEAF] * Dialect [2 of 2]: nz.net.ultraq.thymeleaf.LayoutDialect
[THYMELEAF]     * Prefix: "layout"
[THYMELEAF] TEMPLATE ENGINE CONFIGURED OK
2019-04-18 10:18:39.531 [http-nio-8081-exec-1] INFO  org.thymeleaf.TemplateEngine - [THYMELEAF] TEMPLATE ENGINE INITIALIZED
2019-04-18 10:19:41.052 [http-nio-8081-exec-6] ERROR o.a.c.c.C.[.[localhost].[/].[dispatcherServlet] - Servlet.service() for servlet [dispatcherServlet] in context with path [] threw exception [Request processing failed; nested exception is org.apache.ibatis.binding.BindingException: Invalid bound statement (not found): com.jxtele.projectmanage.dao.XmpercentageMapper.selectAll] with root cause
org.apache.ibatis.binding.BindingException: Invalid bound statement (not found): com.jxtele.projectmanage.dao.XmpercentageMapper.selectAll
	at org.apache.ibatis.binding.MapperMethod$SqlCommand.<init>(MapperMethod.java:214)
	at org.apache.ibatis.binding.MapperMethod.<init>(MapperMethod.java:48)
	at org.apache.ibatis.binding.MapperProxy.cachedMapperMethod(MapperProxy.java:59)
	at org.apache.ibatis.binding.MapperProxy.invoke(MapperProxy.java:52)
	at com.sun.proxy.$Proxy96.selectAll(Unknown Source)
	at com.jxtele.projectmanage.service.impl.XmpercentageServiceImpl.selectAll(XmpercentageServiceImpl.java:49)
	at com.jxtele.projectmanage.controller.XmpercentageController.list(XmpercentageController.java:70)
	at sun.reflect.NativeMethodAccessorImpl.invoke0(Native Method)
	at sun.reflect.NativeMethodAccessorImpl.invoke(NativeMethodAccessorImpl.java:62)
	at sun.reflect.DelegatingMethodAccessorImpl.invoke(DelegatingMethodAccessorImpl.java:43)
	at java.lang.reflect.Method.invoke(Method.java:498)
	at org.springframework.web.method.support.InvocableHandlerMethod.doInvoke(InvocableHandlerMethod.java:205)
	at org.springframework.web.method.support.InvocableHandlerMethod.invokeForRequest(InvocableHandlerMethod.java:133)
	at org.springframework.web.servlet.mvc.method.annotation.ServletInvocableHandlerMethod.invokeAndHandle(ServletInvocableHandlerMethod.java:97)
	at org.springframework.web.servlet.mvc.method.annotation.RequestMappingHandlerAdapter.invokeHandlerMethod(RequestMappingHandlerAdapter.java:849)
	at org.springframework.web.servlet.mvc.method.annotation.RequestMappingHandlerAdapter.handleInternal(RequestMappingHandlerAdapter.java:760)
	at org.springframework.web.servlet.mvc.method.AbstractHandlerMethodAdapter.handle(AbstractHandlerMethodAdapter.java:85)
	at org.springframework.web.servlet.DispatcherServlet.doDispatch(DispatcherServlet.java:967)
	at org.springframework.web.servlet.DispatcherServlet.doService(DispatcherServlet.java:901)
	at org.springframework.web.servlet.FrameworkServlet.processRequest(FrameworkServlet.java:970)
	at org.springframework.web.servlet.FrameworkServlet.doGet(FrameworkServlet.java:861)
	at javax.servlet.http.HttpServlet.service(HttpServlet.java:635)
	at org.springframework.web.servlet.FrameworkServlet.service(FrameworkServlet.java:846)
	at javax.servlet.http.HttpServlet.service(HttpServlet.java:742)
	at org.apache.catalina.core.ApplicationFilterChain.internalDoFilter(ApplicationFilterChain.java:231)
	at org.apache.catalina.core.ApplicationFilterChain.doFilter(ApplicationFilterChain.java:166)
	at org.apache.tomcat.websocket.server.WsFilter.doFilter(WsFilter.java:52)
	at org.apache.catalina.core.ApplicationFilterChain.internalDoFilter(ApplicationFilterChain.java:193)
	at org.apache.catalina.core.ApplicationFilterChain.doFilter(ApplicationFilterChain.java:166)
	at com.jxtele.projectmanage.filter.LoginFilter.doFilter(LoginFilter.java:66)
	at org.apache.catalina.core.ApplicationFilterChain.internalDoFilter(ApplicationFilterChain.java:193)
	at org.apache.catalina.core.ApplicationFilterChain.doFilter(ApplicationFilterChain.java:166)
	at com.alibaba.druid.support.http.WebStatFilter.doFilter(WebStatFilter.java:123)
	at org.apache.catalina.core.ApplicationFilterChain.internalDoFilter(ApplicationFilterChain.java:193)
	at org.apache.catalina.core.ApplicationFilterChain.doFilter(ApplicationFilterChain.java:166)
	at org.springframework.web.filter.RequestContextFilter.doFilterInternal(RequestContextFilter.java:99)
	at org.springframework.web.filter.OncePerRequestFilter.doFilter(OncePerRequestFilter.java:107)
	at org.apache.catalina.core.ApplicationFilterChain.internalDoFilter(ApplicationFilterChain.java:193)
	at org.apache.catalina.core.ApplicationFilterChain.doFilter(ApplicationFilterChain.java:166)
	at org.springframework.web.filter.HttpPutFormContentFilter.doFilterInternal(HttpPutFormContentFilter.java:109)
	at org.springframework.web.filter.OncePerRequestFilter.doFilter(OncePerRequestFilter.java:107)
	at org.apache.catalina.core.ApplicationFilterChain.internalDoFilter(ApplicationFilterChain.java:193)
	at org.apache.catalina.core.ApplicationFilterChain.doFilter(ApplicationFilterChain.java:166)
	at org.springframework.web.filter.HiddenHttpMethodFilter.doFilterInternal(HiddenHttpMethodFilter.java:93)
	at org.springframework.web.filter.OncePerRequestFilter.doFilter(OncePerRequestFilter.java:107)
	at org.apache.catalina.core.ApplicationFilterChain.internalDoFilter(ApplicationFilterChain.java:193)
	at org.apache.catalina.core.ApplicationFilterChain.doFilter(ApplicationFilterChain.java:166)
	at org.springframework.web.filter.CharacterEncodingFilter.doFilterInternal(CharacterEncodingFilter.java:197)
	at org.springframework.web.filter.OncePerRequestFilter.doFilter(OncePerRequestFilter.java:107)
	at org.apache.catalina.core.ApplicationFilterChain.internalDoFilter(ApplicationFilterChain.java:193)
	at org.apache.catalina.core.ApplicationFilterChain.doFilter(ApplicationFilterChain.java:166)
	at org.apache.catalina.core.StandardWrapperValve.invoke(StandardWrapperValve.java:198)
	at org.apache.catalina.core.StandardContextValve.invoke(StandardContextValve.java:96)
	at org.apache.catalina.authenticator.AuthenticatorBase.invoke(AuthenticatorBase.java:493)
	at org.apache.catalina.core.StandardHostValve.invoke(StandardHostValve.java:140)
	at org.apache.catalina.valves.ErrorReportValve.invoke(ErrorReportValve.java:81)
	at org.apache.catalina.core.StandardEngineValve.invoke(StandardEngineValve.java:87)
	at org.apache.catalina.connector.CoyoteAdapter.service(CoyoteAdapter.java:342)
	at org.apache.coyote.http11.Http11Processor.service(Http11Processor.java:800)
	at org.apache.coyote.AbstractProcessorLight.process(AbstractProcessorLight.java:66)
	at org.apache.coyote.AbstractProtocol$ConnectionHandler.process(AbstractProtocol.java:806)
	at org.apache.tomcat.util.net.NioEndpoint$SocketProcessor.doRun(NioEndpoint.java:1498)
	at org.apache.tomcat.util.net.SocketProcessorBase.run(SocketProcessorBase.java:49)
	at java.util.concurrent.ThreadPoolExecutor.runWorker(ThreadPoolExecutor.java:1149)
	at java.util.concurrent.ThreadPoolExecutor$Worker.run(ThreadPoolExecutor.java:624)
	at org.apache.tomcat.util.threads.TaskThread$WrappingRunnable.run(TaskThread.java:61)
	at java.lang.Thread.run(Thread.java:748)
2019-04-18 10:21:57.617 [Thread-26] INFO  o.s.b.c.e.AnnotationConfigEmbeddedWebApplicationContext - Closing org.springframework.boot.context.embedded.AnnotationConfigEmbeddedWebApplicationContext@6df1630d: startup date [Thu Apr 18 10:18:18 CST 2019]; root of context hierarchy
2019-04-18 10:21:57.622 [Thread-26] INFO  o.s.jmx.export.annotation.AnnotationMBeanExporter - Unregistering JMX-exposed beans on shutdown
2019-04-18 10:22:07.274 [restartedMain] INFO  com.jxtele.projectmanage.ProjectmanageApplication - Starting ProjectmanageApplication on gleamora-hp-probook-6470b3-8-gib with PID 9602 (/home/gleamora/Work/version/projectmanage/target/classes started by gleamora in /home/gleamora/Work/version)
2019-04-18 10:22:07.275 [restartedMain] INFO  com.jxtele.projectmanage.ProjectmanageApplication - No active profile set, falling back to default profiles: default
2019-04-18 10:22:07.572 [background-preinit] INFO  org.hibernate.validator.internal.util.Version - HV000001: Hibernate Validator 5.3.6.Final
2019-04-18 10:22:07.993 [restartedMain] INFO  o.s.b.c.e.AnnotationConfigEmbeddedWebApplicationContext - Refreshing org.springframework.boot.context.embedded.AnnotationConfigEmbeddedWebApplicationContext@3128d00: startup date [Thu Apr 18 10:22:07 CST 2019]; root of context hierarchy
2019-04-18 10:22:10.289 [restartedMain] INFO  o.s.b.c.e.tomcat.TomcatEmbeddedServletContainer - Tomcat initialized with port(s): 8081 (http)
2019-04-18 10:22:10.306 [restartedMain] INFO  org.apache.coyote.http11.Http11NioProtocol - Initializing ProtocolHandler ["http-nio-8081"]
2019-04-18 10:22:10.333 [restartedMain] INFO  org.apache.catalina.core.StandardService - Starting service [Tomcat]
2019-04-18 10:22:10.333 [restartedMain] INFO  org.apache.catalina.core.StandardEngine - Starting Servlet Engine: Apache Tomcat/8.5.37
2019-04-18 10:22:10.463 [localhost-startStop-1] INFO  o.a.c.core.ContainerBase.[Tomcat].[localhost].[/] - Initializing Spring embedded WebApplicationContext
2019-04-18 10:22:10.463 [localhost-startStop-1] INFO  org.springframework.web.context.ContextLoader - Root WebApplicationContext: initialization completed in 2470 ms
2019-04-18 10:22:11.528 [localhost-startStop-1] INFO  o.s.boot.web.servlet.FilterRegistrationBean - Mapping filter: 'characterEncodingFilter' to: [/*]
2019-04-18 10:22:11.529 [localhost-startStop-1] INFO  o.s.boot.web.servlet.FilterRegistrationBean - Mapping filter: 'hiddenHttpMethodFilter' to: [/*]
2019-04-18 10:22:11.529 [localhost-startStop-1] INFO  o.s.boot.web.servlet.FilterRegistrationBean - Mapping filter: 'httpPutFormContentFilter' to: [/*]
2019-04-18 10:22:11.529 [localhost-startStop-1] INFO  o.s.boot.web.servlet.FilterRegistrationBean - Mapping filter: 'requestContextFilter' to: [/*]
2019-04-18 10:22:11.530 [localhost-startStop-1] INFO  o.s.boot.web.servlet.FilterRegistrationBean - Mapping filter: 'webStatFilter' to urls: [/*]
2019-04-18 10:22:11.530 [localhost-startStop-1] INFO  o.s.boot.web.servlet.FilterRegistrationBean - Mapping filter: 'loginFilter' to urls: [/*]
2019-04-18 10:22:11.530 [localhost-startStop-1] INFO  o.s.boot.web.servlet.ServletRegistrationBean - Mapping servlet: 'dispatcherServlet' to [/]
2019-04-18 10:22:11.565 [localhost-startStop-1] WARN  o.a.c.core.ContainerBase.[Tomcat].[localhost].[/] - Cannot deserialize session attribute [SESSION_ALL_MENU] for session [A2473607906C45864B27C8A013090D37]
2019-04-18 10:22:12.095 [restartedMain] INFO  o.s.w.s.m.m.a.RequestMappingHandlerAdapter - Looking for @ControllerAdvice: org.springframework.boot.context.embedded.AnnotationConfigEmbeddedWebApplicationContext@3128d00: startup date [Thu Apr 18 10:22:07 CST 2019]; root of context hierarchy
2019-04-18 10:22:12.157 [restartedMain] INFO  c.j.p.i.InterceptorAdapter$$EnhancerBySpringCGLIB$$4abeaa56 - 拦截
2019-04-18 10:22:12.183 [restartedMain] INFO  o.s.w.s.m.m.a.RequestMappingHandlerMapping - Mapped "{[/alterschedule/edit],methods=[POST]}" onto public java.lang.Object com.jxtele.projectmanage.controller.AlterScheduleController.edit(com.jxtele.projectmanage.entity.AlterSchedule)
2019-04-18 10:22:12.185 [restartedMain] INFO  o.s.w.s.m.m.a.RequestMappingHandlerMapping - Mapped "{[/alterschedule/del/{id}],methods=[GET]}" onto public java.lang.Object com.jxtele.projectmanage.controller.AlterScheduleController.del(java.lang.Integer)
2019-04-18 10:22:12.185 [restartedMain] INFO  o.s.w.s.m.m.a.RequestMappingHandlerMapping - Mapped "{[/alterschedule/add],methods=[POST]}" onto public java.lang.Object com.jxtele.projectmanage.controller.AlterScheduleController.add(com.jxtele.projectmanage.entity.AlterSchedule)
2019-04-18 10:22:12.186 [restartedMain] INFO  o.s.w.s.m.m.a.RequestMappingHandlerMapping - Mapped "{[/alterschedule/list/{id}],methods=[GET]}" onto public org.springframework.web.servlet.ModelAndView com.jxtele.projectmanage.controller.AlterScheduleController.list(java.lang.Integer,org.springframework.ui.ModelMap)
2019-04-18 10:22:12.191 [restartedMain] INFO  o.s.w.s.m.m.a.RequestMappingHandlerMapping - Mapped "{[/upload/edit],methods=[POST]}" onto public java.lang.Object com.jxtele.projectmanage.controller.AttachmentFileController.edit(com.jxtele.projectmanage.entity.AttachmentFile)
2019-04-18 10:22:12.192 [restartedMain] INFO  o.s.w.s.m.m.a.RequestMappingHandlerMapping - Mapped "{[/upload/del/{id}],methods=[GET]}" onto public java.lang.Object com.jxtele.projectmanage.controller.AttachmentFileController.del(java.lang.Integer)
2019-04-18 10:22:12.192 [restartedMain] INFO  o.s.w.s.m.m.a.RequestMappingHandlerMapping - Mapped "{[/upload/fileup],methods=[POST]}" onto public java.lang.String com.jxtele.projectmanage.controller.AttachmentFileController.upload(org.springframework.web.multipart.MultipartFile,com.jxtele.projectmanage.entity.AttachmentFile)
2019-04-18 10:22:12.192 [restartedMain] INFO  o.s.w.s.m.m.a.RequestMappingHandlerMapping - Mapped "{[/upload/downloadFile]}" onto public void com.jxtele.projectmanage.controller.AttachmentFileController.downloads(javax.servlet.http.HttpServletRequest,javax.servlet.http.HttpServletResponse,com.jxtele.projectmanage.entity.AttachmentFile) throws java.lang.Exception
2019-04-18 10:22:12.193 [restartedMain] INFO  o.s.w.s.m.m.a.RequestMappingHandlerMapping - Mapped "{[/upload/list/{id}],methods=[GET]}" onto public org.springframework.web.servlet.ModelAndView com.jxtele.projectmanage.controller.AttachmentFileController.list(java.lang.Integer,org.springframework.ui.ModelMap)
2019-04-18 10:22:12.193 [restartedMain] INFO  o.s.w.s.m.m.a.RequestMappingHandlerMapping - Mapped "{[/upload/test]}" onto public org.springframework.web.servlet.ModelAndView com.jxtele.projectmanage.controller.AttachmentFileController.test()
2019-04-18 10:22:12.195 [restartedMain] INFO  o.s.w.s.m.m.a.RequestMappingHandlerMapping - Mapped "{[/communication/edit],methods=[POST]}" onto public java.lang.Object com.jxtele.projectmanage.controller.CommunicationController.edit(com.jxtele.projectmanage.entity.Communication,org.springframework.web.multipart.MultipartFile)
2019-04-18 10:22:12.196 [restartedMain] INFO  o.s.w.s.m.m.a.RequestMappingHandlerMapping - Mapped "{[/communication/del/{id}],methods=[GET]}" onto public java.lang.Object com.jxtele.projectmanage.controller.CommunicationController.del(java.lang.Integer)
2019-04-18 10:22:12.196 [restartedMain] INFO  o.s.w.s.m.m.a.RequestMappingHandlerMapping - Mapped "{[/communication/add],methods=[POST]}" onto public java.lang.Object com.jxtele.projectmanage.controller.CommunicationController.add(com.jxtele.projectmanage.entity.Communication,org.springframework.web.multipart.MultipartFile)
2019-04-18 10:22:12.197 [restartedMain] INFO  o.s.w.s.m.m.a.RequestMappingHandlerMapping - Mapped "{[/communication/list/{id}],methods=[GET]}" onto public org.springframework.web.servlet.ModelAndView com.jxtele.projectmanage.controller.CommunicationController.list(java.lang.Integer,org.springframework.ui.ModelMap)
2019-04-18 10:22:12.200 [restartedMain] INFO  o.s.w.s.m.m.a.RequestMappingHandlerMapping - Mapped "{[/communicationrecord/edit],methods=[POST]}" onto public java.lang.Object com.jxtele.projectmanage.controller.CommunicationRecordController.edit(com.jxtele.projectmanage.entity.CommunicationRecord,org.springframework.web.multipart.MultipartFile)
2019-04-18 10:22:12.200 [restartedMain] INFO  o.s.w.s.m.m.a.RequestMappingHandlerMapping - Mapped "{[/communicationrecord/del/{id}],methods=[GET]}" onto public java.lang.Object com.jxtele.projectmanage.controller.CommunicationRecordController.del(java.lang.Integer)
2019-04-18 10:22:12.201 [restartedMain] INFO  o.s.w.s.m.m.a.RequestMappingHandlerMapping - Mapped "{[/communicationrecord/add],methods=[POST]}" onto public java.lang.Object com.jxtele.projectmanage.controller.CommunicationRecordController.add(com.jxtele.projectmanage.entity.CommunicationRecord,org.springframework.web.multipart.MultipartFile)
2019-04-18 10:22:12.201 [restartedMain] INFO  o.s.w.s.m.m.a.RequestMappingHandlerMapping - Mapped "{[/communicationrecord/list/{id}],methods=[GET]}" onto public org.springframework.web.servlet.ModelAndView com.jxtele.projectmanage.controller.CommunicationRecordController.list(java.lang.Integer,org.springframework.ui.ModelMap)
2019-04-18 10:22:12.202 [restartedMain] INFO  o.s.w.s.m.m.a.RequestMappingHandlerMapping - Mapped "{[/error/{pageNumber}]}" onto public java.lang.String com.jxtele.projectmanage.controller.ErrorController.error400(java.lang.String)
2019-04-18 10:22:12.203 [restartedMain] INFO  o.s.w.s.m.m.a.RequestMappingHandlerMapping - Mapped "{[/factschedule/edit],methods=[POST]}" onto public java.lang.Object com.jxtele.projectmanage.controller.FactScheduleleController.edit(com.jxtele.projectmanage.entity.FactSchedule)
2019-04-18 10:22:12.204 [restartedMain] INFO  o.s.w.s.m.m.a.RequestMappingHandlerMapping - Mapped "{[/factschedule/del/{id}],methods=[GET]}" onto public java.lang.Object com.jxtele.projectmanage.controller.FactScheduleleController.del(java.lang.Integer)
2019-04-18 10:22:12.205 [restartedMain] INFO  o.s.w.s.m.m.a.RequestMappingHandlerMapping - Mapped "{[/factschedule/add],methods=[POST]}" onto public java.lang.Object com.jxtele.projectmanage.controller.FactScheduleleController.add(com.jxtele.projectmanage.entity.FactSchedule)
2019-04-18 10:22:12.205 [restartedMain] INFO  o.s.w.s.m.m.a.RequestMappingHandlerMapping - Mapped "{[/factschedule/list/{id}],methods=[GET]}" onto public org.springframework.web.servlet.ModelAndView com.jxtele.projectmanage.controller.FactScheduleleController.list(java.lang.Integer,org.springframework.ui.ModelMap)
2019-04-18 10:22:12.206 [restartedMain] INFO  o.s.w.s.m.m.a.RequestMappingHandlerMapping - Mapped "{[/ || /toLogin],methods=[GET]}" onto public java.lang.String com.jxtele.projectmanage.controller.IndexController.toLogin()
2019-04-18 10:22:12.207 [restartedMain] INFO  o.s.w.s.m.m.a.RequestMappingHandlerMapping - Mapped "{[/login],methods=[POST]}" onto public java.lang.Object com.jxtele.projectmanage.controller.IndexController.login()
2019-04-18 10:22:12.207 [restartedMain] INFO  o.s.w.s.m.m.a.RequestMappingHandlerMapping - Mapped "{[/logout]}" onto public java.lang.String com.jxtele.projectmanage.controller.IndexController.logout()
2019-04-18 10:22:12.208 [restartedMain] INFO  o.s.w.s.m.m.a.RequestMappingHandlerMapping - Mapped "{[/index]}" onto public java.lang.String com.jxtele.projectmanage.controller.IndexController.index(org.springframework.ui.Model)
2019-04-18 10:22:12.209 [restartedMain] INFO  o.s.w.s.m.m.a.RequestMappingHandlerMapping - Mapped "{[/integral/edit],methods=[POST]}" onto public java.lang.Object com.jxtele.projectmanage.controller.IntegralController.edit(com.jxtele.projectmanage.entity.Integral)
2019-04-18 10:22:12.210 [restartedMain] INFO  o.s.w.s.m.m.a.RequestMappingHandlerMapping - Mapped "{[/integral/del/{id}],methods=[GET]}" onto public java.lang.Object com.jxtele.projectmanage.controller.IntegralController.del(java.lang.Integer)
2019-04-18 10:22:12.210 [restartedMain] INFO  o.s.w.s.m.m.a.RequestMappingHandlerMapping - Mapped "{[/integral/add],methods=[POST]}" onto public java.lang.Object com.jxtele.projectmanage.controller.IntegralController.add(com.jxtele.projectmanage.entity.Integral)
2019-04-18 10:22:12.210 [restartedMain] INFO  o.s.w.s.m.m.a.RequestMappingHandlerMapping - Mapped "{[/integral/list/{id}],methods=[GET]}" onto public org.springframework.web.servlet.ModelAndView com.jxtele.projectmanage.controller.IntegralController.list(java.lang.Integer,org.springframework.ui.ModelMap)
2019-04-18 10:22:12.212 [restartedMain] INFO  o.s.w.s.m.m.a.RequestMappingHandlerMapping - Mapped "{[/integralitem/edit],methods=[POST]}" onto public java.lang.Object com.jxtele.projectmanage.controller.IntegralItemController.edit(com.jxtele.projectmanage.entity.IntegralItem)
2019-04-18 10:22:12.212 [restartedMain] INFO  o.s.w.s.m.m.a.RequestMappingHandlerMapping - Mapped "{[/integralitem/del/{id}],methods=[GET]}" onto public java.lang.Object com.jxtele.projectmanage.controller.IntegralItemController.del(java.lang.Integer)
2019-04-18 10:22:12.212 [restartedMain] INFO  o.s.w.s.m.m.a.RequestMappingHandlerMapping - Mapped "{[/integralitem/add],methods=[POST]}" onto public java.lang.Object com.jxtele.projectmanage.controller.IntegralItemController.add(com.jxtele.projectmanage.entity.IntegralItem)
2019-04-18 10:22:12.213 [restartedMain] INFO  o.s.w.s.m.m.a.RequestMappingHandlerMapping - Mapped "{[/integralitem/list/{id}],methods=[GET]}" onto public org.springframework.web.servlet.ModelAndView com.jxtele.projectmanage.controller.IntegralItemController.list(java.lang.Integer,org.springframework.ui.ModelMap)
2019-04-18 10:22:12.214 [restartedMain] INFO  o.s.w.s.m.m.a.RequestMappingHandlerMapping - Mapped "{[/menu/edit],methods=[POST]}" onto public java.lang.Object com.jxtele.projectmanage.controller.MenuController.edit()
2019-04-18 10:22:12.215 [restartedMain] INFO  o.s.w.s.m.m.a.RequestMappingHandlerMapping - Mapped "{[/menu/del/{menu_id}],methods=[GET]}" onto public java.lang.Object com.jxtele.projectmanage.controller.MenuController.del(java.lang.String)
2019-04-18 10:22:12.215 [restartedMain] INFO  o.s.w.s.m.m.a.RequestMappingHandlerMapping - Mapped "{[/menu/getSubMenu]}" onto public java.lang.Object com.jxtele.projectmanage.controller.MenuController.getSubMenu()
2019-04-18 10:22:12.215 [restartedMain] INFO  o.s.w.s.m.m.a.RequestMappingHandlerMapping - Mapped "{[/menu/add],methods=[POST]}" onto public java.lang.Object com.jxtele.projectmanage.controller.MenuController.add()
2019-04-18 10:22:12.215 [restartedMain] INFO  o.s.w.s.m.m.a.RequestMappingHandlerMapping - Mapped "{[/menu/query/{menu_id}],methods=[GET]}" onto public java.lang.Object com.jxtele.projectmanage.controller.MenuController.find(java.lang.String)
2019-04-18 10:22:12.215 [restartedMain] INFO  o.s.w.s.m.m.a.RequestMappingHandlerMapping - Mapped "{[/menu/list]}" onto public java.lang.String com.jxtele.projectmanage.controller.MenuController.list(org.springframework.ui.Model)
2019-04-18 10:22:12.218 [restartedMain] INFO  o.s.w.s.m.m.a.RequestMappingHandlerMapping - Mapped "{[/moneyinfo/edit],methods=[POST]}" onto public java.lang.Object com.jxtele.projectmanage.controller.MoneyInfoController.edit(com.jxtele.projectmanage.entity.MoneyInfo)
2019-04-18 10:22:12.219 [restartedMain] INFO  o.s.w.s.m.m.a.RequestMappingHandlerMapping - Mapped "{[/moneyinfo/del/{id}],methods=[GET]}" onto public java.lang.Object com.jxtele.projectmanage.controller.MoneyInfoController.del(java.lang.Integer)
2019-04-18 10:22:12.219 [restartedMain] INFO  o.s.w.s.m.m.a.RequestMappingHandlerMapping - Mapped "{[/moneyinfo/findproject/{id}],methods=[GET]}" onto public java.lang.Object com.jxtele.projectmanage.controller.MoneyInfoController.findproject(java.lang.Integer)
2019-04-18 10:22:12.219 [restartedMain] INFO  o.s.w.s.m.m.a.RequestMappingHandlerMapping - Mapped "{[/moneyinfo/monchange],methods=[POST]}" onto public java.lang.Object com.jxtele.projectmanage.controller.MoneyInfoController.monchange(com.jxtele.projectmanage.entity.MoneyInfo)
2019-04-18 10:22:12.220 [restartedMain] INFO  o.s.w.s.m.m.a.RequestMappingHandlerMapping - Mapped "{[/moneyinfo/add],methods=[POST],produces=[application/json;charset=UTF-8]}" onto public java.lang.Object com.jxtele.projectmanage.controller.MoneyInfoController.add(com.jxtele.projectmanage.entity.MoneyInfo)
2019-04-18 10:22:12.220 [restartedMain] INFO  o.s.w.s.m.m.a.RequestMappingHandlerMapping - Mapped "{[/moneyinfo/list/{id}],methods=[GET]}" onto public org.springframework.web.servlet.ModelAndView com.jxtele.projectmanage.controller.MoneyInfoController.list(java.lang.Integer,org.springframework.ui.ModelMap)
2019-04-18 10:22:12.220 [restartedMain] INFO  o.s.w.s.m.m.a.RequestMappingHandlerMapping - Mapped "{[/moneyinfo/query/{id}],methods=[GET]}" onto public java.lang.Object com.jxtele.projectmanage.controller.MoneyInfoController.query(java.lang.Integer)
2019-04-18 10:22:12.221 [restartedMain] INFO  o.s.w.s.m.m.a.RequestMappingHandlerMapping - Mapped "{[/moneyinfoitem/edit],methods=[POST]}" onto public java.lang.Object com.jxtele.projectmanage.controller.MoneyInfoItemController.edit(com.jxtele.projectmanage.entity.MoneyInfoItem)
2019-04-18 10:22:12.221 [restartedMain] INFO  o.s.w.s.m.m.a.RequestMappingHandlerMapping - Mapped "{[/moneyinfoitem/del/{id}],methods=[GET]}" onto public java.lang.Object com.jxtele.projectmanage.controller.MoneyInfoItemController.del(java.lang.Integer)
2019-04-18 10:22:12.222 [restartedMain] INFO  o.s.w.s.m.m.a.RequestMappingHandlerMapping - Mapped "{[/moneyinfoitem/add],methods=[POST]}" onto public java.lang.Object com.jxtele.projectmanage.controller.MoneyInfoItemController.add(com.jxtele.projectmanage.entity.MoneyInfoItem)
2019-04-18 10:22:12.222 [restartedMain] INFO  o.s.w.s.m.m.a.RequestMappingHandlerMapping - Mapped "{[/moneyinfoitem/list/{id}],methods=[GET]}" onto public org.springframework.web.servlet.ModelAndView com.jxtele.projectmanage.controller.MoneyInfoItemController.list(java.lang.Integer,org.springframework.ui.ModelMap)
2019-04-18 10:22:12.222 [restartedMain] INFO  o.s.w.s.m.m.a.RequestMappingHandlerMapping - Mapped "{[/include/{pageName}]}" onto public java.lang.String com.jxtele.projectmanage.controller.PageController.include(java.lang.String)
2019-04-18 10:22:12.223 [restartedMain] INFO  o.s.w.s.m.m.a.RequestMappingHandlerMapping - Mapped "{[/procurement/edit],methods=[POST]}" onto public java.lang.Object com.jxtele.projectmanage.controller.ProcurementController.edit(com.jxtele.projectmanage.entity.Procurement)
2019-04-18 10:22:12.223 [restartedMain] INFO  o.s.w.s.m.m.a.RequestMappingHandlerMapping - Mapped "{[/procurement/del/{id}],methods=[GET]}" onto public java.lang.Object com.jxtele.projectmanage.controller.ProcurementController.del(java.lang.Integer)
2019-04-18 10:22:12.224 [restartedMain] INFO  o.s.w.s.m.m.a.RequestMappingHandlerMapping - Mapped "{[/procurement/add],methods=[POST]}" onto public java.lang.Object com.jxtele.projectmanage.controller.ProcurementController.add(com.jxtele.projectmanage.entity.Procurement)
2019-04-18 10:22:12.224 [restartedMain] INFO  o.s.w.s.m.m.a.RequestMappingHandlerMapping - Mapped "{[/procurement/list/{id}],methods=[GET]}" onto public java.lang.Object com.jxtele.projectmanage.controller.ProcurementController.list(java.lang.Integer,org.springframework.ui.ModelMap)
2019-04-18 10:22:12.225 [restartedMain] INFO  o.s.w.s.m.m.a.RequestMappingHandlerMapping - Mapped "{[/procurementitem/edit],methods=[POST]}" onto public java.lang.Object com.jxtele.projectmanage.controller.ProcurementItemController.edit(com.jxtele.projectmanage.entity.ProcurementItem)
2019-04-18 10:22:12.225 [restartedMain] INFO  o.s.w.s.m.m.a.RequestMappingHandlerMapping - Mapped "{[/procurementitem/del/{id}],methods=[GET]}" onto public java.lang.Object com.jxtele.projectmanage.controller.ProcurementItemController.del(java.lang.Integer)
2019-04-18 10:22:12.226 [restartedMain] INFO  o.s.w.s.m.m.a.RequestMappingHandlerMapping - Mapped "{[/procurementitem/add],methods=[POST]}" onto public java.lang.Object com.jxtele.projectmanage.controller.ProcurementItemController.add(com.jxtele.projectmanage.entity.ProcurementItem)
2019-04-18 10:22:12.226 [restartedMain] INFO  o.s.w.s.m.m.a.RequestMappingHandlerMapping - Mapped "{[/procurementitem/list/{id}],methods=[GET]}" onto public java.lang.Object com.jxtele.projectmanage.controller.ProcurementItemController.list(java.lang.Integer,org.springframework.ui.ModelMap)
2019-04-18 10:22:12.227 [restartedMain] INFO  o.s.w.s.m.m.a.RequestMappingHandlerMapping - Mapped "{[/project/edit],methods=[POST]}" onto public java.lang.Object com.jxtele.projectmanage.controller.ProjectController.edit()
2019-04-18 10:22:12.227 [restartedMain] INFO  o.s.w.s.m.m.a.RequestMappingHandlerMapping - Mapped "{[/project/del/{id}],methods=[GET]}" onto public java.lang.Object com.jxtele.projectmanage.controller.ProjectController.del(java.lang.Integer)
2019-04-18 10:22:12.228 [restartedMain] INFO  o.s.w.s.m.m.a.RequestMappingHandlerMapping - Mapped "{[/project/add],methods=[POST]}" onto public java.lang.Object com.jxtele.projectmanage.controller.ProjectController.add()
2019-04-18 10:22:12.228 [restartedMain] INFO  o.s.w.s.m.m.a.RequestMappingHandlerMapping - Mapped "{[/project/list],methods=[GET]}" onto public org.springframework.web.servlet.ModelAndView com.jxtele.projectmanage.controller.ProjectController.list(org.springframework.ui.ModelMap)
2019-04-18 10:22:12.229 [restartedMain] INFO  o.s.w.s.m.m.a.RequestMappingHandlerMapping - Mapped "{[/projectschedule/edit],methods=[POST]}" onto public java.lang.Object com.jxtele.projectmanage.controller.ProjectScheduleController.edit(com.jxtele.projectmanage.entity.ProjectSchedule)
2019-04-18 10:22:12.229 [restartedMain] INFO  o.s.w.s.m.m.a.RequestMappingHandlerMapping - Mapped "{[/projectschedule/del/{id}],methods=[GET]}" onto public java.lang.Object com.jxtele.projectmanage.controller.ProjectScheduleController.del(java.lang.Integer)
2019-04-18 10:22:12.230 [restartedMain] INFO  o.s.w.s.m.m.a.RequestMappingHandlerMapping - Mapped "{[/projectschedule/findproject/{id}],methods=[GET]}" onto public java.lang.Object com.jxtele.projectmanage.controller.ProjectScheduleController.findproject(java.lang.Integer)
2019-04-18 10:22:12.230 [restartedMain] INFO  o.s.w.s.m.m.a.RequestMappingHandlerMapping - Mapped "{[/projectschedule/secchange],methods=[POST]}" onto public java.lang.Object com.jxtele.projectmanage.controller.ProjectScheduleController.secchange(com.jxtele.projectmanage.entity.ProjectSchedule)
2019-04-18 10:22:12.231 [restartedMain] INFO  o.s.w.s.m.m.a.RequestMappingHandlerMapping - Mapped "{[/projectschedule/add],methods=[POST]}" onto public java.lang.Object com.jxtele.projectmanage.controller.ProjectScheduleController.add(com.jxtele.projectmanage.entity.ProjectSchedule)
2019-04-18 10:22:12.231 [restartedMain] INFO  o.s.w.s.m.m.a.RequestMappingHandlerMapping - Mapped "{[/projectschedule/list/{id}],methods=[GET]}" onto public org.springframework.web.servlet.ModelAndView com.jxtele.projectmanage.controller.ProjectScheduleController.list(java.lang.Integer,org.springframework.ui.ModelMap)
2019-04-18 10:22:12.232 [restartedMain] INFO  o.s.w.s.m.m.a.RequestMappingHandlerMapping - Mapped "{[/risk/edit],methods=[POST]}" onto public java.lang.Object com.jxtele.projectmanage.controller.RiskController.edit(com.jxtele.projectmanage.entity.Risk)
2019-04-18 10:22:12.232 [restartedMain] INFO  o.s.w.s.m.m.a.RequestMappingHandlerMapping - Mapped "{[/risk/del/{id}],methods=[GET]}" onto public java.lang.Object com.jxtele.projectmanage.controller.RiskController.del(java.lang.Integer)
2019-04-18 10:22:12.233 [restartedMain] INFO  o.s.w.s.m.m.a.RequestMappingHandlerMapping - Mapped "{[/risk/add],methods=[POST]}" onto public java.lang.Object com.jxtele.projectmanage.controller.RiskController.add(com.jxtele.projectmanage.entity.Risk)
2019-04-18 10:22:12.233 [restartedMain] INFO  o.s.w.s.m.m.a.RequestMappingHandlerMapping - Mapped "{[/risk/list/{id}],methods=[GET]}" onto public org.springframework.web.servlet.ModelAndView com.jxtele.projectmanage.controller.RiskController.list(java.lang.Integer,org.springframework.ui.ModelMap)
2019-04-18 10:22:12.234 [restartedMain] INFO  o.s.w.s.m.m.a.RequestMappingHandlerMapping - Mapped "{[/role/edit],methods=[POST]}" onto public java.lang.Object com.jxtele.projectmanage.controller.RoleController.edit()
2019-04-18 10:22:12.234 [restartedMain] INFO  o.s.w.s.m.m.a.RequestMappingHandlerMapping - Mapped "{[/role/del/{roleId}],methods=[GET]}" onto public java.lang.Object com.jxtele.projectmanage.controller.RoleController.del(java.lang.String)
2019-04-18 10:22:12.234 [restartedMain] INFO  o.s.w.s.m.m.a.RequestMappingHandlerMapping - Mapped "{[/role/qx],methods=[POST]}" onto public java.lang.Object com.jxtele.projectmanage.controller.RoleController.qx()
2019-04-18 10:22:12.235 [restartedMain] INFO  o.s.w.s.m.m.a.RequestMappingHandlerMapping - Mapped "{[/role/add],methods=[POST]}" onto public java.lang.Object com.jxtele.projectmanage.controller.RoleController.add()
2019-04-18 10:22:12.235 [restartedMain] INFO  o.s.w.s.m.m.a.RequestMappingHandlerMapping - Mapped "{[/role/list],methods=[GET]}" onto public java.lang.Object com.jxtele.projectmanage.controller.RoleController.list(org.springframework.ui.Model)
2019-04-18 10:22:12.236 [restartedMain] INFO  o.s.w.s.m.m.a.RequestMappingHandlerMapping - Mapped "{[/stakeholder/edit],methods=[POST]}" onto public java.lang.Object com.jxtele.projectmanage.controller.StakeholderController.edit(com.jxtele.projectmanage.entity.Stakeholder)
2019-04-18 10:22:12.236 [restartedMain] INFO  o.s.w.s.m.m.a.RequestMappingHandlerMapping - Mapped "{[/stakeholder/del/{id}],methods=[GET]}" onto public java.lang.Object com.jxtele.projectmanage.controller.StakeholderController.del(java.lang.Integer)
2019-04-18 10:22:12.236 [restartedMain] INFO  o.s.w.s.m.m.a.RequestMappingHandlerMapping - Mapped "{[/stakeholder/add],methods=[POST]}" onto public java.lang.Object com.jxtele.projectmanage.controller.StakeholderController.add(com.jxtele.projectmanage.entity.Stakeholder)
2019-04-18 10:22:12.237 [restartedMain] INFO  o.s.w.s.m.m.a.RequestMappingHandlerMapping - Mapped "{[/stakeholder/list/{id}],methods=[GET]}" onto public org.springframework.web.servlet.ModelAndView com.jxtele.projectmanage.controller.StakeholderController.list(java.lang.Integer,org.springframework.ui.ModelMap)
2019-04-18 10:22:12.238 [restartedMain] INFO  o.s.w.s.m.m.a.RequestMappingHandlerMapping - Mapped "{[/standardapply/edit],methods=[POST]}" onto public java.lang.Object com.jxtele.projectmanage.controller.StandardApplyController.edit(com.jxtele.projectmanage.entity.StandardApply)
2019-04-18 10:22:12.238 [restartedMain] INFO  o.s.w.s.m.m.a.RequestMappingHandlerMapping - Mapped "{[/standardapply/del/{id}],methods=[GET]}" onto public java.lang.Object com.jxtele.projectmanage.controller.StandardApplyController.del(java.lang.Integer)
2019-04-18 10:22:12.239 [restartedMain] INFO  o.s.w.s.m.m.a.RequestMappingHandlerMapping - Mapped "{[/standardapply/add],methods=[POST]}" onto public java.lang.Object com.jxtele.projectmanage.controller.StandardApplyController.add(com.jxtele.projectmanage.entity.StandardApply)
2019-04-18 10:22:12.239 [restartedMain] INFO  o.s.w.s.m.m.a.RequestMappingHandlerMapping - Mapped "{[/standardapply/list/{id}],methods=[GET]}" onto public org.springframework.web.servlet.ModelAndView com.jxtele.projectmanage.controller.StandardApplyController.list(java.lang.Integer,org.springframework.ui.ModelMap)
2019-04-18 10:22:12.241 [restartedMain] INFO  o.s.w.s.m.m.a.RequestMappingHandlerMapping - Mapped "{[/standardday/edit],methods=[POST]}" onto public java.lang.Object com.jxtele.projectmanage.controller.StandardDayController.edit(com.jxtele.projectmanage.entity.StandardDay)
2019-04-18 10:22:12.241 [restartedMain] INFO  o.s.w.s.m.m.a.RequestMappingHandlerMapping - Mapped "{[/standardday/del/{id}],methods=[GET]}" onto public java.lang.Object com.jxtele.projectmanage.controller.StandardDayController.del(java.lang.Integer)
2019-04-18 10:22:12.241 [restartedMain] INFO  o.s.w.s.m.m.a.RequestMappingHandlerMapping - Mapped "{[/standardday/add],methods=[POST]}" onto public java.lang.Object com.jxtele.projectmanage.controller.StandardDayController.add(com.jxtele.projectmanage.entity.StandardDay)
2019-04-18 10:22:12.241 [restartedMain] INFO  o.s.w.s.m.m.a.RequestMappingHandlerMapping - Mapped "{[/standardday/plist/{id}],methods=[GET]}" onto public org.springframework.web.servlet.ModelAndView com.jxtele.projectmanage.controller.StandardDayController.list(java.lang.Integer,org.springframework.ui.ModelMap)
2019-04-18 10:22:12.242 [restartedMain] INFO  o.s.w.s.m.m.a.RequestMappingHandlerMapping - Mapped "{[/standardday/list],methods=[GET]}" onto public org.springframework.web.servlet.ModelAndView com.jxtele.projectmanage.controller.StandardDayController.list(org.springframework.ui.Model)
2019-04-18 10:22:12.243 [restartedMain] INFO  o.s.w.s.m.m.a.RequestMappingHandlerMapping - Mapped "{[/supplier/edit],methods=[POST]}" onto public java.lang.Object com.jxtele.projectmanage.controller.SupplierController.edit(com.jxtele.projectmanage.entity.Supplier)
2019-04-18 10:22:12.243 [restartedMain] INFO  o.s.w.s.m.m.a.RequestMappingHandlerMapping - Mapped "{[/supplier/del/{id}],methods=[GET]}" onto public java.lang.Object com.jxtele.projectmanage.controller.SupplierController.del(java.lang.Integer)
2019-04-18 10:22:12.243 [restartedMain] INFO  o.s.w.s.m.m.a.RequestMappingHandlerMapping - Mapped "{[/supplier/add],methods=[POST]}" onto public java.lang.Object com.jxtele.projectmanage.controller.SupplierController.add(com.jxtele.projectmanage.entity.Supplier)
2019-04-18 10:22:12.243 [restartedMain] INFO  o.s.w.s.m.m.a.RequestMappingHandlerMapping - Mapped "{[/supplier/list/{id}],methods=[GET]}" onto public org.springframework.web.servlet.ModelAndView com.jxtele.projectmanage.controller.SupplierController.list(java.lang.Integer,org.springframework.ui.ModelMap)
2019-04-18 10:22:12.245 [restartedMain] INFO  o.s.w.s.m.m.a.RequestMappingHandlerMapping - Mapped "{[/teambuild/edit],methods=[POST]}" onto public java.lang.Object com.jxtele.projectmanage.controller.TeamBuildController.edit(com.jxtele.projectmanage.entity.TeamBuild)
2019-04-18 10:22:12.245 [restartedMain] INFO  o.s.w.s.m.m.a.RequestMappingHandlerMapping - Mapped "{[/teambuild/del/{id}],methods=[GET]}" onto public java.lang.Object com.jxtele.projectmanage.controller.TeamBuildController.del(java.lang.Integer)
2019-04-18 10:22:12.245 [restartedMain] INFO  o.s.w.s.m.m.a.RequestMappingHandlerMapping - Mapped "{[/teambuild/getProject],methods=[GET]}" onto public java.lang.Object com.jxtele.projectmanage.controller.TeamBuildController.projectList()
2019-04-18 10:22:12.245 [restartedMain] INFO  o.s.w.s.m.m.a.RequestMappingHandlerMapping - Mapped "{[/teambuild/getAllUser],methods=[GET]}" onto public java.lang.Object com.jxtele.projectmanage.controller.TeamBuildController.userList()
2019-04-18 10:22:12.246 [restartedMain] INFO  o.s.w.s.m.m.a.RequestMappingHandlerMapping - Mapped "{[/teambuild/add],methods=[POST]}" onto public java.lang.Object com.jxtele.projectmanage.controller.TeamBuildController.add(com.jxtele.projectmanage.entity.TeamBuild)
2019-04-18 10:22:12.246 [restartedMain] INFO  o.s.w.s.m.m.a.RequestMappingHandlerMapping - Mapped "{[/teambuild/list/{id}],methods=[GET]}" onto public org.springframework.web.servlet.ModelAndView com.jxtele.projectmanage.controller.TeamBuildController.list(java.lang.Integer,org.springframework.ui.ModelMap)
2019-04-18 10:22:12.246 [restartedMain] INFO  o.s.w.s.m.m.a.RequestMappingHandlerMapping - Mapped "{[/upload/img],methods=[POST]}" onto public java.lang.String com.jxtele.projectmanage.controller.UploadController.imgUpload(org.springframework.web.multipart.MultipartFile)
2019-04-18 10:22:12.247 [restartedMain] INFO  o.s.w.s.m.m.a.RequestMappingHandlerMapping - Mapped "{[/upload/show/{folderName}/{filename:.+}],methods=[GET]}" onto public org.springframework.http.ResponseEntity<?> com.jxtele.projectmanage.controller.UploadController.getImg(java.lang.String,java.lang.String)
2019-04-18 10:22:12.247 [restartedMain] INFO  o.s.w.s.m.m.a.RequestMappingHandlerMapping - Mapped "{[/upload/show/{filename:.+}],methods=[GET]}" onto public org.springframework.http.ResponseEntity<?> com.jxtele.projectmanage.controller.UploadController.getFile(java.lang.String)
2019-04-18 10:22:12.248 [restartedMain] INFO  o.s.w.s.m.m.a.RequestMappingHandlerMapping - Mapped "{[/user/edit],methods=[POST]}" onto public java.lang.Object com.jxtele.projectmanage.controller.UserController.edit()
2019-04-18 10:22:12.248 [restartedMain] INFO  o.s.w.s.m.m.a.RequestMappingHandlerMapping - Mapped "{[/user/del],methods=[POST]}" onto public java.lang.Object com.jxtele.projectmanage.controller.UserController.del()
2019-04-18 10:22:12.249 [restartedMain] INFO  o.s.w.s.m.m.a.RequestMappingHandlerMapping - Mapped "{[/user/list],methods=[GET]}" onto public java.lang.Object com.jxtele.projectmanage.controller.UserController.login(org.springframework.ui.Model)
2019-04-18 10:22:12.249 [restartedMain] INFO  o.s.w.s.m.m.a.RequestMappingHandlerMapping - Mapped "{[/user/getRole],methods=[GET]}" onto public java.lang.Object com.jxtele.projectmanage.controller.UserController.userRole()
2019-04-18 10:22:12.249 [restartedMain] INFO  o.s.w.s.m.m.a.RequestMappingHandlerMapping - Mapped "{[/user/editRole],methods=[POST]}" onto public java.lang.Object com.jxtele.projectmanage.controller.UserController.editRole()
2019-04-18 10:22:12.249 [restartedMain] INFO  o.s.w.s.m.m.a.RequestMappingHandlerMapping - Mapped "{[/user/add],methods=[POST]}" onto public java.lang.Object com.jxtele.projectmanage.controller.UserController.add()
2019-04-18 10:22:12.250 [restartedMain] INFO  o.s.w.s.m.m.a.RequestMappingHandlerMapping - Mapped "{[/percentage/edit],methods=[POST]}" onto public java.lang.Object com.jxtele.projectmanage.controller.XmpercentageController.edit(com.jxtele.projectmanage.entity.Xmpercentage)
2019-04-18 10:22:12.251 [restartedMain] INFO  o.s.w.s.m.m.a.RequestMappingHandlerMapping - Mapped "{[/percentage/del/{id}],methods=[GET]}" onto public java.lang.Object com.jxtele.projectmanage.controller.XmpercentageController.del(java.lang.Integer,org.springframework.ui.Model)
2019-04-18 10:22:12.251 [restartedMain] INFO  o.s.w.s.m.m.a.RequestMappingHandlerMapping - Mapped "{[/percentage/add],methods=[GET]}" onto public java.lang.String com.jxtele.projectmanage.controller.XmpercentageController.add(com.jxtele.projectmanage.entity.Xmpercentage,org.springframework.ui.Model)
2019-04-18 10:22:12.251 [restartedMain] INFO  o.s.w.s.m.m.a.RequestMappingHandlerMapping - Mapped "{[/percentage/list],methods=[GET]}" onto public org.springframework.web.servlet.ModelAndView com.jxtele.projectmanage.controller.XmpercentageController.list(org.springframework.ui.Model)
2019-04-18 10:22:12.252 [restartedMain] INFO  o.s.w.s.m.m.a.RequestMappingHandlerMapping - Mapped "{[/percentage/itemlist/{percentageId}],methods=[GET]}" onto public java.lang.Object com.jxtele.projectmanage.controller.XmpercentageController.list(java.lang.Integer,org.springframework.ui.Model)
2019-04-18 10:22:12.253 [restartedMain] INFO  o.s.w.s.m.m.a.RequestMappingHandlerMapping - Mapped "{[/xmpercentageItem/updateitem],methods=[POST]}" onto public java.lang.Object com.jxtele.projectmanage.controller.XmpercentageItemController.editRcentage(com.jxtele.projectmanage.entity.XmpercentageItem)
2019-04-18 10:22:12.253 [restartedMain] INFO  o.s.w.s.m.m.a.RequestMappingHandlerMapping - Mapped "{[/xmpercentageItem/list],methods=[GET]}" onto public java.lang.Integer com.jxtele.projectmanage.controller.XmpercentageItemController.AddXMpercentageItem(com.jxtele.projectmanage.entity.XmpercentageItem)
2019-04-18 10:22:12.253 [restartedMain] INFO  o.s.w.s.m.m.a.RequestMappingHandlerMapping - Mapped "{[/xmpercentageItem/itemlist],methods=[GET]}" onto public java.lang.Object com.jxtele.projectmanage.controller.XmpercentageItemController.rcentageItemManageInfo(java.lang.Integer,org.springframework.ui.Model)
2019-04-18 10:22:12.253 [restartedMain] INFO  o.s.w.s.m.m.a.RequestMappingHandlerMapping - Mapped "{[/xmpercentageItem/delitem],methods=[GET]}" onto public java.lang.Object com.jxtele.projectmanage.controller.XmpercentageItemController.delRcentageItemInfo(java.lang.Integer)
2019-04-18 10:22:12.256 [restartedMain] INFO  o.s.w.s.m.m.a.RequestMappingHandlerMapping - Mapped "{[/error],produces=[text/html]}" onto public org.springframework.web.servlet.ModelAndView org.springframework.boot.autoconfigure.web.BasicErrorController.errorHtml(javax.servlet.http.HttpServletRequest,javax.servlet.http.HttpServletResponse)
2019-04-18 10:22:12.256 [restartedMain] INFO  o.s.w.s.m.m.a.RequestMappingHandlerMapping - Mapped "{[/error]}" onto public org.springframework.http.ResponseEntity<java.util.Map<java.lang.String, java.lang.Object>> org.springframework.boot.autoconfigure.web.BasicErrorController.error(javax.servlet.http.HttpServletRequest)
2019-04-18 10:22:12.278 [restartedMain] INFO  o.s.web.servlet.handler.SimpleUrlHandlerMapping - Mapped URL path [/webjars/**] onto handler of type [class org.springframework.web.servlet.resource.ResourceHttpRequestHandler]
2019-04-18 10:22:12.278 [restartedMain] INFO  o.s.web.servlet.handler.SimpleUrlHandlerMapping - Mapped URL path [/**] onto handler of type [class org.springframework.web.servlet.resource.ResourceHttpRequestHandler]
2019-04-18 10:22:12.328 [restartedMain] INFO  o.s.web.servlet.handler.SimpleUrlHandlerMapping - Mapped URL path [/**/favicon.ico] onto handler of type [class org.springframework.web.servlet.resource.ResourceHttpRequestHandler]
2019-04-18 10:22:13.048 [restartedMain] INFO  o.s.b.d.autoconfigure.OptionalLiveReloadServer - LiveReload server is running on port 35729
2019-04-18 10:22:13.106 [restartedMain] INFO  o.s.jmx.export.annotation.AnnotationMBeanExporter - Registering beans for JMX exposure on startup
2019-04-18 10:22:13.124 [restartedMain] INFO  org.apache.coyote.http11.Http11NioProtocol - Starting ProtocolHandler ["http-nio-8081"]
2019-04-18 10:22:13.162 [restartedMain] INFO  org.apache.tomcat.util.net.NioSelectorPool - Using a shared selector for servlet write/read
2019-04-18 10:22:13.199 [restartedMain] INFO  o.s.b.c.e.tomcat.TomcatEmbeddedServletContainer - Tomcat started on port(s): 8081 (http)
2019-04-18 10:22:13.223 [restartedMain] INFO  com.jxtele.projectmanage.ProjectmanageApplication - Started ProjectmanageApplication in 7.356 seconds (JVM running for 9.035)
2019-04-18 10:22:31.450 [http-nio-8081-exec-1] INFO  o.a.c.core.ContainerBase.[Tomcat].[localhost].[/] - Initializing Spring FrameworkServlet 'dispatcherServlet'
2019-04-18 10:22:31.450 [http-nio-8081-exec-1] INFO  org.springframework.web.servlet.DispatcherServlet - FrameworkServlet 'dispatcherServlet': initialization started
2019-04-18 10:22:31.531 [http-nio-8081-exec-1] INFO  org.springframework.web.servlet.DispatcherServlet - FrameworkServlet 'dispatcherServlet': initialization completed in 81 ms
2019-04-18 10:22:31.598 [http-nio-8081-exec-1] INFO  org.thymeleaf.TemplateEngine - [THYMELEAF] INITIALIZING TEMPLATE ENGINE
2019-04-18 10:22:31.628 [http-nio-8081-exec-1] INFO  o.t.templateresolver.AbstractTemplateResolver - [THYMELEAF] INITIALIZING TEMPLATE RESOLVER: org.thymeleaf.spring4.templateresolver.SpringResourceTemplateResolver
2019-04-18 10:22:31.628 [http-nio-8081-exec-1] INFO  o.t.templateresolver.AbstractTemplateResolver - [THYMELEAF] TEMPLATE RESOLVER INITIALIZED OK
2019-04-18 10:22:31.628 [http-nio-8081-exec-1] INFO  o.t.messageresolver.AbstractMessageResolver - [THYMELEAF] INITIALIZING MESSAGE RESOLVER: org.thymeleaf.spring4.messageresolver.SpringMessageResolver
2019-04-18 10:22:31.628 [http-nio-8081-exec-1] INFO  o.t.messageresolver.AbstractMessageResolver - [THYMELEAF] MESSAGE RESOLVER INITIALIZED OK
2019-04-18 10:22:31.630 [http-nio-8081-exec-1] INFO  org.thymeleaf.TemplateEngine.CONFIG - [THYMELEAF] TEMPLATE ENGINE CONFIGURATION:
[THYMELEAF] * Cache Factory implementation: org.thymeleaf.cache.StandardCacheManager
[THYMELEAF] * Template modes:
[THYMELEAF]     * LEGACYHTML5
[THYMELEAF]     * XHTML
[THYMELEAF]     * VALIDXHTML
[THYMELEAF]     * XML
[THYMELEAF]     * VALIDXML
[THYMELEAF]     * HTML5
[THYMELEAF] * Template resolvers (in order):
[THYMELEAF]     * org.thymeleaf.spring4.templateresolver.SpringResourceTemplateResolver
[THYMELEAF] * Message resolvers (in order):
[THYMELEAF]     * org.thymeleaf.spring4.messageresolver.SpringMessageResolver
[THYMELEAF] * Dialect [1 of 2]: org.thymeleaf.spring4.dialect.SpringStandardDialect
[THYMELEAF]     * Prefix: "th"
[THYMELEAF] * Dialect [2 of 2]: nz.net.ultraq.thymeleaf.LayoutDialect
[THYMELEAF]     * Prefix: "layout"
[THYMELEAF] TEMPLATE ENGINE CONFIGURED OK
2019-04-18 10:22:31.630 [http-nio-8081-exec-1] INFO  org.thymeleaf.TemplateEngine - [THYMELEAF] TEMPLATE ENGINE INITIALIZED
2019-04-18 11:40:08.603 [Thread-25] INFO  o.s.b.c.e.AnnotationConfigEmbeddedWebApplicationContext - Closing org.springframework.boot.context.embedded.AnnotationConfigEmbeddedWebApplicationContext@3128d00: startup date [Thu Apr 18 10:22:07 CST 2019]; root of context hierarchy
2019-04-18 11:40:08.638 [Thread-25] INFO  o.s.jmx.export.annotation.AnnotationMBeanExporter - Unregistering JMX-exposed beans on shutdown
