2019-04-15 08:32:26.082 [restartedMain] INFO  com.jxtele.projectmanage.ProjectmanageApplication - Starting ProjectmanageApplication on gleamora-hp-probook-6470b3-8-gib with PID 32199 (/home/gleamora/Work/version/projectmanage/target/classes started by gleamora in /home/gleamora/Work/version)
2019-04-15 08:32:26.084 [restartedMain] INFO  com.jxtele.projectmanage.ProjectmanageApplication - No active profile set, falling back to default profiles: default
2019-04-15 08:32:26.457 [background-preinit] INFO  org.hibernate.validator.internal.util.Version - HV000001: Hibernate Validator 5.3.6.Final
2019-04-15 08:32:26.711 [restartedMain] INFO  o.s.b.c.e.AnnotationConfigEmbeddedWebApplicationContext - Refreshing org.springframework.boot.context.embedded.AnnotationConfigEmbeddedWebApplicationContext@44d2e20a: startup date [Mon Apr 15 08:32:26 CST 2019]; root of context hierarchy
2019-04-15 08:32:29.118 [restartedMain] INFO  o.s.b.c.e.tomcat.TomcatEmbeddedServletContainer - Tomcat initialized with port(s): 8081 (http)
2019-04-15 08:32:29.164 [restartedMain] INFO  org.apache.coyote.http11.Http11NioProtocol - Initializing ProtocolHandler ["http-nio-8081"]
2019-04-15 08:32:29.208 [restartedMain] INFO  org.apache.catalina.core.StandardService - Starting service [Tomcat]
2019-04-15 08:32:29.209 [restartedMain] INFO  org.apache.catalina.core.StandardEngine - Starting Servlet Engine: Apache Tomcat/8.5.37
2019-04-15 08:32:29.325 [localhost-startStop-1] INFO  o.a.c.core.ContainerBase.[Tomcat].[localhost].[/] - Initializing Spring embedded WebApplicationContext
2019-04-15 08:32:29.333 [localhost-startStop-1] INFO  org.springframework.web.context.ContextLoader - Root WebApplicationContext: initialization completed in 2622 ms
2019-04-15 08:32:31.533 [localhost-startStop-1] INFO  o.s.boot.web.servlet.FilterRegistrationBean - Mapping filter: 'characterEncodingFilter' to: [/*]
2019-04-15 08:32:31.534 [localhost-startStop-1] INFO  o.s.boot.web.servlet.FilterRegistrationBean - Mapping filter: 'hiddenHttpMethodFilter' to: [/*]
2019-04-15 08:32:31.535 [localhost-startStop-1] INFO  o.s.boot.web.servlet.FilterRegistrationBean - Mapping filter: 'httpPutFormContentFilter' to: [/*]
2019-04-15 08:32:31.535 [localhost-startStop-1] INFO  o.s.boot.web.servlet.FilterRegistrationBean - Mapping filter: 'requestContextFilter' to: [/*]
2019-04-15 08:32:31.535 [localhost-startStop-1] INFO  o.s.boot.web.servlet.FilterRegistrationBean - Mapping filter: 'webStatFilter' to urls: [/*]
2019-04-15 08:32:31.535 [localhost-startStop-1] INFO  o.s.boot.web.servlet.FilterRegistrationBean - Mapping filter: 'loginFilter' to urls: [/*]
2019-04-15 08:32:31.536 [localhost-startStop-1] INFO  o.s.boot.web.servlet.ServletRegistrationBean - Mapping servlet: 'dispatcherServlet' to [/]
2019-04-15 08:32:32.154 [restartedMain] INFO  o.s.w.s.m.m.a.RequestMappingHandlerAdapter - Looking for @ControllerAdvice: org.springframework.boot.context.embedded.AnnotationConfigEmbeddedWebApplicationContext@44d2e20a: startup date [Mon Apr 15 08:32:26 CST 2019]; root of context hierarchy
2019-04-15 08:32:32.196 [restartedMain] INFO  c.j.p.i.InterceptorAdapter$$EnhancerBySpringCGLIB$$45ed2460 - 拦截
2019-04-15 08:32:32.217 [restartedMain] INFO  o.s.w.s.m.m.a.RequestMappingHandlerMapping - Mapped "{[/alterschedule/edit],methods=[POST]}" onto public java.lang.Object com.jxtele.projectmanage.controller.AlterScheduleController.edit(com.jxtele.projectmanage.entity.AlterSchedule)
2019-04-15 08:32:32.218 [restartedMain] INFO  o.s.w.s.m.m.a.RequestMappingHandlerMapping - Mapped "{[/alterschedule/del/{id}],methods=[GET]}" onto public java.lang.Object com.jxtele.projectmanage.controller.AlterScheduleController.del(java.lang.Integer)
2019-04-15 08:32:32.219 [restartedMain] INFO  o.s.w.s.m.m.a.RequestMappingHandlerMapping - Mapped "{[/alterschedule/add],methods=[POST]}" onto public java.lang.Object com.jxtele.projectmanage.controller.AlterScheduleController.add(com.jxtele.projectmanage.entity.AlterSchedule)
2019-04-15 08:32:32.219 [restartedMain] INFO  o.s.w.s.m.m.a.RequestMappingHandlerMapping - Mapped "{[/alterschedule/list/{id}],methods=[GET]}" onto public org.springframework.web.servlet.ModelAndView com.jxtele.projectmanage.controller.AlterScheduleController.list(java.lang.Integer,org.springframework.ui.ModelMap)
2019-04-15 08:32:32.222 [restartedMain] INFO  o.s.w.s.m.m.a.RequestMappingHandlerMapping - Mapped "{[/upload/edit],methods=[POST]}" onto public java.lang.Object com.jxtele.projectmanage.controller.AttachmentFileController.edit(com.jxtele.projectmanage.entity.AttachmentFile)
2019-04-15 08:32:32.222 [restartedMain] INFO  o.s.w.s.m.m.a.RequestMappingHandlerMapping - Mapped "{[/upload/del/{id}],methods=[GET]}" onto public java.lang.Object com.jxtele.projectmanage.controller.AttachmentFileController.del(java.lang.Integer)
2019-04-15 08:32:32.222 [restartedMain] INFO  o.s.w.s.m.m.a.RequestMappingHandlerMapping - Mapped "{[/upload/fileup],methods=[POST]}" onto public java.lang.String com.jxtele.projectmanage.controller.AttachmentFileController.upload(org.springframework.web.multipart.MultipartFile,com.jxtele.projectmanage.entity.AttachmentFile)
2019-04-15 08:32:32.223 [restartedMain] INFO  o.s.w.s.m.m.a.RequestMappingHandlerMapping - Mapped "{[/upload/downloadFile]}" onto public void com.jxtele.projectmanage.controller.AttachmentFileController.downloads(javax.servlet.http.HttpServletRequest,javax.servlet.http.HttpServletResponse,com.jxtele.projectmanage.entity.AttachmentFile) throws java.lang.Exception
2019-04-15 08:32:32.223 [restartedMain] INFO  o.s.w.s.m.m.a.RequestMappingHandlerMapping - Mapped "{[/upload/add],methods=[POST]}" onto public java.lang.Object com.jxtele.projectmanage.controller.AttachmentFileController.add(com.jxtele.projectmanage.entity.AttachmentFile)
2019-04-15 08:32:32.223 [restartedMain] INFO  o.s.w.s.m.m.a.RequestMappingHandlerMapping - Mapped "{[/upload/list/{id}],methods=[GET]}" onto public org.springframework.web.servlet.ModelAndView com.jxtele.projectmanage.controller.AttachmentFileController.list(java.lang.Integer,org.springframework.ui.ModelMap)
2019-04-15 08:32:32.224 [restartedMain] INFO  o.s.w.s.m.m.a.RequestMappingHandlerMapping - Mapped "{[/upload/test]}" onto public org.springframework.web.servlet.ModelAndView com.jxtele.projectmanage.controller.AttachmentFileController.test()
2019-04-15 08:32:32.225 [restartedMain] INFO  o.s.w.s.m.m.a.RequestMappingHandlerMapping - Mapped "{[/communication/edit],methods=[POST]}" onto public java.lang.Object com.jxtele.projectmanage.controller.CommunicationController.edit(com.jxtele.projectmanage.entity.Communication)
2019-04-15 08:32:32.226 [restartedMain] INFO  o.s.w.s.m.m.a.RequestMappingHandlerMapping - Mapped "{[/communication/del/{id}],methods=[GET]}" onto public java.lang.Object com.jxtele.projectmanage.controller.CommunicationController.del(java.lang.Integer)
2019-04-15 08:32:32.226 [restartedMain] INFO  o.s.w.s.m.m.a.RequestMappingHandlerMapping - Mapped "{[/communication/add],methods=[POST]}" onto public java.lang.Object com.jxtele.projectmanage.controller.CommunicationController.add(com.jxtele.projectmanage.entity.Communication)
2019-04-15 08:32:32.226 [restartedMain] INFO  o.s.w.s.m.m.a.RequestMappingHandlerMapping - Mapped "{[/communication/list/{id}],methods=[GET]}" onto public org.springframework.web.servlet.ModelAndView com.jxtele.projectmanage.controller.CommunicationController.list(java.lang.Integer,org.springframework.ui.ModelMap)
2019-04-15 08:32:32.230 [restartedMain] INFO  o.s.w.s.m.m.a.RequestMappingHandlerMapping - Mapped "{[/communicationrecord/edit],methods=[POST]}" onto public java.lang.Object com.jxtele.projectmanage.controller.CommunicationRecordController.edit(com.jxtele.projectmanage.entity.CommunicationRecord)
2019-04-15 08:32:32.230 [restartedMain] INFO  o.s.w.s.m.m.a.RequestMappingHandlerMapping - Mapped "{[/communicationrecord/del/{id}],methods=[GET]}" onto public java.lang.Object com.jxtele.projectmanage.controller.CommunicationRecordController.del(java.lang.Integer)
2019-04-15 08:32:32.231 [restartedMain] INFO  o.s.w.s.m.m.a.RequestMappingHandlerMapping - Mapped "{[/communicationrecord/add],methods=[POST]}" onto public java.lang.Object com.jxtele.projectmanage.controller.CommunicationRecordController.add(com.jxtele.projectmanage.entity.CommunicationRecord)
2019-04-15 08:32:32.231 [restartedMain] INFO  o.s.w.s.m.m.a.RequestMappingHandlerMapping - Mapped "{[/communicationrecord/list/{id}],methods=[GET]}" onto public org.springframework.web.servlet.ModelAndView com.jxtele.projectmanage.controller.CommunicationRecordController.list(java.lang.Integer,org.springframework.ui.ModelMap)
2019-04-15 08:32:32.232 [restartedMain] INFO  o.s.w.s.m.m.a.RequestMappingHandlerMapping - Mapped "{[/error/{pageNumber}]}" onto public java.lang.String com.jxtele.projectmanage.controller.ErrorController.error400(java.lang.String)
2019-04-15 08:32:32.233 [restartedMain] INFO  o.s.w.s.m.m.a.RequestMappingHandlerMapping - Mapped "{[/factschedule/edit],methods=[POST]}" onto public java.lang.Object com.jxtele.projectmanage.controller.FactScheduleleController.edit(com.jxtele.projectmanage.entity.FactSchedule)
2019-04-15 08:32:32.233 [restartedMain] INFO  o.s.w.s.m.m.a.RequestMappingHandlerMapping - Mapped "{[/factschedule/del/{id}],methods=[GET]}" onto public java.lang.Object com.jxtele.projectmanage.controller.FactScheduleleController.del(java.lang.Integer)
2019-04-15 08:32:32.233 [restartedMain] INFO  o.s.w.s.m.m.a.RequestMappingHandlerMapping - Mapped "{[/factschedule/add],methods=[POST]}" onto public java.lang.Object com.jxtele.projectmanage.controller.FactScheduleleController.add(com.jxtele.projectmanage.entity.FactSchedule)
2019-04-15 08:32:32.234 [restartedMain] INFO  o.s.w.s.m.m.a.RequestMappingHandlerMapping - Mapped "{[/factschedule/list/{id}],methods=[GET]}" onto public org.springframework.web.servlet.ModelAndView com.jxtele.projectmanage.controller.FactScheduleleController.list(java.lang.Integer,org.springframework.ui.ModelMap)
2019-04-15 08:32:32.234 [restartedMain] INFO  o.s.w.s.m.m.a.RequestMappingHandlerMapping - Mapped "{[/ || /toLogin],methods=[GET]}" onto public java.lang.String com.jxtele.projectmanage.controller.IndexController.toLogin()
2019-04-15 08:32:32.235 [restartedMain] INFO  o.s.w.s.m.m.a.RequestMappingHandlerMapping - Mapped "{[/login],methods=[POST]}" onto public java.lang.Object com.jxtele.projectmanage.controller.IndexController.login()
2019-04-15 08:32:32.235 [restartedMain] INFO  o.s.w.s.m.m.a.RequestMappingHandlerMapping - Mapped "{[/logout]}" onto public java.lang.String com.jxtele.projectmanage.controller.IndexController.logout()
2019-04-15 08:32:32.235 [restartedMain] INFO  o.s.w.s.m.m.a.RequestMappingHandlerMapping - Mapped "{[/index]}" onto public java.lang.String com.jxtele.projectmanage.controller.IndexController.index(org.springframework.ui.Model)
2019-04-15 08:32:32.237 [restartedMain] INFO  o.s.w.s.m.m.a.RequestMappingHandlerMapping - Mapped "{[/integral/edit],methods=[POST]}" onto public java.lang.Object com.jxtele.projectmanage.controller.IntegralController.edit(com.jxtele.projectmanage.entity.Integral)
2019-04-15 08:32:32.237 [restartedMain] INFO  o.s.w.s.m.m.a.RequestMappingHandlerMapping - Mapped "{[/integral/del/{id}],methods=[GET]}" onto public java.lang.Object com.jxtele.projectmanage.controller.IntegralController.del(java.lang.Integer)
2019-04-15 08:32:32.237 [restartedMain] INFO  o.s.w.s.m.m.a.RequestMappingHandlerMapping - Mapped "{[/integral/add],methods=[POST]}" onto public java.lang.Object com.jxtele.projectmanage.controller.IntegralController.add(com.jxtele.projectmanage.entity.Integral)
2019-04-15 08:32:32.238 [restartedMain] INFO  o.s.w.s.m.m.a.RequestMappingHandlerMapping - Mapped "{[/integral/list/{id}],methods=[GET]}" onto public org.springframework.web.servlet.ModelAndView com.jxtele.projectmanage.controller.IntegralController.list(java.lang.Integer,org.springframework.ui.ModelMap)
2019-04-15 08:32:32.240 [restartedMain] INFO  o.s.w.s.m.m.a.RequestMappingHandlerMapping - Mapped "{[/integralitem/edit],methods=[POST]}" onto public java.lang.Object com.jxtele.projectmanage.controller.IntegralItemController.edit(com.jxtele.projectmanage.entity.IntegralItem)
2019-04-15 08:32:32.240 [restartedMain] INFO  o.s.w.s.m.m.a.RequestMappingHandlerMapping - Mapped "{[/integralitem/del/{id}],methods=[GET]}" onto public java.lang.Object com.jxtele.projectmanage.controller.IntegralItemController.del(java.lang.Integer)
2019-04-15 08:32:32.241 [restartedMain] INFO  o.s.w.s.m.m.a.RequestMappingHandlerMapping - Mapped "{[/integralitem/add],methods=[POST]}" onto public java.lang.Object com.jxtele.projectmanage.controller.IntegralItemController.add(com.jxtele.projectmanage.entity.IntegralItem)
2019-04-15 08:32:32.241 [restartedMain] INFO  o.s.w.s.m.m.a.RequestMappingHandlerMapping - Mapped "{[/integralitem/list/{id}],methods=[GET]}" onto public org.springframework.web.servlet.ModelAndView com.jxtele.projectmanage.controller.IntegralItemController.list(java.lang.Integer,org.springframework.ui.ModelMap)
2019-04-15 08:32:32.243 [restartedMain] INFO  o.s.w.s.m.m.a.RequestMappingHandlerMapping - Mapped "{[/menu/edit],methods=[POST]}" onto public java.lang.Object com.jxtele.projectmanage.controller.MenuController.edit()
2019-04-15 08:32:32.243 [restartedMain] INFO  o.s.w.s.m.m.a.RequestMappingHandlerMapping - Mapped "{[/menu/del/{menu_id}],methods=[GET]}" onto public java.lang.Object com.jxtele.projectmanage.controller.MenuController.del(java.lang.String)
2019-04-15 08:32:32.244 [restartedMain] INFO  o.s.w.s.m.m.a.RequestMappingHandlerMapping - Mapped "{[/menu/getSubMenu]}" onto public java.lang.Object com.jxtele.projectmanage.controller.MenuController.getSubMenu()
2019-04-15 08:32:32.244 [restartedMain] INFO  o.s.w.s.m.m.a.RequestMappingHandlerMapping - Mapped "{[/menu/add],methods=[POST]}" onto public java.lang.Object com.jxtele.projectmanage.controller.MenuController.add()
2019-04-15 08:32:32.244 [restartedMain] INFO  o.s.w.s.m.m.a.RequestMappingHandlerMapping - Mapped "{[/menu/query/{menu_id}],methods=[GET]}" onto public java.lang.Object com.jxtele.projectmanage.controller.MenuController.find(java.lang.String)
2019-04-15 08:32:32.244 [restartedMain] INFO  o.s.w.s.m.m.a.RequestMappingHandlerMapping - Mapped "{[/menu/list]}" onto public java.lang.String com.jxtele.projectmanage.controller.MenuController.list(org.springframework.ui.Model)
2019-04-15 08:32:32.245 [restartedMain] INFO  o.s.w.s.m.m.a.RequestMappingHandlerMapping - Mapped "{[/moneyinfo/edit],methods=[POST]}" onto public java.lang.Object com.jxtele.projectmanage.controller.MoneyInfoController.edit(com.jxtele.projectmanage.entity.MoneyInfo)
2019-04-15 08:32:32.246 [restartedMain] INFO  o.s.w.s.m.m.a.RequestMappingHandlerMapping - Mapped "{[/moneyinfo/del/{id}],methods=[GET]}" onto public java.lang.Object com.jxtele.projectmanage.controller.MoneyInfoController.del(java.lang.Integer)
2019-04-15 08:32:32.246 [restartedMain] INFO  o.s.w.s.m.m.a.RequestMappingHandlerMapping - Mapped "{[/moneyinfo/add],methods=[POST]}" onto public java.lang.Object com.jxtele.projectmanage.controller.MoneyInfoController.add(com.jxtele.projectmanage.entity.MoneyInfo)
2019-04-15 08:32:32.246 [restartedMain] INFO  o.s.w.s.m.m.a.RequestMappingHandlerMapping - Mapped "{[/moneyinfo/list/{id}],methods=[GET]}" onto public org.springframework.web.servlet.ModelAndView com.jxtele.projectmanage.controller.MoneyInfoController.list(java.lang.Integer,org.springframework.ui.ModelMap)
2019-04-15 08:32:32.247 [restartedMain] INFO  o.s.w.s.m.m.a.RequestMappingHandlerMapping - Mapped "{[/moneyinfo/query/{id}],methods=[GET]}" onto public java.lang.Object com.jxtele.projectmanage.controller.MoneyInfoController.query(java.lang.Integer)
2019-04-15 08:32:32.248 [restartedMain] INFO  o.s.w.s.m.m.a.RequestMappingHandlerMapping - Mapped "{[/moneyinfoitem/edit],methods=[POST]}" onto public java.lang.Object com.jxtele.projectmanage.controller.MoneyInfoItemController.edit(com.jxtele.projectmanage.entity.MoneyInfoItem)
2019-04-15 08:32:32.248 [restartedMain] INFO  o.s.w.s.m.m.a.RequestMappingHandlerMapping - Mapped "{[/moneyinfoitem/del/{id}],methods=[GET]}" onto public java.lang.Object com.jxtele.projectmanage.controller.MoneyInfoItemController.del(java.lang.Integer)
2019-04-15 08:32:32.249 [restartedMain] INFO  o.s.w.s.m.m.a.RequestMappingHandlerMapping - Mapped "{[/moneyinfoitem/add],methods=[POST]}" onto public java.lang.Object com.jxtele.projectmanage.controller.MoneyInfoItemController.add(com.jxtele.projectmanage.entity.MoneyInfoItem)
2019-04-15 08:32:32.249 [restartedMain] INFO  o.s.w.s.m.m.a.RequestMappingHandlerMapping - Mapped "{[/moneyinfoitem/list/{id}],methods=[GET]}" onto public org.springframework.web.servlet.ModelAndView com.jxtele.projectmanage.controller.MoneyInfoItemController.list(java.lang.Integer,org.springframework.ui.ModelMap)
2019-04-15 08:32:32.250 [restartedMain] INFO  o.s.w.s.m.m.a.RequestMappingHandlerMapping - Mapped "{[/include/{pageName}]}" onto public java.lang.String com.jxtele.projectmanage.controller.PageController.include(java.lang.String)
2019-04-15 08:32:32.250 [restartedMain] INFO  o.s.w.s.m.m.a.RequestMappingHandlerMapping - Mapped "{[/procurement/edit],methods=[POST]}" onto public java.lang.Object com.jxtele.projectmanage.controller.ProcurementController.edit(com.jxtele.projectmanage.entity.Procurement)
2019-04-15 08:32:32.251 [restartedMain] INFO  o.s.w.s.m.m.a.RequestMappingHandlerMapping - Mapped "{[/procurement/del/{id}],methods=[GET]}" onto public java.lang.Object com.jxtele.projectmanage.controller.ProcurementController.del(java.lang.Integer)
2019-04-15 08:32:32.251 [restartedMain] INFO  o.s.w.s.m.m.a.RequestMappingHandlerMapping - Mapped "{[/procurement/add],methods=[POST]}" onto public java.lang.Object com.jxtele.projectmanage.controller.ProcurementController.add(com.jxtele.projectmanage.entity.Procurement)
2019-04-15 08:32:32.251 [restartedMain] INFO  o.s.w.s.m.m.a.RequestMappingHandlerMapping - Mapped "{[/procurement/list/{id}],methods=[GET]}" onto public org.springframework.web.servlet.ModelAndView com.jxtele.projectmanage.controller.ProcurementController.list(java.lang.Integer,org.springframework.ui.ModelMap)
2019-04-15 08:32:32.252 [restartedMain] INFO  o.s.w.s.m.m.a.RequestMappingHandlerMapping - Mapped "{[/procurementitem/edit],methods=[POST]}" onto public java.lang.Object com.jxtele.projectmanage.controller.ProcurementItemController.edit(com.jxtele.projectmanage.entity.ProcurementItem)
2019-04-15 08:32:32.253 [restartedMain] INFO  o.s.w.s.m.m.a.RequestMappingHandlerMapping - Mapped "{[/procurementitem/del/{id}],methods=[GET]}" onto public java.lang.Object com.jxtele.projectmanage.controller.ProcurementItemController.del(java.lang.Integer)
2019-04-15 08:32:32.253 [restartedMain] INFO  o.s.w.s.m.m.a.RequestMappingHandlerMapping - Mapped "{[/procurementitem/add],methods=[POST]}" onto public java.lang.Object com.jxtele.projectmanage.controller.ProcurementItemController.add(com.jxtele.projectmanage.entity.ProcurementItem)
2019-04-15 08:32:32.253 [restartedMain] INFO  o.s.w.s.m.m.a.RequestMappingHandlerMapping - Mapped "{[/procurementitem/list/{id}],methods=[GET]}" onto public org.springframework.web.servlet.ModelAndView com.jxtele.projectmanage.controller.ProcurementItemController.list(java.lang.Integer,org.springframework.ui.ModelMap)
2019-04-15 08:32:32.254 [restartedMain] INFO  o.s.w.s.m.m.a.RequestMappingHandlerMapping - Mapped "{[/project/edit],methods=[POST]}" onto public java.lang.Object com.jxtele.projectmanage.controller.ProjectController.edit()
2019-04-15 08:32:32.254 [restartedMain] INFO  o.s.w.s.m.m.a.RequestMappingHandlerMapping - Mapped "{[/project/del/{id}],methods=[GET]}" onto public java.lang.Object com.jxtele.projectmanage.controller.ProjectController.del(java.lang.Integer)
2019-04-15 08:32:32.255 [restartedMain] INFO  o.s.w.s.m.m.a.RequestMappingHandlerMapping - Mapped "{[/project/add],methods=[POST]}" onto public java.lang.Object com.jxtele.projectmanage.controller.ProjectController.add()
2019-04-15 08:32:32.255 [restartedMain] INFO  o.s.w.s.m.m.a.RequestMappingHandlerMapping - Mapped "{[/project/list],methods=[GET]}" onto public org.springframework.web.servlet.ModelAndView com.jxtele.projectmanage.controller.ProjectController.list(org.springframework.ui.ModelMap)
2019-04-15 08:32:32.256 [restartedMain] INFO  o.s.w.s.m.m.a.RequestMappingHandlerMapping - Mapped "{[/projectschedule/edit],methods=[POST]}" onto public java.lang.Object com.jxtele.projectmanage.controller.ProjectScheduleController.edit(com.jxtele.projectmanage.entity.ProjectSchedule)
2019-04-15 08:32:32.256 [restartedMain] INFO  o.s.w.s.m.m.a.RequestMappingHandlerMapping - Mapped "{[/projectschedule/del/{id}],methods=[GET]}" onto public java.lang.Object com.jxtele.projectmanage.controller.ProjectScheduleController.del(java.lang.Integer)
2019-04-15 08:32:32.257 [restartedMain] INFO  o.s.w.s.m.m.a.RequestMappingHandlerMapping - Mapped "{[/projectschedule/add],methods=[POST]}" onto public java.lang.Object com.jxtele.projectmanage.controller.ProjectScheduleController.add(com.jxtele.projectmanage.entity.ProjectSchedule)
2019-04-15 08:32:32.257 [restartedMain] INFO  o.s.w.s.m.m.a.RequestMappingHandlerMapping - Mapped "{[/projectschedule/list/{id}],methods=[GET]}" onto public org.springframework.web.servlet.ModelAndView com.jxtele.projectmanage.controller.ProjectScheduleController.list(java.lang.Integer,org.springframework.ui.ModelMap)
2019-04-15 08:32:32.258 [restartedMain] INFO  o.s.w.s.m.m.a.RequestMappingHandlerMapping - Mapped "{[/risk/edit],methods=[POST]}" onto public java.lang.Object com.jxtele.projectmanage.controller.RiskController.edit(com.jxtele.projectmanage.entity.Risk)
2019-04-15 08:32:32.258 [restartedMain] INFO  o.s.w.s.m.m.a.RequestMappingHandlerMapping - Mapped "{[/risk/del/{id}],methods=[GET]}" onto public java.lang.Object com.jxtele.projectmanage.controller.RiskController.del(java.lang.Integer)
2019-04-15 08:32:32.258 [restartedMain] INFO  o.s.w.s.m.m.a.RequestMappingHandlerMapping - Mapped "{[/risk/add],methods=[POST]}" onto public java.lang.Object com.jxtele.projectmanage.controller.RiskController.add(com.jxtele.projectmanage.entity.Risk)
2019-04-15 08:32:32.258 [restartedMain] INFO  o.s.w.s.m.m.a.RequestMappingHandlerMapping - Mapped "{[/risk/list/{id}],methods=[GET]}" onto public org.springframework.web.servlet.ModelAndView com.jxtele.projectmanage.controller.RiskController.list(java.lang.Integer,org.springframework.ui.ModelMap)
2019-04-15 08:32:32.259 [restartedMain] INFO  o.s.w.s.m.m.a.RequestMappingHandlerMapping - Mapped "{[/role/edit],methods=[POST]}" onto public java.lang.Object com.jxtele.projectmanage.controller.RoleController.edit()
2019-04-15 08:32:32.260 [restartedMain] INFO  o.s.w.s.m.m.a.RequestMappingHandlerMapping - Mapped "{[/role/del/{roleId}],methods=[GET]}" onto public java.lang.Object com.jxtele.projectmanage.controller.RoleController.del(java.lang.String)
2019-04-15 08:32:32.260 [restartedMain] INFO  o.s.w.s.m.m.a.RequestMappingHandlerMapping - Mapped "{[/role/qx],methods=[POST]}" onto public java.lang.Object com.jxtele.projectmanage.controller.RoleController.qx()
2019-04-15 08:32:32.260 [restartedMain] INFO  o.s.w.s.m.m.a.RequestMappingHandlerMapping - Mapped "{[/role/add],methods=[POST]}" onto public java.lang.Object com.jxtele.projectmanage.controller.RoleController.add()
2019-04-15 08:32:32.260 [restartedMain] INFO  o.s.w.s.m.m.a.RequestMappingHandlerMapping - Mapped "{[/role/list],methods=[GET]}" onto public java.lang.Object com.jxtele.projectmanage.controller.RoleController.list(org.springframework.ui.Model)
2019-04-15 08:32:32.261 [restartedMain] INFO  o.s.w.s.m.m.a.RequestMappingHandlerMapping - Mapped "{[/stakeholder/edit],methods=[POST]}" onto public java.lang.Object com.jxtele.projectmanage.controller.StakeholderController.edit(com.jxtele.projectmanage.entity.Stakeholder)
2019-04-15 08:32:32.262 [restartedMain] INFO  o.s.w.s.m.m.a.RequestMappingHandlerMapping - Mapped "{[/stakeholder/del/{id}],methods=[GET]}" onto public java.lang.Object com.jxtele.projectmanage.controller.StakeholderController.del(java.lang.Integer)
2019-04-15 08:32:32.262 [restartedMain] INFO  o.s.w.s.m.m.a.RequestMappingHandlerMapping - Mapped "{[/stakeholder/add],methods=[POST]}" onto public java.lang.Object com.jxtele.projectmanage.controller.StakeholderController.add(com.jxtele.projectmanage.entity.Stakeholder)
2019-04-15 08:32:32.262 [restartedMain] INFO  o.s.w.s.m.m.a.RequestMappingHandlerMapping - Mapped "{[/stakeholder/list/{id}],methods=[GET]}" onto public org.springframework.web.servlet.ModelAndView com.jxtele.projectmanage.controller.StakeholderController.list(java.lang.Integer,org.springframework.ui.ModelMap)
2019-04-15 08:32:32.263 [restartedMain] INFO  o.s.w.s.m.m.a.RequestMappingHandlerMapping - Mapped "{[/standardapply/edit],methods=[POST]}" onto public java.lang.Object com.jxtele.projectmanage.controller.StandardApplyController.edit(com.jxtele.projectmanage.entity.StandardApply)
2019-04-15 08:32:32.263 [restartedMain] INFO  o.s.w.s.m.m.a.RequestMappingHandlerMapping - Mapped "{[/standardapply/del/{id}],methods=[GET]}" onto public java.lang.Object com.jxtele.projectmanage.controller.StandardApplyController.del(java.lang.Integer)
2019-04-15 08:32:32.264 [restartedMain] INFO  o.s.w.s.m.m.a.RequestMappingHandlerMapping - Mapped "{[/standardapply/add],methods=[POST]}" onto public java.lang.Object com.jxtele.projectmanage.controller.StandardApplyController.add(com.jxtele.projectmanage.entity.StandardApply)
2019-04-15 08:32:32.264 [restartedMain] INFO  o.s.w.s.m.m.a.RequestMappingHandlerMapping - Mapped "{[/standardapply/list/{id}],methods=[GET]}" onto public org.springframework.web.servlet.ModelAndView com.jxtele.projectmanage.controller.StandardApplyController.list(java.lang.Integer,org.springframework.ui.ModelMap)
2019-04-15 08:32:32.265 [restartedMain] INFO  o.s.w.s.m.m.a.RequestMappingHandlerMapping - Mapped "{[/standardday/edit],methods=[POST]}" onto public java.lang.Object com.jxtele.projectmanage.controller.StandardDayController.edit(com.jxtele.projectmanage.entity.StandardDay)
2019-04-15 08:32:32.265 [restartedMain] INFO  o.s.w.s.m.m.a.RequestMappingHandlerMapping - Mapped "{[/standardday/del/{id}],methods=[GET]}" onto public java.lang.Object com.jxtele.projectmanage.controller.StandardDayController.del(java.lang.Integer)
2019-04-15 08:32:32.265 [restartedMain] INFO  o.s.w.s.m.m.a.RequestMappingHandlerMapping - Mapped "{[/standardday/add],methods=[POST]}" onto public java.lang.Object com.jxtele.projectmanage.controller.StandardDayController.add(com.jxtele.projectmanage.entity.StandardDay)
2019-04-15 08:32:32.266 [restartedMain] INFO  o.s.w.s.m.m.a.RequestMappingHandlerMapping - Mapped "{[/standardday/list/{id}],methods=[GET]}" onto public org.springframework.web.servlet.ModelAndView com.jxtele.projectmanage.controller.StandardDayController.list(java.lang.Integer,org.springframework.ui.ModelMap)
2019-04-15 08:32:32.267 [restartedMain] INFO  o.s.w.s.m.m.a.RequestMappingHandlerMapping - Mapped "{[/supplier/edit],methods=[POST]}" onto public java.lang.Object com.jxtele.projectmanage.controller.SupplierController.edit(com.jxtele.projectmanage.entity.Supplier)
2019-04-15 08:32:32.267 [restartedMain] INFO  o.s.w.s.m.m.a.RequestMappingHandlerMapping - Mapped "{[/supplier/del/{id}],methods=[GET]}" onto public java.lang.Object com.jxtele.projectmanage.controller.SupplierController.del(java.lang.Integer)
2019-04-15 08:32:32.267 [restartedMain] INFO  o.s.w.s.m.m.a.RequestMappingHandlerMapping - Mapped "{[/supplier/add],methods=[POST]}" onto public java.lang.Object com.jxtele.projectmanage.controller.SupplierController.add(com.jxtele.projectmanage.entity.Supplier)
2019-04-15 08:32:32.267 [restartedMain] INFO  o.s.w.s.m.m.a.RequestMappingHandlerMapping - Mapped "{[/supplier/list/{id}],methods=[GET]}" onto public org.springframework.web.servlet.ModelAndView com.jxtele.projectmanage.controller.SupplierController.list(java.lang.Integer,org.springframework.ui.ModelMap)
2019-04-15 08:32:32.269 [restartedMain] INFO  o.s.w.s.m.m.a.RequestMappingHandlerMapping - Mapped "{[/teambuild/edit],methods=[POST]}" onto public java.lang.Object com.jxtele.projectmanage.controller.TeamBuildController.edit(com.jxtele.projectmanage.entity.TeamBuild)
2019-04-15 08:32:32.269 [restartedMain] INFO  o.s.w.s.m.m.a.RequestMappingHandlerMapping - Mapped "{[/teambuild/del/{id}],methods=[GET]}" onto public java.lang.Object com.jxtele.projectmanage.controller.TeamBuildController.del(java.lang.Integer)
2019-04-15 08:32:32.269 [restartedMain] INFO  o.s.w.s.m.m.a.RequestMappingHandlerMapping - Mapped "{[/teambuild/getProject],methods=[GET]}" onto public java.lang.Object com.jxtele.projectmanage.controller.TeamBuildController.projectList()
2019-04-15 08:32:32.269 [restartedMain] INFO  o.s.w.s.m.m.a.RequestMappingHandlerMapping - Mapped "{[/teambuild/getAllUser],methods=[GET]}" onto public java.lang.Object com.jxtele.projectmanage.controller.TeamBuildController.userList()
2019-04-15 08:32:32.270 [restartedMain] INFO  o.s.w.s.m.m.a.RequestMappingHandlerMapping - Mapped "{[/teambuild/add],methods=[POST]}" onto public java.lang.Object com.jxtele.projectmanage.controller.TeamBuildController.add(com.jxtele.projectmanage.entity.TeamBuild)
2019-04-15 08:32:32.270 [restartedMain] INFO  o.s.w.s.m.m.a.RequestMappingHandlerMapping - Mapped "{[/teambuild/list/{id}],methods=[GET]}" onto public org.springframework.web.servlet.ModelAndView com.jxtele.projectmanage.controller.TeamBuildController.list(java.lang.Integer,org.springframework.ui.ModelMap)
2019-04-15 08:32:32.271 [restartedMain] INFO  o.s.w.s.m.m.a.RequestMappingHandlerMapping - Mapped "{[/upload/img],methods=[POST]}" onto public java.lang.String com.jxtele.projectmanage.controller.UploadController.imgUpload(org.springframework.web.multipart.MultipartFile)
2019-04-15 08:32:32.271 [restartedMain] INFO  o.s.w.s.m.m.a.RequestMappingHandlerMapping - Mapped "{[/upload/show/{folderName}/{filename:.+}],methods=[GET]}" onto public org.springframework.http.ResponseEntity<?> com.jxtele.projectmanage.controller.UploadController.getImg(java.lang.String,java.lang.String)
2019-04-15 08:32:32.271 [restartedMain] INFO  o.s.w.s.m.m.a.RequestMappingHandlerMapping - Mapped "{[/upload/show/{filename:.+}],methods=[GET]}" onto public org.springframework.http.ResponseEntity<?> com.jxtele.projectmanage.controller.UploadController.getFile(java.lang.String)
2019-04-15 08:32:32.272 [restartedMain] INFO  o.s.w.s.m.m.a.RequestMappingHandlerMapping - Mapped "{[/user/edit],methods=[POST]}" onto public java.lang.Object com.jxtele.projectmanage.controller.UserController.edit()
2019-04-15 08:32:32.273 [restartedMain] INFO  o.s.w.s.m.m.a.RequestMappingHandlerMapping - Mapped "{[/user/del],methods=[POST]}" onto public java.lang.Object com.jxtele.projectmanage.controller.UserController.del()
2019-04-15 08:32:32.273 [restartedMain] INFO  o.s.w.s.m.m.a.RequestMappingHandlerMapping - Mapped "{[/user/list],methods=[GET]}" onto public java.lang.Object com.jxtele.projectmanage.controller.UserController.login(org.springframework.ui.Model)
2019-04-15 08:32:32.273 [restartedMain] INFO  o.s.w.s.m.m.a.RequestMappingHandlerMapping - Mapped "{[/user/getRole],methods=[GET]}" onto public java.lang.Object com.jxtele.projectmanage.controller.UserController.userRole()
2019-04-15 08:32:32.273 [restartedMain] INFO  o.s.w.s.m.m.a.RequestMappingHandlerMapping - Mapped "{[/user/editRole],methods=[POST]}" onto public java.lang.Object com.jxtele.projectmanage.controller.UserController.editRole()
2019-04-15 08:32:32.274 [restartedMain] INFO  o.s.w.s.m.m.a.RequestMappingHandlerMapping - Mapped "{[/user/add],methods=[POST]}" onto public java.lang.Object com.jxtele.projectmanage.controller.UserController.add()
2019-04-15 08:32:32.276 [restartedMain] INFO  o.s.w.s.m.m.a.RequestMappingHandlerMapping - Mapped "{[/error],produces=[text/html]}" onto public org.springframework.web.servlet.ModelAndView org.springframework.boot.autoconfigure.web.BasicErrorController.errorHtml(javax.servlet.http.HttpServletRequest,javax.servlet.http.HttpServletResponse)
2019-04-15 08:32:32.277 [restartedMain] INFO  o.s.w.s.m.m.a.RequestMappingHandlerMapping - Mapped "{[/error]}" onto public org.springframework.http.ResponseEntity<java.util.Map<java.lang.String, java.lang.Object>> org.springframework.boot.autoconfigure.web.BasicErrorController.error(javax.servlet.http.HttpServletRequest)
2019-04-15 08:32:32.301 [restartedMain] INFO  o.s.web.servlet.handler.SimpleUrlHandlerMapping - Mapped URL path [/webjars/**] onto handler of type [class org.springframework.web.servlet.resource.ResourceHttpRequestHandler]
2019-04-15 08:32:32.301 [restartedMain] INFO  o.s.web.servlet.handler.SimpleUrlHandlerMapping - Mapped URL path [/**] onto handler of type [class org.springframework.web.servlet.resource.ResourceHttpRequestHandler]
2019-04-15 08:32:32.332 [restartedMain] INFO  o.s.web.servlet.handler.SimpleUrlHandlerMapping - Mapped URL path [/**/favicon.ico] onto handler of type [class org.springframework.web.servlet.resource.ResourceHttpRequestHandler]
2019-04-15 08:32:33.446 [restartedMain] INFO  o.s.b.d.autoconfigure.OptionalLiveReloadServer - LiveReload server is running on port 35729
2019-04-15 08:32:33.521 [restartedMain] INFO  o.s.jmx.export.annotation.AnnotationMBeanExporter - Registering beans for JMX exposure on startup
2019-04-15 08:32:33.566 [restartedMain] INFO  org.apache.coyote.http11.Http11NioProtocol - Starting ProtocolHandler ["http-nio-8081"]
2019-04-15 08:32:33.582 [restartedMain] INFO  org.apache.tomcat.util.net.NioSelectorPool - Using a shared selector for servlet write/read
2019-04-15 08:32:33.608 [restartedMain] INFO  o.s.b.c.e.tomcat.TomcatEmbeddedServletContainer - Tomcat started on port(s): 8081 (http)
2019-04-15 08:32:33.613 [restartedMain] INFO  com.jxtele.projectmanage.ProjectmanageApplication - Started ProjectmanageApplication in 9.268 seconds (JVM running for 11.967)
2019-04-15 08:34:28.358 [http-nio-8081-exec-1] INFO  o.a.c.core.ContainerBase.[Tomcat].[localhost].[/] - Initializing Spring FrameworkServlet 'dispatcherServlet'
2019-04-15 08:34:28.382 [http-nio-8081-exec-1] INFO  org.springframework.web.servlet.DispatcherServlet - FrameworkServlet 'dispatcherServlet': initialization started
2019-04-15 08:34:28.429 [http-nio-8081-exec-1] INFO  org.springframework.web.servlet.DispatcherServlet - FrameworkServlet 'dispatcherServlet': initialization completed in 46 ms
2019-04-15 08:34:28.690 [http-nio-8081-exec-1] INFO  org.thymeleaf.TemplateEngine - [THYMELEAF] INITIALIZING TEMPLATE ENGINE
2019-04-15 08:34:28.759 [http-nio-8081-exec-1] INFO  o.t.templateresolver.AbstractTemplateResolver - [THYMELEAF] INITIALIZING TEMPLATE RESOLVER: org.thymeleaf.spring4.templateresolver.SpringResourceTemplateResolver
2019-04-15 08:34:28.759 [http-nio-8081-exec-1] INFO  o.t.templateresolver.AbstractTemplateResolver - [THYMELEAF] TEMPLATE RESOLVER INITIALIZED OK
2019-04-15 08:34:28.759 [http-nio-8081-exec-1] INFO  o.t.messageresolver.AbstractMessageResolver - [THYMELEAF] INITIALIZING MESSAGE RESOLVER: org.thymeleaf.spring4.messageresolver.SpringMessageResolver
2019-04-15 08:34:28.759 [http-nio-8081-exec-1] INFO  o.t.messageresolver.AbstractMessageResolver - [THYMELEAF] MESSAGE RESOLVER INITIALIZED OK
2019-04-15 08:34:28.762 [http-nio-8081-exec-1] INFO  org.thymeleaf.TemplateEngine.CONFIG - [THYMELEAF] TEMPLATE ENGINE CONFIGURATION:
[THYMELEAF] * Cache Factory implementation: org.thymeleaf.cache.StandardCacheManager
[THYMELEAF] * Template modes:
[THYMELEAF]     * XML
[THYMELEAF]     * LEGACYHTML5
[THYMELEAF]     * VALIDXML
[THYMELEAF]     * XHTML
[THYMELEAF]     * VALIDXHTML
[THYMELEAF]     * HTML5
[THYMELEAF] * Template resolvers (in order):
[THYMELEAF]     * org.thymeleaf.spring4.templateresolver.SpringResourceTemplateResolver
[THYMELEAF] * Message resolvers (in order):
[THYMELEAF]     * org.thymeleaf.spring4.messageresolver.SpringMessageResolver
[THYMELEAF] * Dialect [1 of 2]: org.thymeleaf.spring4.dialect.SpringStandardDialect
[THYMELEAF]     * Prefix: "th"
[THYMELEAF] * Dialect [2 of 2]: nz.net.ultraq.thymeleaf.LayoutDialect
[THYMELEAF]     * Prefix: "layout"
[THYMELEAF] TEMPLATE ENGINE CONFIGURED OK
2019-04-15 08:34:28.762 [http-nio-8081-exec-1] INFO  org.thymeleaf.TemplateEngine - [THYMELEAF] TEMPLATE ENGINE INITIALIZED
2019-04-15 08:34:33.602 [http-nio-8081-exec-1] WARN  org.apache.catalina.util.SessionIdGeneratorBase - Creation of SecureRandom instance for session ID generation using [SHA1PRNG] took [270] milliseconds.
2019-04-15 09:00:58.703 [Thread-24] INFO  o.s.b.c.e.AnnotationConfigEmbeddedWebApplicationContext - Closing org.springframework.boot.context.embedded.AnnotationConfigEmbeddedWebApplicationContext@44d2e20a: startup date [Mon Apr 15 08:32:26 CST 2019]; root of context hierarchy
2019-04-15 09:00:58.774 [Thread-24] INFO  o.s.jmx.export.annotation.AnnotationMBeanExporter - Unregistering JMX-exposed beans on shutdown
2019-04-15 09:01:13.471 [restartedMain] INFO  com.jxtele.projectmanage.ProjectmanageApplication - Starting ProjectmanageApplication on gleamora-hp-probook-6470b3-8-gib with PID 695 (/home/gleamora/Work/version/projectmanage/target/classes started by gleamora in /home/gleamora/Work/version)
2019-04-15 09:01:13.472 [restartedMain] INFO  com.jxtele.projectmanage.ProjectmanageApplication - No active profile set, falling back to default profiles: default
2019-04-15 09:01:13.905 [background-preinit] INFO  org.hibernate.validator.internal.util.Version - HV000001: Hibernate Validator 5.3.6.Final
2019-04-15 09:01:14.474 [restartedMain] INFO  o.s.b.c.e.AnnotationConfigEmbeddedWebApplicationContext - Refreshing org.springframework.boot.context.embedded.AnnotationConfigEmbeddedWebApplicationContext@46553766: startup date [Mon Apr 15 09:01:14 CST 2019]; root of context hierarchy
2019-04-15 09:01:18.963 [restartedMain] INFO  o.s.b.c.e.tomcat.TomcatEmbeddedServletContainer - Tomcat initialized with port(s): 8081 (http)
2019-04-15 09:01:18.995 [restartedMain] INFO  org.apache.coyote.http11.Http11NioProtocol - Initializing ProtocolHandler ["http-nio-8081"]
2019-04-15 09:01:19.050 [restartedMain] INFO  org.apache.catalina.core.StandardService - Starting service [Tomcat]
2019-04-15 09:01:19.050 [restartedMain] INFO  org.apache.catalina.core.StandardEngine - Starting Servlet Engine: Apache Tomcat/8.5.37
2019-04-15 09:01:19.205 [localhost-startStop-1] INFO  o.a.c.core.ContainerBase.[Tomcat].[localhost].[/] - Initializing Spring embedded WebApplicationContext
2019-04-15 09:01:19.206 [localhost-startStop-1] INFO  org.springframework.web.context.ContextLoader - Root WebApplicationContext: initialization completed in 4732 ms
2019-04-15 09:01:20.701 [localhost-startStop-1] INFO  o.s.boot.web.servlet.FilterRegistrationBean - Mapping filter: 'characterEncodingFilter' to: [/*]
2019-04-15 09:01:20.702 [localhost-startStop-1] INFO  o.s.boot.web.servlet.FilterRegistrationBean - Mapping filter: 'hiddenHttpMethodFilter' to: [/*]
2019-04-15 09:01:20.702 [localhost-startStop-1] INFO  o.s.boot.web.servlet.FilterRegistrationBean - Mapping filter: 'httpPutFormContentFilter' to: [/*]
2019-04-15 09:01:20.702 [localhost-startStop-1] INFO  o.s.boot.web.servlet.FilterRegistrationBean - Mapping filter: 'requestContextFilter' to: [/*]
2019-04-15 09:01:20.702 [localhost-startStop-1] INFO  o.s.boot.web.servlet.FilterRegistrationBean - Mapping filter: 'webStatFilter' to urls: [/*]
2019-04-15 09:01:20.702 [localhost-startStop-1] INFO  o.s.boot.web.servlet.FilterRegistrationBean - Mapping filter: 'loginFilter' to urls: [/*]
2019-04-15 09:01:20.703 [localhost-startStop-1] INFO  o.s.boot.web.servlet.ServletRegistrationBean - Mapping servlet: 'dispatcherServlet' to [/]
2019-04-15 09:01:20.759 [localhost-startStop-1] WARN  o.a.c.core.ContainerBase.[Tomcat].[localhost].[/] - Cannot deserialize session attribute [SESSION_ALL_MENU] for session [F8C23A940E203149D12604308208CC00]
2019-04-15 09:01:21.286 [restartedMain] INFO  o.s.w.s.m.m.a.RequestMappingHandlerAdapter - Looking for @ControllerAdvice: org.springframework.boot.context.embedded.AnnotationConfigEmbeddedWebApplicationContext@46553766: startup date [Mon Apr 15 09:01:14 CST 2019]; root of context hierarchy
2019-04-15 09:01:21.342 [restartedMain] INFO  c.j.p.i.InterceptorAdapter$$EnhancerBySpringCGLIB$$a86aa50d - 拦截
2019-04-15 09:01:21.367 [restartedMain] INFO  o.s.w.s.m.m.a.RequestMappingHandlerMapping - Mapped "{[/alterschedule/edit],methods=[POST]}" onto public java.lang.Object com.jxtele.projectmanage.controller.AlterScheduleController.edit(com.jxtele.projectmanage.entity.AlterSchedule)
2019-04-15 09:01:21.368 [restartedMain] INFO  o.s.w.s.m.m.a.RequestMappingHandlerMapping - Mapped "{[/alterschedule/del/{id}],methods=[GET]}" onto public java.lang.Object com.jxtele.projectmanage.controller.AlterScheduleController.del(java.lang.Integer)
2019-04-15 09:01:21.369 [restartedMain] INFO  o.s.w.s.m.m.a.RequestMappingHandlerMapping - Mapped "{[/alterschedule/add],methods=[POST]}" onto public java.lang.Object com.jxtele.projectmanage.controller.AlterScheduleController.add(com.jxtele.projectmanage.entity.AlterSchedule)
2019-04-15 09:01:21.369 [restartedMain] INFO  o.s.w.s.m.m.a.RequestMappingHandlerMapping - Mapped "{[/alterschedule/list/{id}],methods=[GET]}" onto public org.springframework.web.servlet.ModelAndView com.jxtele.projectmanage.controller.AlterScheduleController.list(java.lang.Integer,org.springframework.ui.ModelMap)
2019-04-15 09:01:21.372 [restartedMain] INFO  o.s.w.s.m.m.a.RequestMappingHandlerMapping - Mapped "{[/upload/edit],methods=[POST]}" onto public java.lang.Object com.jxtele.projectmanage.controller.AttachmentFileController.edit(com.jxtele.projectmanage.entity.AttachmentFile)
2019-04-15 09:01:21.372 [restartedMain] INFO  o.s.w.s.m.m.a.RequestMappingHandlerMapping - Mapped "{[/upload/del/{id}],methods=[GET]}" onto public java.lang.Object com.jxtele.projectmanage.controller.AttachmentFileController.del(java.lang.Integer)
2019-04-15 09:01:21.372 [restartedMain] INFO  o.s.w.s.m.m.a.RequestMappingHandlerMapping - Mapped "{[/upload/fileup],methods=[POST]}" onto public java.lang.String com.jxtele.projectmanage.controller.AttachmentFileController.upload(org.springframework.web.multipart.MultipartFile,com.jxtele.projectmanage.entity.AttachmentFile)
2019-04-15 09:01:21.373 [restartedMain] INFO  o.s.w.s.m.m.a.RequestMappingHandlerMapping - Mapped "{[/upload/downloadFile]}" onto public void com.jxtele.projectmanage.controller.AttachmentFileController.downloads(javax.servlet.http.HttpServletRequest,javax.servlet.http.HttpServletResponse,com.jxtele.projectmanage.entity.AttachmentFile) throws java.lang.Exception
2019-04-15 09:01:21.373 [restartedMain] INFO  o.s.w.s.m.m.a.RequestMappingHandlerMapping - Mapped "{[/upload/add],methods=[POST]}" onto public java.lang.Object com.jxtele.projectmanage.controller.AttachmentFileController.add(com.jxtele.projectmanage.entity.AttachmentFile)
2019-04-15 09:01:21.373 [restartedMain] INFO  o.s.w.s.m.m.a.RequestMappingHandlerMapping - Mapped "{[/upload/list/{id}],methods=[GET]}" onto public org.springframework.web.servlet.ModelAndView com.jxtele.projectmanage.controller.AttachmentFileController.list(java.lang.Integer,org.springframework.ui.ModelMap)
2019-04-15 09:01:21.374 [restartedMain] INFO  o.s.w.s.m.m.a.RequestMappingHandlerMapping - Mapped "{[/upload/test]}" onto public org.springframework.web.servlet.ModelAndView com.jxtele.projectmanage.controller.AttachmentFileController.test()
2019-04-15 09:01:21.375 [restartedMain] INFO  o.s.w.s.m.m.a.RequestMappingHandlerMapping - Mapped "{[/communication/edit],methods=[POST]}" onto public java.lang.Object com.jxtele.projectmanage.controller.CommunicationController.edit(com.jxtele.projectmanage.entity.Communication)
2019-04-15 09:01:21.376 [restartedMain] INFO  o.s.w.s.m.m.a.RequestMappingHandlerMapping - Mapped "{[/communication/del/{id}],methods=[GET]}" onto public java.lang.Object com.jxtele.projectmanage.controller.CommunicationController.del(java.lang.Integer)
2019-04-15 09:01:21.376 [restartedMain] INFO  o.s.w.s.m.m.a.RequestMappingHandlerMapping - Mapped "{[/communication/add],methods=[POST]}" onto public java.lang.Object com.jxtele.projectmanage.controller.CommunicationController.add(com.jxtele.projectmanage.entity.Communication)
2019-04-15 09:01:21.376 [restartedMain] INFO  o.s.w.s.m.m.a.RequestMappingHandlerMapping - Mapped "{[/communication/list/{id}],methods=[GET]}" onto public org.springframework.web.servlet.ModelAndView com.jxtele.projectmanage.controller.CommunicationController.list(java.lang.Integer,org.springframework.ui.ModelMap)
2019-04-15 09:01:21.380 [restartedMain] INFO  o.s.w.s.m.m.a.RequestMappingHandlerMapping - Mapped "{[/communicationrecord/edit],methods=[POST]}" onto public java.lang.Object com.jxtele.projectmanage.controller.CommunicationRecordController.edit(com.jxtele.projectmanage.entity.CommunicationRecord)
2019-04-15 09:01:21.381 [restartedMain] INFO  o.s.w.s.m.m.a.RequestMappingHandlerMapping - Mapped "{[/communicationrecord/del/{id}],methods=[GET]}" onto public java.lang.Object com.jxtele.projectmanage.controller.CommunicationRecordController.del(java.lang.Integer)
2019-04-15 09:01:21.381 [restartedMain] INFO  o.s.w.s.m.m.a.RequestMappingHandlerMapping - Mapped "{[/communicationrecord/add],methods=[POST]}" onto public java.lang.Object com.jxtele.projectmanage.controller.CommunicationRecordController.add(com.jxtele.projectmanage.entity.CommunicationRecord)
2019-04-15 09:01:21.382 [restartedMain] INFO  o.s.w.s.m.m.a.RequestMappingHandlerMapping - Mapped "{[/communicationrecord/list/{id}],methods=[GET]}" onto public org.springframework.web.servlet.ModelAndView com.jxtele.projectmanage.controller.CommunicationRecordController.list(java.lang.Integer,org.springframework.ui.ModelMap)
2019-04-15 09:01:21.383 [restartedMain] INFO  o.s.w.s.m.m.a.RequestMappingHandlerMapping - Mapped "{[/error/{pageNumber}]}" onto public java.lang.String com.jxtele.projectmanage.controller.ErrorController.error400(java.lang.String)
2019-04-15 09:01:21.385 [restartedMain] INFO  o.s.w.s.m.m.a.RequestMappingHandlerMapping - Mapped "{[/factschedule/edit],methods=[POST]}" onto public java.lang.Object com.jxtele.projectmanage.controller.FactScheduleleController.edit(com.jxtele.projectmanage.entity.FactSchedule)
2019-04-15 09:01:21.385 [restartedMain] INFO  o.s.w.s.m.m.a.RequestMappingHandlerMapping - Mapped "{[/factschedule/del/{id}],methods=[GET]}" onto public java.lang.Object com.jxtele.projectmanage.controller.FactScheduleleController.del(java.lang.Integer)
2019-04-15 09:01:21.386 [restartedMain] INFO  o.s.w.s.m.m.a.RequestMappingHandlerMapping - Mapped "{[/factschedule/add],methods=[POST]}" onto public java.lang.Object com.jxtele.projectmanage.controller.FactScheduleleController.add(com.jxtele.projectmanage.entity.FactSchedule)
2019-04-15 09:01:21.386 [restartedMain] INFO  o.s.w.s.m.m.a.RequestMappingHandlerMapping - Mapped "{[/factschedule/list/{id}],methods=[GET]}" onto public org.springframework.web.servlet.ModelAndView com.jxtele.projectmanage.controller.FactScheduleleController.list(java.lang.Integer,org.springframework.ui.ModelMap)
2019-04-15 09:01:21.387 [restartedMain] INFO  o.s.w.s.m.m.a.RequestMappingHandlerMapping - Mapped "{[/ || /toLogin],methods=[GET]}" onto public java.lang.String com.jxtele.projectmanage.controller.IndexController.toLogin()
2019-04-15 09:01:21.387 [restartedMain] INFO  o.s.w.s.m.m.a.RequestMappingHandlerMapping - Mapped "{[/login],methods=[POST]}" onto public java.lang.Object com.jxtele.projectmanage.controller.IndexController.login()
2019-04-15 09:01:21.388 [restartedMain] INFO  o.s.w.s.m.m.a.RequestMappingHandlerMapping - Mapped "{[/logout]}" onto public java.lang.String com.jxtele.projectmanage.controller.IndexController.logout()
2019-04-15 09:01:21.388 [restartedMain] INFO  o.s.w.s.m.m.a.RequestMappingHandlerMapping - Mapped "{[/index]}" onto public java.lang.String com.jxtele.projectmanage.controller.IndexController.index(org.springframework.ui.Model)
2019-04-15 09:01:21.390 [restartedMain] INFO  o.s.w.s.m.m.a.RequestMappingHandlerMapping - Mapped "{[/integral/edit],methods=[POST]}" onto public java.lang.Object com.jxtele.projectmanage.controller.IntegralController.edit(com.jxtele.projectmanage.entity.Integral)
2019-04-15 09:01:21.390 [restartedMain] INFO  o.s.w.s.m.m.a.RequestMappingHandlerMapping - Mapped "{[/integral/del/{id}],methods=[GET]}" onto public java.lang.Object com.jxtele.projectmanage.controller.IntegralController.del(java.lang.Integer)
2019-04-15 09:01:21.390 [restartedMain] INFO  o.s.w.s.m.m.a.RequestMappingHandlerMapping - Mapped "{[/integral/add],methods=[POST]}" onto public java.lang.Object com.jxtele.projectmanage.controller.IntegralController.add(com.jxtele.projectmanage.entity.Integral)
2019-04-15 09:01:21.391 [restartedMain] INFO  o.s.w.s.m.m.a.RequestMappingHandlerMapping - Mapped "{[/integral/list/{id}],methods=[GET]}" onto public org.springframework.web.servlet.ModelAndView com.jxtele.projectmanage.controller.IntegralController.list(java.lang.Integer,org.springframework.ui.ModelMap)
2019-04-15 09:01:21.392 [restartedMain] INFO  o.s.w.s.m.m.a.RequestMappingHandlerMapping - Mapped "{[/integralitem/edit],methods=[POST]}" onto public java.lang.Object com.jxtele.projectmanage.controller.IntegralItemController.edit(com.jxtele.projectmanage.entity.IntegralItem)
2019-04-15 09:01:21.392 [restartedMain] INFO  o.s.w.s.m.m.a.RequestMappingHandlerMapping - Mapped "{[/integralitem/del/{id}],methods=[GET]}" onto public java.lang.Object com.jxtele.projectmanage.controller.IntegralItemController.del(java.lang.Integer)
2019-04-15 09:01:21.392 [restartedMain] INFO  o.s.w.s.m.m.a.RequestMappingHandlerMapping - Mapped "{[/integralitem/add],methods=[POST]}" onto public java.lang.Object com.jxtele.projectmanage.controller.IntegralItemController.add(com.jxtele.projectmanage.entity.IntegralItem)
2019-04-15 09:01:21.393 [restartedMain] INFO  o.s.w.s.m.m.a.RequestMappingHandlerMapping - Mapped "{[/integralitem/list/{id}],methods=[GET]}" onto public org.springframework.web.servlet.ModelAndView com.jxtele.projectmanage.controller.IntegralItemController.list(java.lang.Integer,org.springframework.ui.ModelMap)
2019-04-15 09:01:21.394 [restartedMain] INFO  o.s.w.s.m.m.a.RequestMappingHandlerMapping - Mapped "{[/menu/edit],methods=[POST]}" onto public java.lang.Object com.jxtele.projectmanage.controller.MenuController.edit()
2019-04-15 09:01:21.394 [restartedMain] INFO  o.s.w.s.m.m.a.RequestMappingHandlerMapping - Mapped "{[/menu/del/{menu_id}],methods=[GET]}" onto public java.lang.Object com.jxtele.projectmanage.controller.MenuController.del(java.lang.String)
2019-04-15 09:01:21.395 [restartedMain] INFO  o.s.w.s.m.m.a.RequestMappingHandlerMapping - Mapped "{[/menu/getSubMenu]}" onto public java.lang.Object com.jxtele.projectmanage.controller.MenuController.getSubMenu()
2019-04-15 09:01:21.395 [restartedMain] INFO  o.s.w.s.m.m.a.RequestMappingHandlerMapping - Mapped "{[/menu/add],methods=[POST]}" onto public java.lang.Object com.jxtele.projectmanage.controller.MenuController.add()
2019-04-15 09:01:21.395 [restartedMain] INFO  o.s.w.s.m.m.a.RequestMappingHandlerMapping - Mapped "{[/menu/query/{menu_id}],methods=[GET]}" onto public java.lang.Object com.jxtele.projectmanage.controller.MenuController.find(java.lang.String)
2019-04-15 09:01:21.395 [restartedMain] INFO  o.s.w.s.m.m.a.RequestMappingHandlerMapping - Mapped "{[/menu/list]}" onto public java.lang.String com.jxtele.projectmanage.controller.MenuController.list(org.springframework.ui.Model)
2019-04-15 09:01:21.396 [restartedMain] INFO  o.s.w.s.m.m.a.RequestMappingHandlerMapping - Mapped "{[/moneyinfo/edit],methods=[POST]}" onto public java.lang.Object com.jxtele.projectmanage.controller.MoneyInfoController.edit(com.jxtele.projectmanage.entity.MoneyInfo)
2019-04-15 09:01:21.397 [restartedMain] INFO  o.s.w.s.m.m.a.RequestMappingHandlerMapping - Mapped "{[/moneyinfo/del/{id}],methods=[GET]}" onto public java.lang.Object com.jxtele.projectmanage.controller.MoneyInfoController.del(java.lang.Integer)
2019-04-15 09:01:21.397 [restartedMain] INFO  o.s.w.s.m.m.a.RequestMappingHandlerMapping - Mapped "{[/moneyinfo/add],methods=[POST]}" onto public java.lang.Object com.jxtele.projectmanage.controller.MoneyInfoController.add(com.jxtele.projectmanage.entity.MoneyInfo)
2019-04-15 09:01:21.397 [restartedMain] INFO  o.s.w.s.m.m.a.RequestMappingHandlerMapping - Mapped "{[/moneyinfo/list/{id}],methods=[GET]}" onto public org.springframework.web.servlet.ModelAndView com.jxtele.projectmanage.controller.MoneyInfoController.list(java.lang.Integer,org.springframework.ui.ModelMap)
2019-04-15 09:01:21.397 [restartedMain] INFO  o.s.w.s.m.m.a.RequestMappingHandlerMapping - Mapped "{[/moneyinfo/query/{id}],methods=[GET]}" onto public java.lang.Object com.jxtele.projectmanage.controller.MoneyInfoController.query(java.lang.Integer)
2019-04-15 09:01:21.398 [restartedMain] INFO  o.s.w.s.m.m.a.RequestMappingHandlerMapping - Mapped "{[/moneyinfoitem/edit],methods=[POST]}" onto public java.lang.Object com.jxtele.projectmanage.controller.MoneyInfoItemController.edit(com.jxtele.projectmanage.entity.MoneyInfoItem)
2019-04-15 09:01:21.399 [restartedMain] INFO  o.s.w.s.m.m.a.RequestMappingHandlerMapping - Mapped "{[/moneyinfoitem/del/{id}],methods=[GET]}" onto public java.lang.Object com.jxtele.projectmanage.controller.MoneyInfoItemController.del(java.lang.Integer)
2019-04-15 09:01:21.399 [restartedMain] INFO  o.s.w.s.m.m.a.RequestMappingHandlerMapping - Mapped "{[/moneyinfoitem/add],methods=[POST]}" onto public java.lang.Object com.jxtele.projectmanage.controller.MoneyInfoItemController.add(com.jxtele.projectmanage.entity.MoneyInfoItem)
2019-04-15 09:01:21.400 [restartedMain] INFO  o.s.w.s.m.m.a.RequestMappingHandlerMapping - Mapped "{[/moneyinfoitem/list/{id}],methods=[GET]}" onto public org.springframework.web.servlet.ModelAndView com.jxtele.projectmanage.controller.MoneyInfoItemController.list(java.lang.Integer,org.springframework.ui.ModelMap)
2019-04-15 09:01:21.400 [restartedMain] INFO  o.s.w.s.m.m.a.RequestMappingHandlerMapping - Mapped "{[/include/{pageName}]}" onto public java.lang.String com.jxtele.projectmanage.controller.PageController.include(java.lang.String)
2019-04-15 09:01:21.401 [restartedMain] INFO  o.s.w.s.m.m.a.RequestMappingHandlerMapping - Mapped "{[/procurement/edit],methods=[POST]}" onto public java.lang.Object com.jxtele.projectmanage.controller.ProcurementController.edit(com.jxtele.projectmanage.entity.Procurement)
2019-04-15 09:01:21.401 [restartedMain] INFO  o.s.w.s.m.m.a.RequestMappingHandlerMapping - Mapped "{[/procurement/del/{id}],methods=[GET]}" onto public java.lang.Object com.jxtele.projectmanage.controller.ProcurementController.del(java.lang.Integer)
2019-04-15 09:01:21.401 [restartedMain] INFO  o.s.w.s.m.m.a.RequestMappingHandlerMapping - Mapped "{[/procurement/add],methods=[POST]}" onto public java.lang.Object com.jxtele.projectmanage.controller.ProcurementController.add(com.jxtele.projectmanage.entity.Procurement)
2019-04-15 09:01:21.401 [restartedMain] INFO  o.s.w.s.m.m.a.RequestMappingHandlerMapping - Mapped "{[/procurement/list/{id}],methods=[GET]}" onto public org.springframework.web.servlet.ModelAndView com.jxtele.projectmanage.controller.ProcurementController.list(java.lang.Integer,org.springframework.ui.ModelMap)
2019-04-15 09:01:21.402 [restartedMain] INFO  o.s.w.s.m.m.a.RequestMappingHandlerMapping - Mapped "{[/procurementitem/edit],methods=[POST]}" onto public java.lang.Object com.jxtele.projectmanage.controller.ProcurementItemController.edit(com.jxtele.projectmanage.entity.ProcurementItem)
2019-04-15 09:01:21.403 [restartedMain] INFO  o.s.w.s.m.m.a.RequestMappingHandlerMapping - Mapped "{[/procurementitem/del/{id}],methods=[GET]}" onto public java.lang.Object com.jxtele.projectmanage.controller.ProcurementItemController.del(java.lang.Integer)
2019-04-15 09:01:21.403 [restartedMain] INFO  o.s.w.s.m.m.a.RequestMappingHandlerMapping - Mapped "{[/procurementitem/add],methods=[POST]}" onto public java.lang.Object com.jxtele.projectmanage.controller.ProcurementItemController.add(com.jxtele.projectmanage.entity.ProcurementItem)
2019-04-15 09:01:21.403 [restartedMain] INFO  o.s.w.s.m.m.a.RequestMappingHandlerMapping - Mapped "{[/procurementitem/list/{id}],methods=[GET]}" onto public org.springframework.web.servlet.ModelAndView com.jxtele.projectmanage.controller.ProcurementItemController.list(java.lang.Integer,org.springframework.ui.ModelMap)
2019-04-15 09:01:21.405 [restartedMain] INFO  o.s.w.s.m.m.a.RequestMappingHandlerMapping - Mapped "{[/project/edit],methods=[POST]}" onto public java.lang.Object com.jxtele.projectmanage.controller.ProjectController.edit()
2019-04-15 09:01:21.405 [restartedMain] INFO  o.s.w.s.m.m.a.RequestMappingHandlerMapping - Mapped "{[/project/del/{id}],methods=[GET]}" onto public java.lang.Object com.jxtele.projectmanage.controller.ProjectController.del(java.lang.Integer)
2019-04-15 09:01:21.405 [restartedMain] INFO  o.s.w.s.m.m.a.RequestMappingHandlerMapping - Mapped "{[/project/add],methods=[POST]}" onto public java.lang.Object com.jxtele.projectmanage.controller.ProjectController.add()
2019-04-15 09:01:21.405 [restartedMain] INFO  o.s.w.s.m.m.a.RequestMappingHandlerMapping - Mapped "{[/project/list],methods=[GET]}" onto public org.springframework.web.servlet.ModelAndView com.jxtele.projectmanage.controller.ProjectController.list(org.springframework.ui.ModelMap)
2019-04-15 09:01:21.407 [restartedMain] INFO  o.s.w.s.m.m.a.RequestMappingHandlerMapping - Mapped "{[/projectschedule/edit],methods=[POST]}" onto public java.lang.Object com.jxtele.projectmanage.controller.ProjectScheduleController.edit(com.jxtele.projectmanage.entity.ProjectSchedule)
2019-04-15 09:01:21.407 [restartedMain] INFO  o.s.w.s.m.m.a.RequestMappingHandlerMapping - Mapped "{[/projectschedule/del/{id}],methods=[GET]}" onto public java.lang.Object com.jxtele.projectmanage.controller.ProjectScheduleController.del(java.lang.Integer)
2019-04-15 09:01:21.407 [restartedMain] INFO  o.s.w.s.m.m.a.RequestMappingHandlerMapping - Mapped "{[/projectschedule/add],methods=[POST]}" onto public java.lang.Object com.jxtele.projectmanage.controller.ProjectScheduleController.add(com.jxtele.projectmanage.entity.ProjectSchedule)
2019-04-15 09:01:21.407 [restartedMain] INFO  o.s.w.s.m.m.a.RequestMappingHandlerMapping - Mapped "{[/projectschedule/list/{id}],methods=[GET]}" onto public org.springframework.web.servlet.ModelAndView com.jxtele.projectmanage.controller.ProjectScheduleController.list(java.lang.Integer,org.springframework.ui.ModelMap)
2019-04-15 09:01:21.408 [restartedMain] INFO  o.s.w.s.m.m.a.RequestMappingHandlerMapping - Mapped "{[/risk/edit],methods=[POST]}" onto public java.lang.Object com.jxtele.projectmanage.controller.RiskController.edit(com.jxtele.projectmanage.entity.Risk)
2019-04-15 09:01:21.409 [restartedMain] INFO  o.s.w.s.m.m.a.RequestMappingHandlerMapping - Mapped "{[/risk/del/{id}],methods=[GET]}" onto public java.lang.Object com.jxtele.projectmanage.controller.RiskController.del(java.lang.Integer)
2019-04-15 09:01:21.409 [restartedMain] INFO  o.s.w.s.m.m.a.RequestMappingHandlerMapping - Mapped "{[/risk/add],methods=[POST]}" onto public java.lang.Object com.jxtele.projectmanage.controller.RiskController.add(com.jxtele.projectmanage.entity.Risk)
2019-04-15 09:01:21.409 [restartedMain] INFO  o.s.w.s.m.m.a.RequestMappingHandlerMapping - Mapped "{[/risk/list/{id}],methods=[GET]}" onto public org.springframework.web.servlet.ModelAndView com.jxtele.projectmanage.controller.RiskController.list(java.lang.Integer,org.springframework.ui.ModelMap)
2019-04-15 09:01:21.410 [restartedMain] INFO  o.s.w.s.m.m.a.RequestMappingHandlerMapping - Mapped "{[/role/edit],methods=[POST]}" onto public java.lang.Object com.jxtele.projectmanage.controller.RoleController.edit()
2019-04-15 09:01:21.410 [restartedMain] INFO  o.s.w.s.m.m.a.RequestMappingHandlerMapping - Mapped "{[/role/del/{roleId}],methods=[GET]}" onto public java.lang.Object com.jxtele.projectmanage.controller.RoleController.del(java.lang.String)
2019-04-15 09:01:21.411 [restartedMain] INFO  o.s.w.s.m.m.a.RequestMappingHandlerMapping - Mapped "{[/role/qx],methods=[POST]}" onto public java.lang.Object com.jxtele.projectmanage.controller.RoleController.qx()
2019-04-15 09:01:21.411 [restartedMain] INFO  o.s.w.s.m.m.a.RequestMappingHandlerMapping - Mapped "{[/role/add],methods=[POST]}" onto public java.lang.Object com.jxtele.projectmanage.controller.RoleController.add()
2019-04-15 09:01:21.411 [restartedMain] INFO  o.s.w.s.m.m.a.RequestMappingHandlerMapping - Mapped "{[/role/list],methods=[GET]}" onto public java.lang.Object com.jxtele.projectmanage.controller.RoleController.list(org.springframework.ui.Model)
2019-04-15 09:01:21.412 [restartedMain] INFO  o.s.w.s.m.m.a.RequestMappingHandlerMapping - Mapped "{[/stakeholder/edit],methods=[POST]}" onto public java.lang.Object com.jxtele.projectmanage.controller.StakeholderController.edit(com.jxtele.projectmanage.entity.Stakeholder)
2019-04-15 09:01:21.413 [restartedMain] INFO  o.s.w.s.m.m.a.RequestMappingHandlerMapping - Mapped "{[/stakeholder/del/{id}],methods=[GET]}" onto public java.lang.Object com.jxtele.projectmanage.controller.StakeholderController.del(java.lang.Integer)
2019-04-15 09:01:21.413 [restartedMain] INFO  o.s.w.s.m.m.a.RequestMappingHandlerMapping - Mapped "{[/stakeholder/add],methods=[POST]}" onto public java.lang.Object com.jxtele.projectmanage.controller.StakeholderController.add(com.jxtele.projectmanage.entity.Stakeholder)
2019-04-15 09:01:21.413 [restartedMain] INFO  o.s.w.s.m.m.a.RequestMappingHandlerMapping - Mapped "{[/stakeholder/list/{id}],methods=[GET]}" onto public org.springframework.web.servlet.ModelAndView com.jxtele.projectmanage.controller.StakeholderController.list(java.lang.Integer,org.springframework.ui.ModelMap)
2019-04-15 09:01:21.414 [restartedMain] INFO  o.s.w.s.m.m.a.RequestMappingHandlerMapping - Mapped "{[/standardapply/edit],methods=[POST]}" onto public java.lang.Object com.jxtele.projectmanage.controller.StandardApplyController.edit(com.jxtele.projectmanage.entity.StandardApply)
2019-04-15 09:01:21.415 [restartedMain] INFO  o.s.w.s.m.m.a.RequestMappingHandlerMapping - Mapped "{[/standardapply/del/{id}],methods=[GET]}" onto public java.lang.Object com.jxtele.projectmanage.controller.StandardApplyController.del(java.lang.Integer)
2019-04-15 09:01:21.415 [restartedMain] INFO  o.s.w.s.m.m.a.RequestMappingHandlerMapping - Mapped "{[/standardapply/add],methods=[POST]}" onto public java.lang.Object com.jxtele.projectmanage.controller.StandardApplyController.add(com.jxtele.projectmanage.entity.StandardApply)
2019-04-15 09:01:21.415 [restartedMain] INFO  o.s.w.s.m.m.a.RequestMappingHandlerMapping - Mapped "{[/standardapply/list/{id}],methods=[GET]}" onto public org.springframework.web.servlet.ModelAndView com.jxtele.projectmanage.controller.StandardApplyController.list(java.lang.Integer,org.springframework.ui.ModelMap)
2019-04-15 09:01:21.416 [restartedMain] INFO  o.s.w.s.m.m.a.RequestMappingHandlerMapping - Mapped "{[/standardday/edit],methods=[POST]}" onto public java.lang.Object com.jxtele.projectmanage.controller.StandardDayController.edit(com.jxtele.projectmanage.entity.StandardDay)
2019-04-15 09:01:21.416 [restartedMain] INFO  o.s.w.s.m.m.a.RequestMappingHandlerMapping - Mapped "{[/standardday/del/{id}],methods=[GET]}" onto public java.lang.Object com.jxtele.projectmanage.controller.StandardDayController.del(java.lang.Integer)
2019-04-15 09:01:21.417 [restartedMain] INFO  o.s.w.s.m.m.a.RequestMappingHandlerMapping - Mapped "{[/standardday/add],methods=[POST]}" onto public java.lang.Object com.jxtele.projectmanage.controller.StandardDayController.add(com.jxtele.projectmanage.entity.StandardDay)
2019-04-15 09:01:21.417 [restartedMain] INFO  o.s.w.s.m.m.a.RequestMappingHandlerMapping - Mapped "{[/standardday/list/{id}],methods=[GET]}" onto public org.springframework.web.servlet.ModelAndView com.jxtele.projectmanage.controller.StandardDayController.list(java.lang.Integer,org.springframework.ui.ModelMap)
2019-04-15 09:01:21.418 [restartedMain] INFO  o.s.w.s.m.m.a.RequestMappingHandlerMapping - Mapped "{[/supplier/edit],methods=[POST]}" onto public java.lang.Object com.jxtele.projectmanage.controller.SupplierController.edit(com.jxtele.projectmanage.entity.Supplier)
2019-04-15 09:01:21.418 [restartedMain] INFO  o.s.w.s.m.m.a.RequestMappingHandlerMapping - Mapped "{[/supplier/del/{id}],methods=[GET]}" onto public java.lang.Object com.jxtele.projectmanage.controller.SupplierController.del(java.lang.Integer)
2019-04-15 09:01:21.419 [restartedMain] INFO  o.s.w.s.m.m.a.RequestMappingHandlerMapping - Mapped "{[/supplier/add],methods=[POST]}" onto public java.lang.Object com.jxtele.projectmanage.controller.SupplierController.add(com.jxtele.projectmanage.entity.Supplier)
2019-04-15 09:01:21.419 [restartedMain] INFO  o.s.w.s.m.m.a.RequestMappingHandlerMapping - Mapped "{[/supplier/list/{id}],methods=[GET]}" onto public org.springframework.web.servlet.ModelAndView com.jxtele.projectmanage.controller.SupplierController.list(java.lang.Integer,org.springframework.ui.ModelMap)
2019-04-15 09:01:21.420 [restartedMain] INFO  o.s.w.s.m.m.a.RequestMappingHandlerMapping - Mapped "{[/teambuild/edit],methods=[POST]}" onto public java.lang.Object com.jxtele.projectmanage.controller.TeamBuildController.edit(com.jxtele.projectmanage.entity.TeamBuild)
2019-04-15 09:01:21.421 [restartedMain] INFO  o.s.w.s.m.m.a.RequestMappingHandlerMapping - Mapped "{[/teambuild/del/{id}],methods=[GET]}" onto public java.lang.Object com.jxtele.projectmanage.controller.TeamBuildController.del(java.lang.Integer)
2019-04-15 09:01:21.421 [restartedMain] INFO  o.s.w.s.m.m.a.RequestMappingHandlerMapping - Mapped "{[/teambuild/getProject],methods=[GET]}" onto public java.lang.Object com.jxtele.projectmanage.controller.TeamBuildController.projectList()
2019-04-15 09:01:21.421 [restartedMain] INFO  o.s.w.s.m.m.a.RequestMappingHandlerMapping - Mapped "{[/teambuild/getAllUser],methods=[GET]}" onto public java.lang.Object com.jxtele.projectmanage.controller.TeamBuildController.userList()
2019-04-15 09:01:21.421 [restartedMain] INFO  o.s.w.s.m.m.a.RequestMappingHandlerMapping - Mapped "{[/teambuild/add],methods=[POST]}" onto public java.lang.Object com.jxtele.projectmanage.controller.TeamBuildController.add(com.jxtele.projectmanage.entity.TeamBuild)
2019-04-15 09:01:21.422 [restartedMain] INFO  o.s.w.s.m.m.a.RequestMappingHandlerMapping - Mapped "{[/teambuild/list/{id}],methods=[GET]}" onto public org.springframework.web.servlet.ModelAndView com.jxtele.projectmanage.controller.TeamBuildController.list(java.lang.Integer,org.springframework.ui.ModelMap)
2019-04-15 09:01:21.422 [restartedMain] INFO  o.s.w.s.m.m.a.RequestMappingHandlerMapping - Mapped "{[/upload/img],methods=[POST]}" onto public java.lang.String com.jxtele.projectmanage.controller.UploadController.imgUpload(org.springframework.web.multipart.MultipartFile)
2019-04-15 09:01:21.423 [restartedMain] INFO  o.s.w.s.m.m.a.RequestMappingHandlerMapping - Mapped "{[/upload/show/{folderName}/{filename:.+}],methods=[GET]}" onto public org.springframework.http.ResponseEntity<?> com.jxtele.projectmanage.controller.UploadController.getImg(java.lang.String,java.lang.String)
2019-04-15 09:01:21.423 [restartedMain] INFO  o.s.w.s.m.m.a.RequestMappingHandlerMapping - Mapped "{[/upload/show/{filename:.+}],methods=[GET]}" onto public org.springframework.http.ResponseEntity<?> com.jxtele.projectmanage.controller.UploadController.getFile(java.lang.String)
2019-04-15 09:01:21.424 [restartedMain] INFO  o.s.w.s.m.m.a.RequestMappingHandlerMapping - Mapped "{[/user/edit],methods=[POST]}" onto public java.lang.Object com.jxtele.projectmanage.controller.UserController.edit()
2019-04-15 09:01:21.425 [restartedMain] INFO  o.s.w.s.m.m.a.RequestMappingHandlerMapping - Mapped "{[/user/del],methods=[POST]}" onto public java.lang.Object com.jxtele.projectmanage.controller.UserController.del()
2019-04-15 09:01:21.425 [restartedMain] INFO  o.s.w.s.m.m.a.RequestMappingHandlerMapping - Mapped "{[/user/list],methods=[GET]}" onto public java.lang.Object com.jxtele.projectmanage.controller.UserController.login(org.springframework.ui.Model)
2019-04-15 09:01:21.425 [restartedMain] INFO  o.s.w.s.m.m.a.RequestMappingHandlerMapping - Mapped "{[/user/getRole],methods=[GET]}" onto public java.lang.Object com.jxtele.projectmanage.controller.UserController.userRole()
2019-04-15 09:01:21.425 [restartedMain] INFO  o.s.w.s.m.m.a.RequestMappingHandlerMapping - Mapped "{[/user/editRole],methods=[POST]}" onto public java.lang.Object com.jxtele.projectmanage.controller.UserController.editRole()
2019-04-15 09:01:21.426 [restartedMain] INFO  o.s.w.s.m.m.a.RequestMappingHandlerMapping - Mapped "{[/user/add],methods=[POST]}" onto public java.lang.Object com.jxtele.projectmanage.controller.UserController.add()
2019-04-15 09:01:21.428 [restartedMain] INFO  o.s.w.s.m.m.a.RequestMappingHandlerMapping - Mapped "{[/error],produces=[text/html]}" onto public org.springframework.web.servlet.ModelAndView org.springframework.boot.autoconfigure.web.BasicErrorController.errorHtml(javax.servlet.http.HttpServletRequest,javax.servlet.http.HttpServletResponse)
2019-04-15 09:01:21.429 [restartedMain] INFO  o.s.w.s.m.m.a.RequestMappingHandlerMapping - Mapped "{[/error]}" onto public org.springframework.http.ResponseEntity<java.util.Map<java.lang.String, java.lang.Object>> org.springframework.boot.autoconfigure.web.BasicErrorController.error(javax.servlet.http.HttpServletRequest)
2019-04-15 09:01:21.455 [restartedMain] INFO  o.s.web.servlet.handler.SimpleUrlHandlerMapping - Mapped URL path [/webjars/**] onto handler of type [class org.springframework.web.servlet.resource.ResourceHttpRequestHandler]
2019-04-15 09:01:21.456 [restartedMain] INFO  o.s.web.servlet.handler.SimpleUrlHandlerMapping - Mapped URL path [/**] onto handler of type [class org.springframework.web.servlet.resource.ResourceHttpRequestHandler]
2019-04-15 09:01:21.498 [restartedMain] INFO  o.s.web.servlet.handler.SimpleUrlHandlerMapping - Mapped URL path [/**/favicon.ico] onto handler of type [class org.springframework.web.servlet.resource.ResourceHttpRequestHandler]
2019-04-15 09:01:22.525 [restartedMain] INFO  o.s.b.d.autoconfigure.OptionalLiveReloadServer - LiveReload server is running on port 35729
2019-04-15 09:01:22.581 [restartedMain] INFO  o.s.jmx.export.annotation.AnnotationMBeanExporter - Registering beans for JMX exposure on startup
2019-04-15 09:01:22.615 [restartedMain] INFO  org.apache.coyote.http11.Http11NioProtocol - Starting ProtocolHandler ["http-nio-8081"]
2019-04-15 09:01:22.623 [restartedMain] INFO  org.apache.tomcat.util.net.NioSelectorPool - Using a shared selector for servlet write/read
2019-04-15 09:01:22.671 [restartedMain] INFO  o.s.b.c.e.tomcat.TomcatEmbeddedServletContainer - Tomcat started on port(s): 8081 (http)
2019-04-15 09:01:22.679 [restartedMain] INFO  com.jxtele.projectmanage.ProjectmanageApplication - Started ProjectmanageApplication in 11.229 seconds (JVM running for 15.541)
2019-04-15 09:01:44.238 [http-nio-8081-exec-1] INFO  o.a.c.core.ContainerBase.[Tomcat].[localhost].[/] - Initializing Spring FrameworkServlet 'dispatcherServlet'
2019-04-15 09:01:44.263 [http-nio-8081-exec-1] INFO  org.springframework.web.servlet.DispatcherServlet - FrameworkServlet 'dispatcherServlet': initialization started
2019-04-15 09:01:44.350 [http-nio-8081-exec-1] INFO  org.springframework.web.servlet.DispatcherServlet - FrameworkServlet 'dispatcherServlet': initialization completed in 87 ms
2019-04-15 09:01:44.879 [http-nio-8081-exec-2] INFO  org.thymeleaf.TemplateEngine - [THYMELEAF] INITIALIZING TEMPLATE ENGINE
2019-04-15 09:01:44.958 [http-nio-8081-exec-2] INFO  o.t.templateresolver.AbstractTemplateResolver - [THYMELEAF] INITIALIZING TEMPLATE RESOLVER: org.thymeleaf.spring4.templateresolver.SpringResourceTemplateResolver
2019-04-15 09:01:44.959 [http-nio-8081-exec-2] INFO  o.t.templateresolver.AbstractTemplateResolver - [THYMELEAF] TEMPLATE RESOLVER INITIALIZED OK
2019-04-15 09:01:44.959 [http-nio-8081-exec-2] INFO  o.t.messageresolver.AbstractMessageResolver - [THYMELEAF] INITIALIZING MESSAGE RESOLVER: org.thymeleaf.spring4.messageresolver.SpringMessageResolver
2019-04-15 09:01:44.959 [http-nio-8081-exec-2] INFO  o.t.messageresolver.AbstractMessageResolver - [THYMELEAF] MESSAGE RESOLVER INITIALIZED OK
2019-04-15 09:01:44.961 [http-nio-8081-exec-2] INFO  org.thymeleaf.TemplateEngine.CONFIG - [THYMELEAF] TEMPLATE ENGINE CONFIGURATION:
[THYMELEAF] * Cache Factory implementation: org.thymeleaf.cache.StandardCacheManager
[THYMELEAF] * Template modes:
[THYMELEAF]     * XHTML
[THYMELEAF]     * VALIDXHTML
[THYMELEAF]     * VALIDXML
[THYMELEAF]     * HTML5
[THYMELEAF]     * LEGACYHTML5
[THYMELEAF]     * XML
[THYMELEAF] * Template resolvers (in order):
[THYMELEAF]     * org.thymeleaf.spring4.templateresolver.SpringResourceTemplateResolver
[THYMELEAF] * Message resolvers (in order):
[THYMELEAF]     * org.thymeleaf.spring4.messageresolver.SpringMessageResolver
[THYMELEAF] * Dialect [1 of 2]: org.thymeleaf.spring4.dialect.SpringStandardDialect
[THYMELEAF]     * Prefix: "th"
[THYMELEAF] * Dialect [2 of 2]: nz.net.ultraq.thymeleaf.LayoutDialect
[THYMELEAF]     * Prefix: "layout"
[THYMELEAF] TEMPLATE ENGINE CONFIGURED OK
2019-04-15 09:01:44.962 [http-nio-8081-exec-2] INFO  org.thymeleaf.TemplateEngine - [THYMELEAF] TEMPLATE ENGINE INITIALIZED
2019-04-15 09:09:17.473 [Thread-33] INFO  o.s.b.c.e.AnnotationConfigEmbeddedWebApplicationContext - Closing org.springframework.boot.context.embedded.AnnotationConfigEmbeddedWebApplicationContext@46553766: startup date [Mon Apr 15 09:01:14 CST 2019]; root of context hierarchy
2019-04-15 09:09:17.547 [Thread-33] INFO  o.s.jmx.export.annotation.AnnotationMBeanExporter - Unregistering JMX-exposed beans on shutdown
